<?xml version="1.0" encoding="UTF-8"?>
<!-- Generated by org.testng.reporters.JUnitReportReporter -->
<testsuite hostname="retina.dellroad.org" name="org.jsimpledb.util.UnsignedIntEncoderTest" tests="1000" failures="0" timestamp="24 Aug 2015 22:16:26 GMT" time="0.030" errors="0">
  <testcase name="testRandomUnsignedIntEncoding" time="0.000" classname="org.jsimpledb.util.UnsignedIntEncoderTest"/>
  <testcase name="testRandomUnsignedIntEncoding" time="0.000" classname="org.jsimpledb.util.UnsignedIntEncoderTest"/>
  <testcase name="testRandomUnsignedIntEncoding" time="0.000" classname="org.jsimpledb.util.UnsignedIntEncoderTest"/>
  <testcase name="testRandomUnsignedIntEncoding" time="0.000" classname="org.jsimpledb.util.UnsignedIntEncoderTest"/>
  <testcase name="testRandomUnsignedIntEncoding" time="0.000" classname="org.jsimpledb.util.UnsignedIntEncoderTest"/>
  <testcase name="testRandomUnsignedIntEncoding" time="0.000" classname="org.jsimpledb.util.UnsignedIntEncoderTest"/>
  <testcase name="testRandomUnsignedIntEncoding" time="0.000" classname="org.jsimpledb.util.UnsignedIntEncoderTest"/>
  <testcase name="testRandomUnsignedIntEncoding" time="0.000" classname="org.jsimpledb.util.UnsignedIntEncoderTest"/>
  <testcase name="testRandomUnsignedIntEncoding" time="0.000" classname="org.jsimpledb.util.UnsignedIntEncoderTest"/>
  <testcase name="testRandomUnsignedIntEncoding" time="0.000" classname="org.jsimpledb.util.UnsignedIntEncoderTest"/>
  <testcase name="testRandomUnsignedIntEncoding" time="0.000" classname="org.jsimpledb.util.UnsignedIntEncoderTest"/>
  <testcase name="testRandomUnsignedIntEncoding" time="0.000" classname="org.jsimpledb.util.UnsignedIntEncoderTest"/>
  <testcase name="testRandomUnsignedIntEncoding" time="0.000" classname="org.jsimpledb.util.UnsignedIntEncoderTest"/>
  <testcase name="testRandomUnsignedIntEncoding" time="0.000" classname="org.jsimpledb.util.UnsignedIntEncoderTest"/>
  <testcase name="testRandomUnsignedIntEncoding" time="0.000" classname="org.jsimpledb.util.UnsignedIntEncoderTest"/>
  <testcase name="testRandomUnsignedIntEncoding" time="0.000" classname="org.jsimpledb.util.UnsignedIntEncoderTest"/>
  <testcase name="testRandomUnsignedIntEncoding" time="0.000" classname="org.jsimpledb.util.UnsignedIntEncoderTest"/>
  <testcase name="testRandomUnsignedIntEncoding" time="0.000" classname="org.jsimpledb.util.UnsignedIntEncoderTest"/>
  <testcase name="testRandomUnsignedIntEncoding" time="0.000" classname="org.jsimpledb.util.UnsignedIntEncoderTest"/>
  <testcase name="testRandomUnsignedIntEncoding" time="0.000" classname="org.jsimpledb.util.UnsignedIntEncoderTest"/>
  <testcase name="testRandomUnsignedIntEncoding" time="0.000" classname="org.jsimpledb.util.UnsignedIntEncoderTest"/>
  <testcase name="testRandomUnsignedIntEncoding" time="0.000" classname="org.jsimpledb.util.UnsignedIntEncoderTest"/>
  <testcase name="testRandomUnsignedIntEncoding" time="0.000" classname="org.jsimpledb.util.UnsignedIntEncoderTest"/>
  <testcase name="testRandomUnsignedIntEncoding" time="0.000" classname="org.jsimpledb.util.UnsignedIntEncoderTest"/>
  <testcase name="testRandomUnsignedIntEncoding" time="0.000" classname="org.jsimpledb.util.UnsignedIntEncoderTest"/>
  <testcase name="testRandomUnsignedIntEncoding" time="0.000" classname="org.jsimpledb.util.UnsignedIntEncoderTest"/>
  <testcase name="testRandomUnsignedIntEncoding" time="0.000" classname="org.jsimpledb.util.UnsignedIntEncoderTest"/>
  <testcase name="testRandomUnsignedIntEncoding" time="0.000" classname="org.jsimpledb.util.UnsignedIntEncoderTest"/>
  <testcase name="testRandomUnsignedIntEncoding" time="0.000" classname="org.jsimpledb.util.UnsignedIntEncoderTest"/>
  <testcase name="testRandomUnsignedIntEncoding" time="0.000" classname="org.jsimpledb.util.UnsignedIntEncoderTest"/>
  <testcase name="testRandomUnsignedIntEncoding" time="0.000" classname="org.jsimpledb.util.UnsignedIntEncoderTest"/>
  <testcase name="testRandomUnsignedIntEncoding" time="0.000" classname="org.jsimpledb.util.UnsignedIntEncoderTest"/>
  <testcase name="testRandomUnsignedIntEncoding" time="0.000" classname="org.jsimpledb.util.UnsignedIntEncoderTest"/>
  <testcase name="testRandomUnsignedIntEncoding" time="0.000" classname="org.jsimpledb.util.UnsignedIntEncoderTest"/>
  <testcase name="testRandomUnsignedIntEncoding" time="0.000" classname="org.jsimpledb.util.UnsignedIntEncoderTest"/>
  <testcase name="testRandomUnsignedIntEncoding" time="0.000" classname="org.jsimpledb.util.UnsignedIntEncoderTest"/>
  <testcase name="testRandomUnsignedIntEncoding" time="0.000" classname="org.jsimpledb.util.UnsignedIntEncoderTest"/>
  <testcase name="testRandomUnsignedIntEncoding" time="0.000" classname="org.jsimpledb.util.UnsignedIntEncoderTest"/>
  <testcase name="testRandomUnsignedIntEncoding" time="0.000" classname="org.jsimpledb.util.UnsignedIntEncoderTest"/>
  <testcase name="testRandomUnsignedIntEncoding" time="0.000" classname="org.jsimpledb.util.UnsignedIntEncoderTest"/>
  <testcase name="testRandomUnsignedIntEncoding" time="0.000" classname="org.jsimpledb.util.UnsignedIntEncoderTest"/>
  <testcase name="testRandomUnsignedIntEncoding" time="0.000" classname="org.jsimpledb.util.UnsignedIntEncoderTest"/>
  <testcase name="testRandomUnsignedIntEncoding" time="0.000" classname="org.jsimpledb.util.UnsignedIntEncoderTest"/>
  <testcase name="testRandomUnsignedIntEncoding" time="0.000" classname="org.jsimpledb.util.UnsignedIntEncoderTest"/>
  <testcase name="testRandomUnsignedIntEncoding" time="0.000" classname="org.jsimpledb.util.UnsignedIntEncoderTest"/>
  <testcase name="testRandomUnsignedIntEncoding" time="0.000" classname="org.jsimpledb.util.UnsignedIntEncoderTest"/>
  <testcase name="testRandomUnsignedIntEncoding" time="0.000" classname="org.jsimpledb.util.UnsignedIntEncoderTest"/>
  <testcase name="testRandomUnsignedIntEncoding" time="0.000" classname="org.jsimpledb.util.UnsignedIntEncoderTest"/>
  <testcase name="testRandomUnsignedIntEncoding" time="0.000" classname="org.jsimpledb.util.UnsignedIntEncoderTest"/>
  <testcase name="testRandomUnsignedIntEncoding" time="0.000" classname="org.jsimpledb.util.UnsignedIntEncoderTest"/>
  <testcase name="testRandomUnsignedIntEncoding" time="0.000" classname="org.jsimpledb.util.UnsignedIntEncoderTest"/>
  <testcase name="testRandomUnsignedIntEncoding" time="0.000" classname="org.jsimpledb.util.UnsignedIntEncoderTest"/>
  <testcase name="testRandomUnsignedIntEncoding" time="0.000" classname="org.jsimpledb.util.UnsignedIntEncoderTest"/>
  <testcase name="testRandomUnsignedIntEncoding" time="0.000" classname="org.jsimpledb.util.UnsignedIntEncoderTest"/>
  <testcase name="testRandomUnsignedIntEncoding" time="0.000" classname="org.jsimpledb.util.UnsignedIntEncoderTest"/>
  <testcase name="testRandomUnsignedIntEncoding" time="0.000" classname="org.jsimpledb.util.UnsignedIntEncoderTest"/>
  <testcase name="testRandomUnsignedIntEncoding" time="0.000" classname="org.jsimpledb.util.UnsignedIntEncoderTest"/>
  <testcase name="testRandomUnsignedIntEncoding" time="0.000" classname="org.jsimpledb.util.UnsignedIntEncoderTest"/>
  <testcase name="testRandomUnsignedIntEncoding" time="0.000" classname="org.jsimpledb.util.UnsignedIntEncoderTest"/>
  <testcase name="testRandomUnsignedIntEncoding" time="0.000" classname="org.jsimpledb.util.UnsignedIntEncoderTest"/>
  <testcase name="testRandomUnsignedIntEncoding" time="0.000" classname="org.jsimpledb.util.UnsignedIntEncoderTest"/>
  <testcase name="testRandomUnsignedIntEncoding" time="0.000" classname="org.jsimpledb.util.UnsignedIntEncoderTest"/>
  <testcase name="testRandomUnsignedIntEncoding" time="0.000" classname="org.jsimpledb.util.UnsignedIntEncoderTest"/>
  <testcase name="testRandomUnsignedIntEncoding" time="0.000" classname="org.jsimpledb.util.UnsignedIntEncoderTest"/>
  <testcase name="testRandomUnsignedIntEncoding" time="0.000" classname="org.jsimpledb.util.UnsignedIntEncoderTest"/>
  <testcase name="testRandomUnsignedIntEncoding" time="0.000" classname="org.jsimpledb.util.UnsignedIntEncoderTest"/>
  <testcase name="testRandomUnsignedIntEncoding" time="0.000" classname="org.jsimpledb.util.UnsignedIntEncoderTest"/>
  <testcase name="testRandomUnsignedIntEncoding" time="0.000" classname="org.jsimpledb.util.UnsignedIntEncoderTest"/>
  <testcase name="testRandomUnsignedIntEncoding" time="0.001" classname="org.jsimpledb.util.UnsignedIntEncoderTest"/>
  <testcase name="testRandomUnsignedIntEncoding" time="0.000" classname="org.jsimpledb.util.UnsignedIntEncoderTest"/>
  <testcase name="testRandomUnsignedIntEncoding" time="0.000" classname="org.jsimpledb.util.UnsignedIntEncoderTest"/>
  <testcase name="testRandomUnsignedIntEncoding" time="0.000" classname="org.jsimpledb.util.UnsignedIntEncoderTest"/>
  <testcase name="testRandomUnsignedIntEncoding" time="0.000" classname="org.jsimpledb.util.UnsignedIntEncoderTest"/>
  <testcase name="testRandomUnsignedIntEncoding" time="0.001" classname="org.jsimpledb.util.UnsignedIntEncoderTest"/>
  <testcase name="testRandomUnsignedIntEncoding" time="0.000" classname="org.jsimpledb.util.UnsignedIntEncoderTest"/>
  <testcase name="testRandomUnsignedIntEncoding" time="0.000" classname="org.jsimpledb.util.UnsignedIntEncoderTest"/>
  <testcase name="testRandomUnsignedIntEncoding" time="0.000" classname="org.jsimpledb.util.UnsignedIntEncoderTest"/>
  <testcase name="testRandomUnsignedIntEncoding" time="0.000" classname="org.jsimpledb.util.UnsignedIntEncoderTest"/>
  <testcase name="testRandomUnsignedIntEncoding" time="0.000" classname="org.jsimpledb.util.UnsignedIntEncoderTest"/>
  <testcase name="testRandomUnsignedIntEncoding" time="0.000" classname="org.jsimpledb.util.UnsignedIntEncoderTest"/>
  <testcase name="testRandomUnsignedIntEncoding" time="0.001" classname="org.jsimpledb.util.UnsignedIntEncoderTest"/>
  <testcase name="testRandomUnsignedIntEncoding" time="0.000" classname="org.jsimpledb.util.UnsignedIntEncoderTest"/>
  <testcase name="testRandomUnsignedIntEncoding" time="0.000" classname="org.jsimpledb.util.UnsignedIntEncoderTest"/>
  <testcase name="testRandomUnsignedIntEncoding" time="0.000" classname="org.jsimpledb.util.UnsignedIntEncoderTest"/>
  <testcase name="testRandomUnsignedIntEncoding" time="0.000" classname="org.jsimpledb.util.UnsignedIntEncoderTest"/>
  <testcase name="testRandomUnsignedIntEncoding" time="0.000" classname="org.jsimpledb.util.UnsignedIntEncoderTest"/>
  <testcase name="testRandomUnsignedIntEncoding" time="0.000" classname="org.jsimpledb.util.UnsignedIntEncoderTest"/>
  <testcase name="testRandomUnsignedIntEncoding" time="0.000" classname="org.jsimpledb.util.UnsignedIntEncoderTest"/>
  <testcase name="testRandomUnsignedIntEncoding" time="0.000" classname="org.jsimpledb.util.UnsignedIntEncoderTest"/>
  <testcase name="testRandomUnsignedIntEncoding" time="0.000" classname="org.jsimpledb.util.UnsignedIntEncoderTest"/>
  <testcase name="testRandomUnsignedIntEncoding" time="0.000" classname="org.jsimpledb.util.UnsignedIntEncoderTest"/>
  <testcase name="testRandomUnsignedIntEncoding" time="0.000" classname="org.jsimpledb.util.UnsignedIntEncoderTest"/>
  <testcase name="testRandomUnsignedIntEncoding" time="0.000" classname="org.jsimpledb.util.UnsignedIntEncoderTest"/>
  <testcase name="testRandomUnsignedIntEncoding" time="0.000" classname="org.jsimpledb.util.UnsignedIntEncoderTest"/>
  <testcase name="testRandomUnsignedIntEncoding" time="0.000" classname="org.jsimpledb.util.UnsignedIntEncoderTest"/>
  <testcase name="testRandomUnsignedIntEncoding" time="0.000" classname="org.jsimpledb.util.UnsignedIntEncoderTest"/>
  <testcase name="testRandomUnsignedIntEncoding" time="0.000" classname="org.jsimpledb.util.UnsignedIntEncoderTest"/>
  <testcase name="testRandomUnsignedIntEncoding" time="0.000" classname="org.jsimpledb.util.UnsignedIntEncoderTest"/>
  <testcase name="testRandomUnsignedIntEncoding" time="0.000" classname="org.jsimpledb.util.UnsignedIntEncoderTest"/>
  <testcase name="testRandomUnsignedIntEncoding" time="0.000" classname="org.jsimpledb.util.UnsignedIntEncoderTest"/>
  <testcase name="testRandomUnsignedIntEncoding" time="0.000" classname="org.jsimpledb.util.UnsignedIntEncoderTest"/>
  <testcase name="testRandomUnsignedIntEncoding" time="0.000" classname="org.jsimpledb.util.UnsignedIntEncoderTest"/>
  <testcase name="testRandomUnsignedIntEncoding" time="0.001" classname="org.jsimpledb.util.UnsignedIntEncoderTest"/>
  <testcase name="testRandomUnsignedIntEncoding" time="0.000" classname="org.jsimpledb.util.UnsignedIntEncoderTest"/>
  <testcase name="testRandomUnsignedIntEncoding" time="0.000" classname="org.jsimpledb.util.UnsignedIntEncoderTest"/>
  <testcase name="testRandomUnsignedIntEncoding" time="0.000" classname="org.jsimpledb.util.UnsignedIntEncoderTest"/>
  <testcase name="testRandomUnsignedIntEncoding" time="0.000" classname="org.jsimpledb.util.UnsignedIntEncoderTest"/>
  <testcase name="testRandomUnsignedIntEncoding" time="0.000" classname="org.jsimpledb.util.UnsignedIntEncoderTest"/>
  <testcase name="testRandomUnsignedIntEncoding" time="0.000" classname="org.jsimpledb.util.UnsignedIntEncoderTest"/>
  <testcase name="testRandomUnsignedIntEncoding" time="0.000" classname="org.jsimpledb.util.UnsignedIntEncoderTest"/>
  <testcase name="testRandomUnsignedIntEncoding" time="0.000" classname="org.jsimpledb.util.UnsignedIntEncoderTest"/>
  <testcase name="testRandomUnsignedIntEncoding" time="0.000" classname="org.jsimpledb.util.UnsignedIntEncoderTest"/>
  <testcase name="testRandomUnsignedIntEncoding" time="0.000" classname="org.jsimpledb.util.UnsignedIntEncoderTest"/>
  <testcase name="testRandomUnsignedIntEncoding" time="0.000" classname="org.jsimpledb.util.UnsignedIntEncoderTest"/>
  <testcase name="testRandomUnsignedIntEncoding" time="0.000" classname="org.jsimpledb.util.UnsignedIntEncoderTest"/>
  <testcase name="testRandomUnsignedIntEncoding" time="0.000" classname="org.jsimpledb.util.UnsignedIntEncoderTest"/>
  <testcase name="testRandomUnsignedIntEncoding" time="0.000" classname="org.jsimpledb.util.UnsignedIntEncoderTest"/>
  <testcase name="testRandomUnsignedIntEncoding" time="0.000" classname="org.jsimpledb.util.UnsignedIntEncoderTest"/>
  <testcase name="testRandomUnsignedIntEncoding" time="0.001" classname="org.jsimpledb.util.UnsignedIntEncoderTest"/>
  <testcase name="testRandomUnsignedIntEncoding" time="0.000" classname="org.jsimpledb.util.UnsignedIntEncoderTest"/>
  <testcase name="testRandomUnsignedIntEncoding" time="0.000" classname="org.jsimpledb.util.UnsignedIntEncoderTest"/>
  <testcase name="testRandomUnsignedIntEncoding" time="0.000" classname="org.jsimpledb.util.UnsignedIntEncoderTest"/>
  <testcase name="testRandomUnsignedIntEncoding" time="0.000" classname="org.jsimpledb.util.UnsignedIntEncoderTest"/>
  <testcase name="testRandomUnsignedIntEncoding" time="0.000" classname="org.jsimpledb.util.UnsignedIntEncoderTest"/>
  <testcase name="testRandomUnsignedIntEncoding" time="0.000" classname="org.jsimpledb.util.UnsignedIntEncoderTest"/>
  <testcase name="testRandomUnsignedIntEncoding" time="0.000" classname="org.jsimpledb.util.UnsignedIntEncoderTest"/>
  <testcase name="testRandomUnsignedIntEncoding" time="0.000" classname="org.jsimpledb.util.UnsignedIntEncoderTest"/>
  <testcase name="testRandomUnsignedIntEncoding" time="0.000" classname="org.jsimpledb.util.UnsignedIntEncoderTest"/>
  <testcase name="testRandomUnsignedIntEncoding" time="0.000" classname="org.jsimpledb.util.UnsignedIntEncoderTest"/>
  <testcase name="testRandomUnsignedIntEncoding" time="0.000" classname="org.jsimpledb.util.UnsignedIntEncoderTest"/>
  <testcase name="testRandomUnsignedIntEncoding" time="0.000" classname="org.jsimpledb.util.UnsignedIntEncoderTest"/>
  <testcase name="testRandomUnsignedIntEncoding" time="0.000" classname="org.jsimpledb.util.UnsignedIntEncoderTest"/>
  <testcase name="testRandomUnsignedIntEncoding" time="0.000" classname="org.jsimpledb.util.UnsignedIntEncoderTest"/>
  <testcase name="testRandomUnsignedIntEncoding" time="0.000" classname="org.jsimpledb.util.UnsignedIntEncoderTest"/>
  <testcase name="testRandomUnsignedIntEncoding" time="0.000" classname="org.jsimpledb.util.UnsignedIntEncoderTest"/>
  <testcase name="testRandomUnsignedIntEncoding" time="0.000" classname="org.jsimpledb.util.UnsignedIntEncoderTest"/>
  <testcase name="testRandomUnsignedIntEncoding" time="0.000" classname="org.jsimpledb.util.UnsignedIntEncoderTest"/>
  <testcase name="testRandomUnsignedIntEncoding" time="0.000" classname="org.jsimpledb.util.UnsignedIntEncoderTest"/>
  <testcase name="testRandomUnsignedIntEncoding" time="0.000" classname="org.jsimpledb.util.UnsignedIntEncoderTest"/>
  <testcase name="testRandomUnsignedIntEncoding" time="0.000" classname="org.jsimpledb.util.UnsignedIntEncoderTest"/>
  <testcase name="testRandomUnsignedIntEncoding" time="0.000" classname="org.jsimpledb.util.UnsignedIntEncoderTest"/>
  <testcase name="testRandomUnsignedIntEncoding" time="0.000" classname="org.jsimpledb.util.UnsignedIntEncoderTest"/>
  <testcase name="testRandomUnsignedIntEncoding" time="0.000" classname="org.jsimpledb.util.UnsignedIntEncoderTest"/>
  <testcase name="testRandomUnsignedIntEncoding" time="0.000" classname="org.jsimpledb.util.UnsignedIntEncoderTest"/>
  <testcase name="testRandomUnsignedIntEncoding" time="0.000" classname="org.jsimpledb.util.UnsignedIntEncoderTest"/>
  <testcase name="testRandomUnsignedIntEncoding" time="0.000" classname="org.jsimpledb.util.UnsignedIntEncoderTest"/>
  <testcase name="testRandomUnsignedIntEncoding" time="0.000" classname="org.jsimpledb.util.UnsignedIntEncoderTest"/>
  <testcase name="testRandomUnsignedIntEncoding" time="0.000" classname="org.jsimpledb.util.UnsignedIntEncoderTest"/>
  <testcase name="testRandomUnsignedIntEncoding" time="0.000" classname="org.jsimpledb.util.UnsignedIntEncoderTest"/>
  <testcase name="testRandomUnsignedIntEncoding" time="0.000" classname="org.jsimpledb.util.UnsignedIntEncoderTest"/>
  <testcase name="testRandomUnsignedIntEncoding" time="0.000" classname="org.jsimpledb.util.UnsignedIntEncoderTest"/>
  <testcase name="testRandomUnsignedIntEncoding" time="0.000" classname="org.jsimpledb.util.UnsignedIntEncoderTest"/>
  <testcase name="testRandomUnsignedIntEncoding" time="0.000" classname="org.jsimpledb.util.UnsignedIntEncoderTest"/>
  <testcase name="testRandomUnsignedIntEncoding" time="0.000" classname="org.jsimpledb.util.UnsignedIntEncoderTest"/>
  <testcase name="testRandomUnsignedIntEncoding" time="0.001" classname="org.jsimpledb.util.UnsignedIntEncoderTest"/>
  <testcase name="testRandomUnsignedIntEncoding" time="0.000" classname="org.jsimpledb.util.UnsignedIntEncoderTest"/>
  <testcase name="testRandomUnsignedIntEncoding" time="0.000" classname="org.jsimpledb.util.UnsignedIntEncoderTest"/>
  <testcase name="testRandomUnsignedIntEncoding" time="0.000" classname="org.jsimpledb.util.UnsignedIntEncoderTest"/>
  <testcase name="testRandomUnsignedIntEncoding" time="0.000" classname="org.jsimpledb.util.UnsignedIntEncoderTest"/>
  <testcase name="testRandomUnsignedIntEncoding" time="0.000" classname="org.jsimpledb.util.UnsignedIntEncoderTest"/>
  <testcase name="testRandomUnsignedIntEncoding" time="0.000" classname="org.jsimpledb.util.UnsignedIntEncoderTest"/>
  <testcase name="testRandomUnsignedIntEncoding" time="0.000" classname="org.jsimpledb.util.UnsignedIntEncoderTest"/>
  <testcase name="testRandomUnsignedIntEncoding" time="0.000" classname="org.jsimpledb.util.UnsignedIntEncoderTest"/>
  <testcase name="testRandomUnsignedIntEncoding" time="0.000" classname="org.jsimpledb.util.UnsignedIntEncoderTest"/>
  <testcase name="testRandomUnsignedIntEncoding" time="0.000" classname="org.jsimpledb.util.UnsignedIntEncoderTest"/>
  <testcase name="testRandomUnsignedIntEncoding" time="0.000" classname="org.jsimpledb.util.UnsignedIntEncoderTest"/>
  <testcase name="testRandomUnsignedIntEncoding" time="0.000" classname="org.jsimpledb.util.UnsignedIntEncoderTest"/>
  <testcase name="testRandomUnsignedIntEncoding" time="0.000" classname="org.jsimpledb.util.UnsignedIntEncoderTest"/>
  <testcase name="testRandomUnsignedIntEncoding" time="0.000" classname="org.jsimpledb.util.UnsignedIntEncoderTest"/>
  <testcase name="testRandomUnsignedIntEncoding" time="0.000" classname="org.jsimpledb.util.UnsignedIntEncoderTest"/>
  <testcase name="testRandomUnsignedIntEncoding" time="0.000" classname="org.jsimpledb.util.UnsignedIntEncoderTest"/>
  <testcase name="testRandomUnsignedIntEncoding" time="0.000" classname="org.jsimpledb.util.UnsignedIntEncoderTest"/>
  <testcase name="testRandomUnsignedIntEncoding" time="0.000" classname="org.jsimpledb.util.UnsignedIntEncoderTest"/>
  <testcase name="testRandomUnsignedIntEncoding" time="0.000" classname="org.jsimpledb.util.UnsignedIntEncoderTest"/>
  <testcase name="testRandomUnsignedIntEncoding" time="0.000" classname="org.jsimpledb.util.UnsignedIntEncoderTest"/>
  <testcase name="testRandomUnsignedIntEncoding" time="0.000" classname="org.jsimpledb.util.UnsignedIntEncoderTest"/>
  <testcase name="testRandomUnsignedIntEncoding" time="0.000" classname="org.jsimpledb.util.UnsignedIntEncoderTest"/>
  <testcase name="testRandomUnsignedIntEncoding" time="0.000" classname="org.jsimpledb.util.UnsignedIntEncoderTest"/>
  <testcase name="testRandomUnsignedIntEncoding" time="0.000" classname="org.jsimpledb.util.UnsignedIntEncoderTest"/>
  <testcase name="testRandomUnsignedIntEncoding" time="0.000" classname="org.jsimpledb.util.UnsignedIntEncoderTest"/>
  <testcase name="testRandomUnsignedIntEncoding" time="0.000" classname="org.jsimpledb.util.UnsignedIntEncoderTest"/>
  <testcase name="testRandomUnsignedIntEncoding" time="0.000" classname="org.jsimpledb.util.UnsignedIntEncoderTest"/>
  <testcase name="testRandomUnsignedIntEncoding" time="0.000" classname="org.jsimpledb.util.UnsignedIntEncoderTest"/>
  <testcase name="testRandomUnsignedIntEncoding" time="0.000" classname="org.jsimpledb.util.UnsignedIntEncoderTest"/>
  <testcase name="testRandomUnsignedIntEncoding" time="0.000" classname="org.jsimpledb.util.UnsignedIntEncoderTest"/>
  <testcase name="testRandomUnsignedIntEncoding" time="0.001" classname="org.jsimpledb.util.UnsignedIntEncoderTest"/>
  <testcase name="testRandomUnsignedIntEncoding" time="0.000" classname="org.jsimpledb.util.UnsignedIntEncoderTest"/>
  <testcase name="testRandomUnsignedIntEncoding" time="0.000" classname="org.jsimpledb.util.UnsignedIntEncoderTest"/>
  <testcase name="testRandomUnsignedIntEncoding" time="0.000" classname="org.jsimpledb.util.UnsignedIntEncoderTest"/>
  <testcase name="testRandomUnsignedIntEncoding" time="0.000" classname="org.jsimpledb.util.UnsignedIntEncoderTest"/>
  <testcase name="testRandomUnsignedIntEncoding" time="0.000" classname="org.jsimpledb.util.UnsignedIntEncoderTest"/>
  <testcase name="testRandomUnsignedIntEncoding" time="0.000" classname="org.jsimpledb.util.UnsignedIntEncoderTest"/>
  <testcase name="testRandomUnsignedIntEncoding" time="0.000" classname="org.jsimpledb.util.UnsignedIntEncoderTest"/>
  <testcase name="testRandomUnsignedIntEncoding" time="0.000" classname="org.jsimpledb.util.UnsignedIntEncoderTest"/>
  <testcase name="testRandomUnsignedIntEncoding" time="0.000" classname="org.jsimpledb.util.UnsignedIntEncoderTest"/>
  <testcase name="testRandomUnsignedIntEncoding" time="0.000" classname="org.jsimpledb.util.UnsignedIntEncoderTest"/>
  <testcase name="testRandomUnsignedIntEncoding" time="0.000" classname="org.jsimpledb.util.UnsignedIntEncoderTest"/>
  <testcase name="testRandomUnsignedIntEncoding" time="0.000" classname="org.jsimpledb.util.UnsignedIntEncoderTest"/>
  <testcase name="testRandomUnsignedIntEncoding" time="0.000" classname="org.jsimpledb.util.UnsignedIntEncoderTest"/>
  <testcase name="testRandomUnsignedIntEncoding" time="0.000" classname="org.jsimpledb.util.UnsignedIntEncoderTest"/>
  <testcase name="testRandomUnsignedIntEncoding" time="0.000" classname="org.jsimpledb.util.UnsignedIntEncoderTest"/>
  <testcase name="testRandomUnsignedIntEncoding" time="0.000" classname="org.jsimpledb.util.UnsignedIntEncoderTest"/>
  <testcase name="testRandomUnsignedIntEncoding" time="0.000" classname="org.jsimpledb.util.UnsignedIntEncoderTest"/>
  <testcase name="testRandomUnsignedIntEncoding" time="0.000" classname="org.jsimpledb.util.UnsignedIntEncoderTest"/>
  <testcase name="testRandomUnsignedIntEncoding" time="0.000" classname="org.jsimpledb.util.UnsignedIntEncoderTest"/>
  <testcase name="testRandomUnsignedIntEncoding" time="0.000" classname="org.jsimpledb.util.UnsignedIntEncoderTest"/>
  <testcase name="testRandomUnsignedIntEncoding" time="0.000" classname="org.jsimpledb.util.UnsignedIntEncoderTest"/>
  <testcase name="testRandomUnsignedIntEncoding" time="0.000" classname="org.jsimpledb.util.UnsignedIntEncoderTest"/>
  <testcase name="testRandomUnsignedIntEncoding" time="0.001" classname="org.jsimpledb.util.UnsignedIntEncoderTest"/>
  <testcase name="testRandomUnsignedIntEncoding" time="0.000" classname="org.jsimpledb.util.UnsignedIntEncoderTest"/>
  <testcase name="testRandomUnsignedIntEncoding" time="0.000" classname="org.jsimpledb.util.UnsignedIntEncoderTest"/>
  <testcase name="testRandomUnsignedIntEncoding" time="0.000" classname="org.jsimpledb.util.UnsignedIntEncoderTest"/>
  <testcase name="testRandomUnsignedIntEncoding" time="0.000" classname="org.jsimpledb.util.UnsignedIntEncoderTest"/>
  <testcase name="testRandomUnsignedIntEncoding" time="0.000" classname="org.jsimpledb.util.UnsignedIntEncoderTest"/>
  <testcase name="testRandomUnsignedIntEncoding" time="0.000" classname="org.jsimpledb.util.UnsignedIntEncoderTest"/>
  <testcase name="testRandomUnsignedIntEncoding" time="0.000" classname="org.jsimpledb.util.UnsignedIntEncoderTest"/>
  <testcase name="testRandomUnsignedIntEncoding" time="0.000" classname="org.jsimpledb.util.UnsignedIntEncoderTest"/>
  <testcase name="testRandomUnsignedIntEncoding" time="0.000" classname="org.jsimpledb.util.UnsignedIntEncoderTest"/>
  <testcase name="testRandomUnsignedIntEncoding" time="0.000" classname="org.jsimpledb.util.UnsignedIntEncoderTest"/>
  <testcase name="testRandomUnsignedIntEncoding" time="0.000" classname="org.jsimpledb.util.UnsignedIntEncoderTest"/>
  <testcase name="testRandomUnsignedIntEncoding" time="0.000" classname="org.jsimpledb.util.UnsignedIntEncoderTest"/>
  <testcase name="testRandomUnsignedIntEncoding" time="0.000" classname="org.jsimpledb.util.UnsignedIntEncoderTest"/>
  <testcase name="testRandomUnsignedIntEncoding" time="0.000" classname="org.jsimpledb.util.UnsignedIntEncoderTest"/>
  <testcase name="testRandomUnsignedIntEncoding" time="0.000" classname="org.jsimpledb.util.UnsignedIntEncoderTest"/>
  <testcase name="testRandomUnsignedIntEncoding" time="0.000" classname="org.jsimpledb.util.UnsignedIntEncoderTest"/>
  <testcase name="testRandomUnsignedIntEncoding" time="0.000" classname="org.jsimpledb.util.UnsignedIntEncoderTest"/>
  <testcase name="testRandomUnsignedIntEncoding" time="0.000" classname="org.jsimpledb.util.UnsignedIntEncoderTest"/>
  <testcase name="testRandomUnsignedIntEncoding" time="0.000" classname="org.jsimpledb.util.UnsignedIntEncoderTest"/>
  <testcase name="testRandomUnsignedIntEncoding" time="0.000" classname="org.jsimpledb.util.UnsignedIntEncoderTest"/>
  <testcase name="testRandomUnsignedIntEncoding" time="0.000" classname="org.jsimpledb.util.UnsignedIntEncoderTest"/>
  <testcase name="testRandomUnsignedIntEncoding" time="0.000" classname="org.jsimpledb.util.UnsignedIntEncoderTest"/>
  <testcase name="testRandomUnsignedIntEncoding" time="0.000" classname="org.jsimpledb.util.UnsignedIntEncoderTest"/>
  <testcase name="testRandomUnsignedIntEncoding" time="0.000" classname="org.jsimpledb.util.UnsignedIntEncoderTest"/>
  <testcase name="testRandomUnsignedIntEncoding" time="0.000" classname="org.jsimpledb.util.UnsignedIntEncoderTest"/>
  <testcase name="testRandomUnsignedIntEncoding" time="0.000" classname="org.jsimpledb.util.UnsignedIntEncoderTest"/>
  <testcase name="testRandomUnsignedIntEncoding" time="0.000" classname="org.jsimpledb.util.UnsignedIntEncoderTest"/>
  <testcase name="testRandomUnsignedIntEncoding" time="0.000" classname="org.jsimpledb.util.UnsignedIntEncoderTest"/>
  <testcase name="testRandomUnsignedIntEncoding" time="0.000" classname="org.jsimpledb.util.UnsignedIntEncoderTest"/>
  <testcase name="testRandomUnsignedIntEncoding" time="0.000" classname="org.jsimpledb.util.UnsignedIntEncoderTest"/>
  <testcase name="testRandomUnsignedIntEncoding" time="0.000" classname="org.jsimpledb.util.UnsignedIntEncoderTest"/>
  <testcase name="testRandomUnsignedIntEncoding" time="0.000" classname="org.jsimpledb.util.UnsignedIntEncoderTest"/>
  <testcase name="testRandomUnsignedIntEncoding" time="0.000" classname="org.jsimpledb.util.UnsignedIntEncoderTest"/>
  <testcase name="testRandomUnsignedIntEncoding" time="0.000" classname="org.jsimpledb.util.UnsignedIntEncoderTest"/>
  <testcase name="testRandomUnsignedIntEncoding" time="0.000" classname="org.jsimpledb.util.UnsignedIntEncoderTest"/>
  <testcase name="testRandomUnsignedIntEncoding" time="0.000" classname="org.jsimpledb.util.UnsignedIntEncoderTest"/>
  <testcase name="testRandomUnsignedIntEncoding" time="0.000" classname="org.jsimpledb.util.UnsignedIntEncoderTest"/>
  <testcase name="testRandomUnsignedIntEncoding" time="0.000" classname="org.jsimpledb.util.UnsignedIntEncoderTest"/>
  <testcase name="testRandomUnsignedIntEncoding" time="0.000" classname="org.jsimpledb.util.UnsignedIntEncoderTest"/>
  <testcase name="testRandomUnsignedIntEncoding" time="0.000" classname="org.jsimpledb.util.UnsignedIntEncoderTest"/>
  <testcase name="testRandomUnsignedIntEncoding" time="0.000" classname="org.jsimpledb.util.UnsignedIntEncoderTest"/>
  <testcase name="testRandomUnsignedIntEncoding" time="0.000" classname="org.jsimpledb.util.UnsignedIntEncoderTest"/>
  <testcase name="testRandomUnsignedIntEncoding" time="0.000" classname="org.jsimpledb.util.UnsignedIntEncoderTest"/>
  <testcase name="testRandomUnsignedIntEncoding" time="0.000" classname="org.jsimpledb.util.UnsignedIntEncoderTest"/>
  <testcase name="testRandomUnsignedIntEncoding" time="0.000" classname="org.jsimpledb.util.UnsignedIntEncoderTest"/>
  <testcase name="testRandomUnsignedIntEncoding" time="0.000" classname="org.jsimpledb.util.UnsignedIntEncoderTest"/>
  <testcase name="testRandomUnsignedIntEncoding" time="0.000" classname="org.jsimpledb.util.UnsignedIntEncoderTest"/>
  <testcase name="testRandomUnsignedIntEncoding" time="0.000" classname="org.jsimpledb.util.UnsignedIntEncoderTest"/>
  <testcase name="testRandomUnsignedIntEncoding" time="0.000" classname="org.jsimpledb.util.UnsignedIntEncoderTest"/>
  <testcase name="testRandomUnsignedIntEncoding" time="0.000" classname="org.jsimpledb.util.UnsignedIntEncoderTest"/>
  <testcase name="testRandomUnsignedIntEncoding" time="0.000" classname="org.jsimpledb.util.UnsignedIntEncoderTest"/>
  <testcase name="testRandomUnsignedIntEncoding" time="0.000" classname="org.jsimpledb.util.UnsignedIntEncoderTest"/>
  <testcase name="testRandomUnsignedIntEncoding" time="0.000" classname="org.jsimpledb.util.UnsignedIntEncoderTest"/>
  <testcase name="testRandomUnsignedIntEncoding" time="0.000" classname="org.jsimpledb.util.UnsignedIntEncoderTest"/>
  <testcase name="testRandomUnsignedIntEncoding" time="0.000" classname="org.jsimpledb.util.UnsignedIntEncoderTest"/>
  <testcase name="testRandomUnsignedIntEncoding" time="0.000" classname="org.jsimpledb.util.UnsignedIntEncoderTest"/>
  <testcase name="testRandomUnsignedIntEncoding" time="0.000" classname="org.jsimpledb.util.UnsignedIntEncoderTest"/>
  <testcase name="testRandomUnsignedIntEncoding" time="0.000" classname="org.jsimpledb.util.UnsignedIntEncoderTest"/>
  <testcase name="testRandomUnsignedIntEncoding" time="0.000" classname="org.jsimpledb.util.UnsignedIntEncoderTest"/>
  <testcase name="testRandomUnsignedIntEncoding" time="0.000" classname="org.jsimpledb.util.UnsignedIntEncoderTest"/>
  <testcase name="testRandomUnsignedIntEncoding" time="0.000" classname="org.jsimpledb.util.UnsignedIntEncoderTest"/>
  <testcase name="testRandomUnsignedIntEncoding" time="0.000" classname="org.jsimpledb.util.UnsignedIntEncoderTest"/>
  <testcase name="testRandomUnsignedIntEncoding" time="0.000" classname="org.jsimpledb.util.UnsignedIntEncoderTest"/>
  <testcase name="testRandomUnsignedIntEncoding" time="0.001" classname="org.jsimpledb.util.UnsignedIntEncoderTest"/>
  <testcase name="testRandomUnsignedIntEncoding" time="0.000" classname="org.jsimpledb.util.UnsignedIntEncoderTest"/>
  <testcase name="testRandomUnsignedIntEncoding" time="0.000" classname="org.jsimpledb.util.UnsignedIntEncoderTest"/>
  <testcase name="testRandomUnsignedIntEncoding" time="0.000" classname="org.jsimpledb.util.UnsignedIntEncoderTest"/>
  <testcase name="testRandomUnsignedIntEncoding" time="0.000" classname="org.jsimpledb.util.UnsignedIntEncoderTest"/>
  <testcase name="testRandomUnsignedIntEncoding" time="0.000" classname="org.jsimpledb.util.UnsignedIntEncoderTest"/>
  <testcase name="testRandomUnsignedIntEncoding" time="0.000" classname="org.jsimpledb.util.UnsignedIntEncoderTest"/>
  <testcase name="testRandomUnsignedIntEncoding" time="0.000" classname="org.jsimpledb.util.UnsignedIntEncoderTest"/>
  <testcase name="testRandomUnsignedIntEncoding" time="0.000" classname="org.jsimpledb.util.UnsignedIntEncoderTest"/>
  <testcase name="testRandomUnsignedIntEncoding" time="0.000" classname="org.jsimpledb.util.UnsignedIntEncoderTest"/>
  <testcase name="testRandomUnsignedIntEncoding" time="0.000" classname="org.jsimpledb.util.UnsignedIntEncoderTest"/>
  <testcase name="testRandomUnsignedIntEncoding" time="0.000" classname="org.jsimpledb.util.UnsignedIntEncoderTest"/>
  <testcase name="testRandomUnsignedIntEncoding" time="0.000" classname="org.jsimpledb.util.UnsignedIntEncoderTest"/>
  <testcase name="testRandomUnsignedIntEncoding" time="0.000" classname="org.jsimpledb.util.UnsignedIntEncoderTest"/>
  <testcase name="testRandomUnsignedIntEncoding" time="0.000" classname="org.jsimpledb.util.UnsignedIntEncoderTest"/>
  <testcase name="testRandomUnsignedIntEncoding" time="0.000" classname="org.jsimpledb.util.UnsignedIntEncoderTest"/>
  <testcase name="testRandomUnsignedIntEncoding" time="0.000" classname="org.jsimpledb.util.UnsignedIntEncoderTest"/>
  <testcase name="testRandomUnsignedIntEncoding" time="0.000" classname="org.jsimpledb.util.UnsignedIntEncoderTest"/>
  <testcase name="testRandomUnsignedIntEncoding" time="0.000" classname="org.jsimpledb.util.UnsignedIntEncoderTest"/>
  <testcase name="testRandomUnsignedIntEncoding" time="0.000" classname="org.jsimpledb.util.UnsignedIntEncoderTest"/>
  <testcase name="testRandomUnsignedIntEncoding" time="0.000" classname="org.jsimpledb.util.UnsignedIntEncoderTest"/>
  <testcase name="testRandomUnsignedIntEncoding" time="0.000" classname="org.jsimpledb.util.UnsignedIntEncoderTest"/>
  <testcase name="testRandomUnsignedIntEncoding" time="0.000" classname="org.jsimpledb.util.UnsignedIntEncoderTest"/>
  <testcase name="testRandomUnsignedIntEncoding" time="0.000" classname="org.jsimpledb.util.UnsignedIntEncoderTest"/>
  <testcase name="testRandomUnsignedIntEncoding" time="0.000" classname="org.jsimpledb.util.UnsignedIntEncoderTest"/>
  <testcase name="testRandomUnsignedIntEncoding" time="0.000" classname="org.jsimpledb.util.UnsignedIntEncoderTest"/>
  <testcase name="testRandomUnsignedIntEncoding" time="0.001" classname="org.jsimpledb.util.UnsignedIntEncoderTest"/>
  <testcase name="testRandomUnsignedIntEncoding" time="0.000" classname="org.jsimpledb.util.UnsignedIntEncoderTest"/>
  <testcase name="testRandomUnsignedIntEncoding" time="0.000" classname="org.jsimpledb.util.UnsignedIntEncoderTest"/>
  <testcase name="testRandomUnsignedIntEncoding" time="0.000" classname="org.jsimpledb.util.UnsignedIntEncoderTest"/>
  <testcase name="testRandomUnsignedIntEncoding" time="0.000" classname="org.jsimpledb.util.UnsignedIntEncoderTest"/>
  <testcase name="testRandomUnsignedIntEncoding" time="0.000" classname="org.jsimpledb.util.UnsignedIntEncoderTest"/>
  <testcase name="testRandomUnsignedIntEncoding" time="0.000" classname="org.jsimpledb.util.UnsignedIntEncoderTest"/>
  <testcase name="testRandomUnsignedIntEncoding" time="0.000" classname="org.jsimpledb.util.UnsignedIntEncoderTest"/>
  <testcase name="testRandomUnsignedIntEncoding" time="0.000" classname="org.jsimpledb.util.UnsignedIntEncoderTest"/>
  <testcase name="testRandomUnsignedIntEncoding" time="0.000" classname="org.jsimpledb.util.UnsignedIntEncoderTest"/>
  <testcase name="testRandomUnsignedIntEncoding" time="0.000" classname="org.jsimpledb.util.UnsignedIntEncoderTest"/>
  <testcase name="testRandomUnsignedIntEncoding" time="0.000" classname="org.jsimpledb.util.UnsignedIntEncoderTest"/>
  <testcase name="testRandomUnsignedIntEncoding" time="0.000" classname="org.jsimpledb.util.UnsignedIntEncoderTest"/>
  <testcase name="testRandomUnsignedIntEncoding" time="0.000" classname="org.jsimpledb.util.UnsignedIntEncoderTest"/>
  <testcase name="testRandomUnsignedIntEncoding" time="0.000" classname="org.jsimpledb.util.UnsignedIntEncoderTest"/>
  <testcase name="testRandomUnsignedIntEncoding" time="0.000" classname="org.jsimpledb.util.UnsignedIntEncoderTest"/>
  <testcase name="testRandomUnsignedIntEncoding" time="0.000" classname="org.jsimpledb.util.UnsignedIntEncoderTest"/>
  <testcase name="testRandomUnsignedIntEncoding" time="0.000" classname="org.jsimpledb.util.UnsignedIntEncoderTest"/>
  <testcase name="testRandomUnsignedIntEncoding" time="0.000" classname="org.jsimpledb.util.UnsignedIntEncoderTest"/>
  <testcase name="testRandomUnsignedIntEncoding" time="0.000" classname="org.jsimpledb.util.UnsignedIntEncoderTest"/>
  <testcase name="testRandomUnsignedIntEncoding" time="0.000" classname="org.jsimpledb.util.UnsignedIntEncoderTest"/>
  <testcase name="testRandomUnsignedIntEncoding" time="0.000" classname="org.jsimpledb.util.UnsignedIntEncoderTest"/>
  <testcase name="testRandomUnsignedIntEncoding" time="0.000" classname="org.jsimpledb.util.UnsignedIntEncoderTest"/>
  <testcase name="testRandomUnsignedIntEncoding" time="0.000" classname="org.jsimpledb.util.UnsignedIntEncoderTest"/>
  <testcase name="testRandomUnsignedIntEncoding" time="0.000" classname="org.jsimpledb.util.UnsignedIntEncoderTest"/>
  <testcase name="testRandomUnsignedIntEncoding" time="0.000" classname="org.jsimpledb.util.UnsignedIntEncoderTest"/>
  <testcase name="testRandomUnsignedIntEncoding" time="0.000" classname="org.jsimpledb.util.UnsignedIntEncoderTest"/>
  <testcase name="testRandomUnsignedIntEncoding" time="0.000" classname="org.jsimpledb.util.UnsignedIntEncoderTest"/>
  <testcase name="testRandomUnsignedIntEncoding" time="0.000" classname="org.jsimpledb.util.UnsignedIntEncoderTest"/>
  <testcase name="testRandomUnsignedIntEncoding" time="0.000" classname="org.jsimpledb.util.UnsignedIntEncoderTest"/>
  <testcase name="testRandomUnsignedIntEncoding" time="0.000" classname="org.jsimpledb.util.UnsignedIntEncoderTest"/>
  <testcase name="testRandomUnsignedIntEncoding" time="0.000" classname="org.jsimpledb.util.UnsignedIntEncoderTest"/>
  <testcase name="testRandomUnsignedIntEncoding" time="0.000" classname="org.jsimpledb.util.UnsignedIntEncoderTest"/>
  <testcase name="testRandomUnsignedIntEncoding" time="0.000" classname="org.jsimpledb.util.UnsignedIntEncoderTest"/>
  <testcase name="testRandomUnsignedIntEncoding" time="0.000" classname="org.jsimpledb.util.UnsignedIntEncoderTest"/>
  <testcase name="testRandomUnsignedIntEncoding" time="0.000" classname="org.jsimpledb.util.UnsignedIntEncoderTest"/>
  <testcase name="testRandomUnsignedIntEncoding" time="0.000" classname="org.jsimpledb.util.UnsignedIntEncoderTest"/>
  <testcase name="testRandomUnsignedIntEncoding" time="0.000" classname="org.jsimpledb.util.UnsignedIntEncoderTest"/>
  <testcase name="testRandomUnsignedIntEncoding" time="0.000" classname="org.jsimpledb.util.UnsignedIntEncoderTest"/>
  <testcase name="testRandomUnsignedIntEncoding" time="0.000" classname="org.jsimpledb.util.UnsignedIntEncoderTest"/>
  <testcase name="testRandomUnsignedIntEncoding" time="0.000" classname="org.jsimpledb.util.UnsignedIntEncoderTest"/>
  <testcase name="testRandomUnsignedIntEncoding" time="0.000" classname="org.jsimpledb.util.UnsignedIntEncoderTest"/>
  <testcase name="testRandomUnsignedIntEncoding" time="0.000" classname="org.jsimpledb.util.UnsignedIntEncoderTest"/>
  <testcase name="testRandomUnsignedIntEncoding" time="0.000" classname="org.jsimpledb.util.UnsignedIntEncoderTest"/>
  <testcase name="testRandomUnsignedIntEncoding" time="0.000" classname="org.jsimpledb.util.UnsignedIntEncoderTest"/>
  <testcase name="testRandomUnsignedIntEncoding" time="0.000" classname="org.jsimpledb.util.UnsignedIntEncoderTest"/>
  <testcase name="testRandomUnsignedIntEncoding" time="0.000" classname="org.jsimpledb.util.UnsignedIntEncoderTest"/>
  <testcase name="testRandomUnsignedIntEncoding" time="0.000" classname="org.jsimpledb.util.UnsignedIntEncoderTest"/>
  <testcase name="testRandomUnsignedIntEncoding" time="0.000" classname="org.jsimpledb.util.UnsignedIntEncoderTest"/>
  <testcase name="testRandomUnsignedIntEncoding" time="0.000" classname="org.jsimpledb.util.UnsignedIntEncoderTest"/>
  <testcase name="testRandomUnsignedIntEncoding" time="0.000" classname="org.jsimpledb.util.UnsignedIntEncoderTest"/>
  <testcase name="testRandomUnsignedIntEncoding" time="0.000" classname="org.jsimpledb.util.UnsignedIntEncoderTest"/>
  <testcase name="testRandomUnsignedIntEncoding" time="0.000" classname="org.jsimpledb.util.UnsignedIntEncoderTest"/>
  <testcase name="testRandomUnsignedIntEncoding" time="0.000" classname="org.jsimpledb.util.UnsignedIntEncoderTest"/>
  <testcase name="testRandomUnsignedIntEncoding" time="0.000" classname="org.jsimpledb.util.UnsignedIntEncoderTest"/>
  <testcase name="testRandomUnsignedIntEncoding" time="0.000" classname="org.jsimpledb.util.UnsignedIntEncoderTest"/>
  <testcase name="testRandomUnsignedIntEncoding" time="0.000" classname="org.jsimpledb.util.UnsignedIntEncoderTest"/>
  <testcase name="testRandomUnsignedIntEncoding" time="0.000" classname="org.jsimpledb.util.UnsignedIntEncoderTest"/>
  <testcase name="testRandomUnsignedIntEncoding" time="0.000" classname="org.jsimpledb.util.UnsignedIntEncoderTest"/>
  <testcase name="testRandomUnsignedIntEncoding" time="0.000" classname="org.jsimpledb.util.UnsignedIntEncoderTest"/>
  <testcase name="testRandomUnsignedIntEncoding" time="0.000" classname="org.jsimpledb.util.UnsignedIntEncoderTest"/>
  <testcase name="testRandomUnsignedIntEncoding" time="0.000" classname="org.jsimpledb.util.UnsignedIntEncoderTest"/>
  <testcase name="testRandomUnsignedIntEncoding" time="0.000" classname="org.jsimpledb.util.UnsignedIntEncoderTest"/>
  <testcase name="testRandomUnsignedIntEncoding" time="0.000" classname="org.jsimpledb.util.UnsignedIntEncoderTest"/>
  <testcase name="testRandomUnsignedIntEncoding" time="0.000" classname="org.jsimpledb.util.UnsignedIntEncoderTest"/>
  <testcase name="testRandomUnsignedIntEncoding" time="0.000" classname="org.jsimpledb.util.UnsignedIntEncoderTest"/>
  <testcase name="testRandomUnsignedIntEncoding" time="0.000" classname="org.jsimpledb.util.UnsignedIntEncoderTest"/>
  <testcase name="testRandomUnsignedIntEncoding" time="0.000" classname="org.jsimpledb.util.UnsignedIntEncoderTest"/>
  <testcase name="testRandomUnsignedIntEncoding" time="0.000" classname="org.jsimpledb.util.UnsignedIntEncoderTest"/>
  <testcase name="testRandomUnsignedIntEncoding" time="0.000" classname="org.jsimpledb.util.UnsignedIntEncoderTest"/>
  <testcase name="testRandomUnsignedIntEncoding" time="0.000" classname="org.jsimpledb.util.UnsignedIntEncoderTest"/>
  <testcase name="testRandomUnsignedIntEncoding" time="0.001" classname="org.jsimpledb.util.UnsignedIntEncoderTest"/>
  <testcase name="testRandomUnsignedIntEncoding" time="0.000" classname="org.jsimpledb.util.UnsignedIntEncoderTest"/>
  <testcase name="testRandomUnsignedIntEncoding" time="0.000" classname="org.jsimpledb.util.UnsignedIntEncoderTest"/>
  <testcase name="testRandomUnsignedIntEncoding" time="0.000" classname="org.jsimpledb.util.UnsignedIntEncoderTest"/>
  <testcase name="testRandomUnsignedIntEncoding" time="0.000" classname="org.jsimpledb.util.UnsignedIntEncoderTest"/>
  <testcase name="testRandomUnsignedIntEncoding" time="0.000" classname="org.jsimpledb.util.UnsignedIntEncoderTest"/>
  <testcase name="testRandomUnsignedIntEncoding" time="0.000" classname="org.jsimpledb.util.UnsignedIntEncoderTest"/>
  <testcase name="testRandomUnsignedIntEncoding" time="0.000" classname="org.jsimpledb.util.UnsignedIntEncoderTest"/>
  <testcase name="testRandomUnsignedIntEncoding" time="0.000" classname="org.jsimpledb.util.UnsignedIntEncoderTest"/>
  <testcase name="testRandomUnsignedIntEncoding" time="0.000" classname="org.jsimpledb.util.UnsignedIntEncoderTest"/>
  <testcase name="testRandomUnsignedIntEncoding" time="0.000" classname="org.jsimpledb.util.UnsignedIntEncoderTest"/>
  <testcase name="testRandomUnsignedIntEncoding" time="0.000" classname="org.jsimpledb.util.UnsignedIntEncoderTest"/>
  <testcase name="testRandomUnsignedIntEncoding" time="0.000" classname="org.jsimpledb.util.UnsignedIntEncoderTest"/>
  <testcase name="testRandomUnsignedIntEncoding" time="0.000" classname="org.jsimpledb.util.UnsignedIntEncoderTest"/>
  <testcase name="testRandomUnsignedIntEncoding" time="0.000" classname="org.jsimpledb.util.UnsignedIntEncoderTest"/>
  <testcase name="testRandomUnsignedIntEncoding" time="0.000" classname="org.jsimpledb.util.UnsignedIntEncoderTest"/>
  <testcase name="testRandomUnsignedIntEncoding" time="0.000" classname="org.jsimpledb.util.UnsignedIntEncoderTest"/>
  <testcase name="testRandomUnsignedIntEncoding" time="0.000" classname="org.jsimpledb.util.UnsignedIntEncoderTest"/>
  <testcase name="testRandomUnsignedIntEncoding" time="0.000" classname="org.jsimpledb.util.UnsignedIntEncoderTest"/>
  <testcase name="testRandomUnsignedIntEncoding" time="0.000" classname="org.jsimpledb.util.UnsignedIntEncoderTest"/>
  <testcase name="testRandomUnsignedIntEncoding" time="0.000" classname="org.jsimpledb.util.UnsignedIntEncoderTest"/>
  <testcase name="testRandomUnsignedIntEncoding" time="0.000" classname="org.jsimpledb.util.UnsignedIntEncoderTest"/>
  <testcase name="testRandomUnsignedIntEncoding" time="0.000" classname="org.jsimpledb.util.UnsignedIntEncoderTest"/>
  <testcase name="testRandomUnsignedIntEncoding" time="0.000" classname="org.jsimpledb.util.UnsignedIntEncoderTest"/>
  <testcase name="testRandomUnsignedIntEncoding" time="0.000" classname="org.jsimpledb.util.UnsignedIntEncoderTest"/>
  <testcase name="testRandomUnsignedIntEncoding" time="0.000" classname="org.jsimpledb.util.UnsignedIntEncoderTest"/>
  <testcase name="testRandomUnsignedIntEncoding" time="0.000" classname="org.jsimpledb.util.UnsignedIntEncoderTest"/>
  <testcase name="testRandomUnsignedIntEncoding" time="0.000" classname="org.jsimpledb.util.UnsignedIntEncoderTest"/>
  <testcase name="testRandomUnsignedIntEncoding" time="0.000" classname="org.jsimpledb.util.UnsignedIntEncoderTest"/>
  <testcase name="testRandomUnsignedIntEncoding" time="0.000" classname="org.jsimpledb.util.UnsignedIntEncoderTest"/>
  <testcase name="testRandomUnsignedIntEncoding" time="0.000" classname="org.jsimpledb.util.UnsignedIntEncoderTest"/>
  <testcase name="testRandomUnsignedIntEncoding" time="0.000" classname="org.jsimpledb.util.UnsignedIntEncoderTest"/>
  <testcase name="testRandomUnsignedIntEncoding" time="0.000" classname="org.jsimpledb.util.UnsignedIntEncoderTest"/>
  <testcase name="testRandomUnsignedIntEncoding" time="0.000" classname="org.jsimpledb.util.UnsignedIntEncoderTest"/>
  <testcase name="testRandomUnsignedIntEncoding" time="0.000" classname="org.jsimpledb.util.UnsignedIntEncoderTest"/>
  <testcase name="testRandomUnsignedIntEncoding" time="0.000" classname="org.jsimpledb.util.UnsignedIntEncoderTest"/>
  <testcase name="testRandomUnsignedIntEncoding" time="0.000" classname="org.jsimpledb.util.UnsignedIntEncoderTest"/>
  <testcase name="testRandomUnsignedIntEncoding" time="0.000" classname="org.jsimpledb.util.UnsignedIntEncoderTest"/>
  <testcase name="testRandomUnsignedIntEncoding" time="0.000" classname="org.jsimpledb.util.UnsignedIntEncoderTest"/>
  <testcase name="testRandomUnsignedIntEncoding" time="0.000" classname="org.jsimpledb.util.UnsignedIntEncoderTest"/>
  <testcase name="testRandomUnsignedIntEncoding" time="0.000" classname="org.jsimpledb.util.UnsignedIntEncoderTest"/>
  <testcase name="testRandomUnsignedIntEncoding" time="0.000" classname="org.jsimpledb.util.UnsignedIntEncoderTest"/>
  <testcase name="testRandomUnsignedIntEncoding" time="0.000" classname="org.jsimpledb.util.UnsignedIntEncoderTest"/>
  <testcase name="testRandomUnsignedIntEncoding" time="0.000" classname="org.jsimpledb.util.UnsignedIntEncoderTest"/>
  <testcase name="testRandomUnsignedIntEncoding" time="0.000" classname="org.jsimpledb.util.UnsignedIntEncoderTest"/>
  <testcase name="testRandomUnsignedIntEncoding" time="0.000" classname="org.jsimpledb.util.UnsignedIntEncoderTest"/>
  <testcase name="testRandomUnsignedIntEncoding" time="0.000" classname="org.jsimpledb.util.UnsignedIntEncoderTest"/>
  <testcase name="testRandomUnsignedIntEncoding" time="0.000" classname="org.jsimpledb.util.UnsignedIntEncoderTest"/>
  <testcase name="testRandomUnsignedIntEncoding" time="0.000" classname="org.jsimpledb.util.UnsignedIntEncoderTest"/>
  <testcase name="testRandomUnsignedIntEncoding" time="0.000" classname="org.jsimpledb.util.UnsignedIntEncoderTest"/>
  <testcase name="testRandomUnsignedIntEncoding" time="0.000" classname="org.jsimpledb.util.UnsignedIntEncoderTest"/>
  <testcase name="testRandomUnsignedIntEncoding" time="0.000" classname="org.jsimpledb.util.UnsignedIntEncoderTest"/>
  <testcase name="testRandomUnsignedIntEncoding" time="0.001" classname="org.jsimpledb.util.UnsignedIntEncoderTest"/>
  <testcase name="testRandomUnsignedIntEncoding" time="0.000" classname="org.jsimpledb.util.UnsignedIntEncoderTest"/>
  <testcase name="testRandomUnsignedIntEncoding" time="0.000" classname="org.jsimpledb.util.UnsignedIntEncoderTest"/>
  <testcase name="testRandomUnsignedIntEncoding" time="0.000" classname="org.jsimpledb.util.UnsignedIntEncoderTest"/>
  <testcase name="testRandomUnsignedIntEncoding" time="0.000" classname="org.jsimpledb.util.UnsignedIntEncoderTest"/>
  <testcase name="testRandomUnsignedIntEncoding" time="0.000" classname="org.jsimpledb.util.UnsignedIntEncoderTest"/>
  <testcase name="testRandomUnsignedIntEncoding" time="0.000" classname="org.jsimpledb.util.UnsignedIntEncoderTest"/>
  <testcase name="testRandomUnsignedIntEncoding" time="0.000" classname="org.jsimpledb.util.UnsignedIntEncoderTest"/>
  <testcase name="testRandomUnsignedIntEncoding" time="0.000" classname="org.jsimpledb.util.UnsignedIntEncoderTest"/>
  <testcase name="testRandomUnsignedIntEncoding" time="0.000" classname="org.jsimpledb.util.UnsignedIntEncoderTest"/>
  <testcase name="testRandomUnsignedIntEncoding" time="0.000" classname="org.jsimpledb.util.UnsignedIntEncoderTest"/>
  <testcase name="testRandomUnsignedIntEncoding" time="0.000" classname="org.jsimpledb.util.UnsignedIntEncoderTest"/>
  <testcase name="testRandomUnsignedIntEncoding" time="0.000" classname="org.jsimpledb.util.UnsignedIntEncoderTest"/>
  <testcase name="testRandomUnsignedIntEncoding" time="0.000" classname="org.jsimpledb.util.UnsignedIntEncoderTest"/>
  <testcase name="testRandomUnsignedIntEncoding" time="0.000" classname="org.jsimpledb.util.UnsignedIntEncoderTest"/>
  <testcase name="testRandomUnsignedIntEncoding" time="0.000" classname="org.jsimpledb.util.UnsignedIntEncoderTest"/>
  <testcase name="testRandomUnsignedIntEncoding" time="0.000" classname="org.jsimpledb.util.UnsignedIntEncoderTest"/>
  <testcase name="testRandomUnsignedIntEncoding" time="0.000" classname="org.jsimpledb.util.UnsignedIntEncoderTest"/>
  <testcase name="testRandomUnsignedIntEncoding" time="0.000" classname="org.jsimpledb.util.UnsignedIntEncoderTest"/>
  <testcase name="testRandomUnsignedIntEncoding" time="0.000" classname="org.jsimpledb.util.UnsignedIntEncoderTest"/>
  <testcase name="testRandomUnsignedIntEncoding" time="0.000" classname="org.jsimpledb.util.UnsignedIntEncoderTest"/>
  <testcase name="testRandomUnsignedIntEncoding" time="0.000" classname="org.jsimpledb.util.UnsignedIntEncoderTest"/>
  <testcase name="testRandomUnsignedIntEncoding" time="0.000" classname="org.jsimpledb.util.UnsignedIntEncoderTest"/>
  <testcase name="testRandomUnsignedIntEncoding" time="0.000" classname="org.jsimpledb.util.UnsignedIntEncoderTest"/>
  <testcase name="testRandomUnsignedIntEncoding" time="0.000" classname="org.jsimpledb.util.UnsignedIntEncoderTest"/>
  <testcase name="testRandomUnsignedIntEncoding" time="0.000" classname="org.jsimpledb.util.UnsignedIntEncoderTest"/>
  <testcase name="testRandomUnsignedIntEncoding" time="0.000" classname="org.jsimpledb.util.UnsignedIntEncoderTest"/>
  <testcase name="testRandomUnsignedIntEncoding" time="0.000" classname="org.jsimpledb.util.UnsignedIntEncoderTest"/>
  <testcase name="testRandomUnsignedIntEncoding" time="0.000" classname="org.jsimpledb.util.UnsignedIntEncoderTest"/>
  <testcase name="testRandomUnsignedIntEncoding" time="0.000" classname="org.jsimpledb.util.UnsignedIntEncoderTest"/>
  <testcase name="testRandomUnsignedIntEncoding" time="0.000" classname="org.jsimpledb.util.UnsignedIntEncoderTest"/>
  <testcase name="testRandomUnsignedIntEncoding" time="0.000" classname="org.jsimpledb.util.UnsignedIntEncoderTest"/>
  <testcase name="testRandomUnsignedIntEncoding" time="0.000" classname="org.jsimpledb.util.UnsignedIntEncoderTest"/>
  <testcase name="testRandomUnsignedIntEncoding" time="0.000" classname="org.jsimpledb.util.UnsignedIntEncoderTest"/>
  <testcase name="testRandomUnsignedIntEncoding" time="0.000" classname="org.jsimpledb.util.UnsignedIntEncoderTest"/>
  <testcase name="testRandomUnsignedIntEncoding" time="0.000" classname="org.jsimpledb.util.UnsignedIntEncoderTest"/>
  <testcase name="testRandomUnsignedIntEncoding" time="0.000" classname="org.jsimpledb.util.UnsignedIntEncoderTest"/>
  <testcase name="testRandomUnsignedIntEncoding" time="0.000" classname="org.jsimpledb.util.UnsignedIntEncoderTest"/>
  <testcase name="testRandomUnsignedIntEncoding" time="0.000" classname="org.jsimpledb.util.UnsignedIntEncoderTest"/>
  <testcase name="testRandomUnsignedIntEncoding" time="0.000" classname="org.jsimpledb.util.UnsignedIntEncoderTest"/>
  <testcase name="testRandomUnsignedIntEncoding" time="0.000" classname="org.jsimpledb.util.UnsignedIntEncoderTest"/>
  <testcase name="testRandomUnsignedIntEncoding" time="0.000" classname="org.jsimpledb.util.UnsignedIntEncoderTest"/>
  <testcase name="testRandomUnsignedIntEncoding" time="0.000" classname="org.jsimpledb.util.UnsignedIntEncoderTest"/>
  <testcase name="testRandomUnsignedIntEncoding" time="0.000" classname="org.jsimpledb.util.UnsignedIntEncoderTest"/>
  <testcase name="testRandomUnsignedIntEncoding" time="0.000" classname="org.jsimpledb.util.UnsignedIntEncoderTest"/>
  <testcase name="testRandomUnsignedIntEncoding" time="0.000" classname="org.jsimpledb.util.UnsignedIntEncoderTest"/>
  <testcase name="testRandomUnsignedIntEncoding" time="0.000" classname="org.jsimpledb.util.UnsignedIntEncoderTest"/>
  <testcase name="testRandomUnsignedIntEncoding" time="0.000" classname="org.jsimpledb.util.UnsignedIntEncoderTest"/>
  <testcase name="testRandomUnsignedIntEncoding" time="0.000" classname="org.jsimpledb.util.UnsignedIntEncoderTest"/>
  <testcase name="testRandomUnsignedIntEncoding" time="0.000" classname="org.jsimpledb.util.UnsignedIntEncoderTest"/>
  <testcase name="testRandomUnsignedIntEncoding" time="0.000" classname="org.jsimpledb.util.UnsignedIntEncoderTest"/>
  <testcase name="testRandomUnsignedIntEncoding" time="0.000" classname="org.jsimpledb.util.UnsignedIntEncoderTest"/>
  <testcase name="testRandomUnsignedIntEncoding" time="0.000" classname="org.jsimpledb.util.UnsignedIntEncoderTest"/>
  <testcase name="testRandomUnsignedIntEncoding" time="0.000" classname="org.jsimpledb.util.UnsignedIntEncoderTest"/>
  <testcase name="testRandomUnsignedIntEncoding" time="0.000" classname="org.jsimpledb.util.UnsignedIntEncoderTest"/>
  <testcase name="testRandomUnsignedIntEncoding" time="0.000" classname="org.jsimpledb.util.UnsignedIntEncoderTest"/>
  <testcase name="testRandomUnsignedIntEncoding" time="0.000" classname="org.jsimpledb.util.UnsignedIntEncoderTest"/>
  <testcase name="testRandomUnsignedIntEncoding" time="0.000" classname="org.jsimpledb.util.UnsignedIntEncoderTest"/>
  <testcase name="testRandomUnsignedIntEncoding" time="0.000" classname="org.jsimpledb.util.UnsignedIntEncoderTest"/>
  <testcase name="testRandomUnsignedIntEncoding" time="0.000" classname="org.jsimpledb.util.UnsignedIntEncoderTest"/>
  <testcase name="testRandomUnsignedIntEncoding" time="0.000" classname="org.jsimpledb.util.UnsignedIntEncoderTest"/>
  <testcase name="testRandomUnsignedIntEncoding" time="0.000" classname="org.jsimpledb.util.UnsignedIntEncoderTest"/>
  <testcase name="testRandomUnsignedIntEncoding" time="0.000" classname="org.jsimpledb.util.UnsignedIntEncoderTest"/>
  <testcase name="testRandomUnsignedIntEncoding" time="0.000" classname="org.jsimpledb.util.UnsignedIntEncoderTest"/>
  <testcase name="testRandomUnsignedIntEncoding" time="0.000" classname="org.jsimpledb.util.UnsignedIntEncoderTest"/>
  <testcase name="testRandomUnsignedIntEncoding" time="0.000" classname="org.jsimpledb.util.UnsignedIntEncoderTest"/>
  <testcase name="testRandomUnsignedIntEncoding" time="0.000" classname="org.jsimpledb.util.UnsignedIntEncoderTest"/>
  <testcase name="testRandomUnsignedIntEncoding" time="0.000" classname="org.jsimpledb.util.UnsignedIntEncoderTest"/>
  <testcase name="testRandomUnsignedIntEncoding" time="0.000" classname="org.jsimpledb.util.UnsignedIntEncoderTest"/>
  <testcase name="testRandomUnsignedIntEncoding" time="0.000" classname="org.jsimpledb.util.UnsignedIntEncoderTest"/>
  <testcase name="testRandomUnsignedIntEncoding" time="0.000" classname="org.jsimpledb.util.UnsignedIntEncoderTest"/>
  <testcase name="testRandomUnsignedIntEncoding" time="0.000" classname="org.jsimpledb.util.UnsignedIntEncoderTest"/>
  <testcase name="testRandomUnsignedIntEncoding" time="0.000" classname="org.jsimpledb.util.UnsignedIntEncoderTest"/>
  <testcase name="testRandomUnsignedIntEncoding" time="0.000" classname="org.jsimpledb.util.UnsignedIntEncoderTest"/>
  <testcase name="testRandomUnsignedIntEncoding" time="0.000" classname="org.jsimpledb.util.UnsignedIntEncoderTest"/>
  <testcase name="testRandomUnsignedIntEncoding" time="0.000" classname="org.jsimpledb.util.UnsignedIntEncoderTest"/>
  <testcase name="testRandomUnsignedIntEncoding" time="0.000" classname="org.jsimpledb.util.UnsignedIntEncoderTest"/>
  <testcase name="testRandomUnsignedIntEncoding" time="0.000" classname="org.jsimpledb.util.UnsignedIntEncoderTest"/>
  <testcase name="testRandomUnsignedIntEncoding" time="0.000" classname="org.jsimpledb.util.UnsignedIntEncoderTest"/>
  <testcase name="testRandomUnsignedIntEncoding" time="0.000" classname="org.jsimpledb.util.UnsignedIntEncoderTest"/>
  <testcase name="testRandomUnsignedIntEncoding" time="0.000" classname="org.jsimpledb.util.UnsignedIntEncoderTest"/>
  <testcase name="testRandomUnsignedIntEncoding" time="0.000" classname="org.jsimpledb.util.UnsignedIntEncoderTest"/>
  <testcase name="testRandomUnsignedIntEncoding" time="0.000" classname="org.jsimpledb.util.UnsignedIntEncoderTest"/>
  <testcase name="testRandomUnsignedIntEncoding" time="0.000" classname="org.jsimpledb.util.UnsignedIntEncoderTest"/>
  <testcase name="testRandomUnsignedIntEncoding" time="0.000" classname="org.jsimpledb.util.UnsignedIntEncoderTest"/>
  <testcase name="testRandomUnsignedIntEncoding" time="0.000" classname="org.jsimpledb.util.UnsignedIntEncoderTest"/>
  <testcase name="testRandomUnsignedIntEncoding" time="0.000" classname="org.jsimpledb.util.UnsignedIntEncoderTest"/>
  <testcase name="testRandomUnsignedIntEncoding" time="0.000" classname="org.jsimpledb.util.UnsignedIntEncoderTest"/>
  <testcase name="testRandomUnsignedIntEncoding" time="0.000" classname="org.jsimpledb.util.UnsignedIntEncoderTest"/>
  <testcase name="testRandomUnsignedIntEncoding" time="0.000" classname="org.jsimpledb.util.UnsignedIntEncoderTest"/>
  <testcase name="testRandomUnsignedIntEncoding" time="0.000" classname="org.jsimpledb.util.UnsignedIntEncoderTest"/>
  <testcase name="testRandomUnsignedIntEncoding" time="0.000" classname="org.jsimpledb.util.UnsignedIntEncoderTest"/>
  <testcase name="testRandomUnsignedIntEncoding" time="0.000" classname="org.jsimpledb.util.UnsignedIntEncoderTest"/>
  <testcase name="testRandomUnsignedIntEncoding" time="0.000" classname="org.jsimpledb.util.UnsignedIntEncoderTest"/>
  <testcase name="testRandomUnsignedIntEncoding" time="0.000" classname="org.jsimpledb.util.UnsignedIntEncoderTest"/>
  <testcase name="testRandomUnsignedIntEncoding" time="0.001" classname="org.jsimpledb.util.UnsignedIntEncoderTest"/>
  <testcase name="testRandomUnsignedIntEncoding" time="0.000" classname="org.jsimpledb.util.UnsignedIntEncoderTest"/>
  <testcase name="testRandomUnsignedIntEncoding" time="0.000" classname="org.jsimpledb.util.UnsignedIntEncoderTest"/>
  <testcase name="testRandomUnsignedIntEncoding" time="0.000" classname="org.jsimpledb.util.UnsignedIntEncoderTest"/>
  <testcase name="testRandomUnsignedIntEncoding" time="0.000" classname="org.jsimpledb.util.UnsignedIntEncoderTest"/>
  <testcase name="testRandomUnsignedIntEncoding" time="0.000" classname="org.jsimpledb.util.UnsignedIntEncoderTest"/>
  <testcase name="testRandomUnsignedIntEncoding" time="0.000" classname="org.jsimpledb.util.UnsignedIntEncoderTest"/>
  <testcase name="testRandomUnsignedIntEncoding" time="0.000" classname="org.jsimpledb.util.UnsignedIntEncoderTest"/>
  <testcase name="testRandomUnsignedIntEncoding" time="0.000" classname="org.jsimpledb.util.UnsignedIntEncoderTest"/>
  <testcase name="testRandomUnsignedIntEncoding" time="0.000" classname="org.jsimpledb.util.UnsignedIntEncoderTest"/>
  <testcase name="testRandomUnsignedIntEncoding" time="0.000" classname="org.jsimpledb.util.UnsignedIntEncoderTest"/>
  <testcase name="testRandomUnsignedIntEncoding" time="0.000" classname="org.jsimpledb.util.UnsignedIntEncoderTest"/>
  <testcase name="testRandomUnsignedIntEncoding" time="0.000" classname="org.jsimpledb.util.UnsignedIntEncoderTest"/>
  <testcase name="testRandomUnsignedIntEncoding" time="0.000" classname="org.jsimpledb.util.UnsignedIntEncoderTest"/>
  <testcase name="testRandomUnsignedIntEncoding" time="0.000" classname="org.jsimpledb.util.UnsignedIntEncoderTest"/>
  <testcase name="testRandomUnsignedIntEncoding" time="0.000" classname="org.jsimpledb.util.UnsignedIntEncoderTest"/>
  <testcase name="testRandomUnsignedIntEncoding" time="0.000" classname="org.jsimpledb.util.UnsignedIntEncoderTest"/>
  <testcase name="testRandomUnsignedIntEncoding" time="0.000" classname="org.jsimpledb.util.UnsignedIntEncoderTest"/>
  <testcase name="testRandomUnsignedIntEncoding" time="0.000" classname="org.jsimpledb.util.UnsignedIntEncoderTest"/>
  <testcase name="testRandomUnsignedIntEncoding" time="0.000" classname="org.jsimpledb.util.UnsignedIntEncoderTest"/>
  <testcase name="testRandomUnsignedIntEncoding" time="0.000" classname="org.jsimpledb.util.UnsignedIntEncoderTest"/>
  <testcase name="testRandomUnsignedIntEncoding" time="0.000" classname="org.jsimpledb.util.UnsignedIntEncoderTest"/>
  <testcase name="testRandomUnsignedIntEncoding" time="0.000" classname="org.jsimpledb.util.UnsignedIntEncoderTest"/>
  <testcase name="testRandomUnsignedIntEncoding" time="0.000" classname="org.jsimpledb.util.UnsignedIntEncoderTest"/>
  <testcase name="testRandomUnsignedIntEncoding" time="0.000" classname="org.jsimpledb.util.UnsignedIntEncoderTest"/>
  <testcase name="testRandomUnsignedIntEncoding" time="0.000" classname="org.jsimpledb.util.UnsignedIntEncoderTest"/>
  <testcase name="testRandomUnsignedIntEncoding" time="0.000" classname="org.jsimpledb.util.UnsignedIntEncoderTest"/>
  <testcase name="testRandomUnsignedIntEncoding" time="0.000" classname="org.jsimpledb.util.UnsignedIntEncoderTest"/>
  <testcase name="testRandomUnsignedIntEncoding" time="0.000" classname="org.jsimpledb.util.UnsignedIntEncoderTest"/>
  <testcase name="testRandomUnsignedIntEncoding" time="0.000" classname="org.jsimpledb.util.UnsignedIntEncoderTest"/>
  <testcase name="testRandomUnsignedIntEncoding" time="0.000" classname="org.jsimpledb.util.UnsignedIntEncoderTest"/>
  <testcase name="testRandomUnsignedIntEncoding" time="0.000" classname="org.jsimpledb.util.UnsignedIntEncoderTest"/>
  <testcase name="testRandomUnsignedIntEncoding" time="0.000" classname="org.jsimpledb.util.UnsignedIntEncoderTest"/>
  <testcase name="testRandomUnsignedIntEncoding" time="0.000" classname="org.jsimpledb.util.UnsignedIntEncoderTest"/>
  <testcase name="testRandomUnsignedIntEncoding" time="0.000" classname="org.jsimpledb.util.UnsignedIntEncoderTest"/>
  <testcase name="testRandomUnsignedIntEncoding" time="0.000" classname="org.jsimpledb.util.UnsignedIntEncoderTest"/>
  <testcase name="testRandomUnsignedIntEncoding" time="0.000" classname="org.jsimpledb.util.UnsignedIntEncoderTest"/>
  <testcase name="testRandomUnsignedIntEncoding" time="0.000" classname="org.jsimpledb.util.UnsignedIntEncoderTest"/>
  <testcase name="testRandomUnsignedIntEncoding" time="0.000" classname="org.jsimpledb.util.UnsignedIntEncoderTest"/>
  <testcase name="testRandomUnsignedIntEncoding" time="0.000" classname="org.jsimpledb.util.UnsignedIntEncoderTest"/>
  <testcase name="testRandomUnsignedIntEncoding" time="0.000" classname="org.jsimpledb.util.UnsignedIntEncoderTest"/>
  <testcase name="testRandomUnsignedIntEncoding" time="0.000" classname="org.jsimpledb.util.UnsignedIntEncoderTest"/>
  <testcase name="testRandomUnsignedIntEncoding" time="0.000" classname="org.jsimpledb.util.UnsignedIntEncoderTest"/>
  <testcase name="testRandomUnsignedIntEncoding" time="0.000" classname="org.jsimpledb.util.UnsignedIntEncoderTest"/>
  <testcase name="testRandomUnsignedIntEncoding" time="0.000" classname="org.jsimpledb.util.UnsignedIntEncoderTest"/>
  <testcase name="testRandomUnsignedIntEncoding" time="0.000" classname="org.jsimpledb.util.UnsignedIntEncoderTest"/>
  <testcase name="testRandomUnsignedIntEncoding" time="0.000" classname="org.jsimpledb.util.UnsignedIntEncoderTest"/>
  <testcase name="testRandomUnsignedIntEncoding" time="0.000" classname="org.jsimpledb.util.UnsignedIntEncoderTest"/>
  <testcase name="testRandomUnsignedIntEncoding" time="0.000" classname="org.jsimpledb.util.UnsignedIntEncoderTest"/>
  <testcase name="testRandomUnsignedIntEncoding" time="0.000" classname="org.jsimpledb.util.UnsignedIntEncoderTest"/>
  <testcase name="testRandomUnsignedIntEncoding" time="0.000" classname="org.jsimpledb.util.UnsignedIntEncoderTest"/>
  <testcase name="testRandomUnsignedIntEncoding" time="0.000" classname="org.jsimpledb.util.UnsignedIntEncoderTest"/>
  <testcase name="testRandomUnsignedIntEncoding" time="0.000" classname="org.jsimpledb.util.UnsignedIntEncoderTest"/>
  <testcase name="testRandomUnsignedIntEncoding" time="0.000" classname="org.jsimpledb.util.UnsignedIntEncoderTest"/>
  <testcase name="testRandomUnsignedIntEncoding" time="0.000" classname="org.jsimpledb.util.UnsignedIntEncoderTest"/>
  <testcase name="testRandomUnsignedIntEncoding" time="0.000" classname="org.jsimpledb.util.UnsignedIntEncoderTest"/>
  <testcase name="testRandomUnsignedIntEncoding" time="0.000" classname="org.jsimpledb.util.UnsignedIntEncoderTest"/>
  <testcase name="testRandomUnsignedIntEncoding" time="0.000" classname="org.jsimpledb.util.UnsignedIntEncoderTest"/>
  <testcase name="testRandomUnsignedIntEncoding" time="0.000" classname="org.jsimpledb.util.UnsignedIntEncoderTest"/>
  <testcase name="testRandomUnsignedIntEncoding" time="0.000" classname="org.jsimpledb.util.UnsignedIntEncoderTest"/>
  <testcase name="testRandomUnsignedIntEncoding" time="0.000" classname="org.jsimpledb.util.UnsignedIntEncoderTest"/>
  <testcase name="testRandomUnsignedIntEncoding" time="0.000" classname="org.jsimpledb.util.UnsignedIntEncoderTest"/>
  <testcase name="testRandomUnsignedIntEncoding" time="0.000" classname="org.jsimpledb.util.UnsignedIntEncoderTest"/>
  <testcase name="testRandomUnsignedIntEncoding" time="0.000" classname="org.jsimpledb.util.UnsignedIntEncoderTest"/>
  <testcase name="testRandomUnsignedIntEncoding" time="0.000" classname="org.jsimpledb.util.UnsignedIntEncoderTest"/>
  <testcase name="testRandomUnsignedIntEncoding" time="0.000" classname="org.jsimpledb.util.UnsignedIntEncoderTest"/>
  <testcase name="testRandomUnsignedIntEncoding" time="0.000" classname="org.jsimpledb.util.UnsignedIntEncoderTest"/>
  <testcase name="testRandomUnsignedIntEncoding" time="0.000" classname="org.jsimpledb.util.UnsignedIntEncoderTest"/>
  <testcase name="testRandomUnsignedIntEncoding" time="0.001" classname="org.jsimpledb.util.UnsignedIntEncoderTest"/>
  <testcase name="testRandomUnsignedIntEncoding" time="0.000" classname="org.jsimpledb.util.UnsignedIntEncoderTest"/>
  <testcase name="testRandomUnsignedIntEncoding" time="0.000" classname="org.jsimpledb.util.UnsignedIntEncoderTest"/>
  <testcase name="testRandomUnsignedIntEncoding" time="0.000" classname="org.jsimpledb.util.UnsignedIntEncoderTest"/>
  <testcase name="testRandomUnsignedIntEncoding" time="0.001" classname="org.jsimpledb.util.UnsignedIntEncoderTest"/>
  <testcase name="testRandomUnsignedIntEncoding" time="0.000" classname="org.jsimpledb.util.UnsignedIntEncoderTest"/>
  <testcase name="testRandomUnsignedIntEncoding" time="0.000" classname="org.jsimpledb.util.UnsignedIntEncoderTest"/>
  <testcase name="testRandomUnsignedIntEncoding" time="0.000" classname="org.jsimpledb.util.UnsignedIntEncoderTest"/>
  <testcase name="testRandomUnsignedIntEncoding" time="0.000" classname="org.jsimpledb.util.UnsignedIntEncoderTest"/>
  <testcase name="testRandomUnsignedIntEncoding" time="0.000" classname="org.jsimpledb.util.UnsignedIntEncoderTest"/>
  <testcase name="testRandomUnsignedIntEncoding" time="0.000" classname="org.jsimpledb.util.UnsignedIntEncoderTest"/>
  <testcase name="testRandomUnsignedIntEncoding" time="0.000" classname="org.jsimpledb.util.UnsignedIntEncoderTest"/>
  <testcase name="testRandomUnsignedIntEncoding" time="0.000" classname="org.jsimpledb.util.UnsignedIntEncoderTest"/>
  <testcase name="testRandomUnsignedIntEncoding" time="0.000" classname="org.jsimpledb.util.UnsignedIntEncoderTest"/>
  <testcase name="testRandomUnsignedIntEncoding" time="0.001" classname="org.jsimpledb.util.UnsignedIntEncoderTest"/>
  <testcase name="testRandomUnsignedIntEncoding" time="0.000" classname="org.jsimpledb.util.UnsignedIntEncoderTest"/>
  <testcase name="testRandomUnsignedIntEncoding" time="0.000" classname="org.jsimpledb.util.UnsignedIntEncoderTest"/>
  <testcase name="testRandomUnsignedIntEncoding" time="0.000" classname="org.jsimpledb.util.UnsignedIntEncoderTest"/>
  <testcase name="testRandomUnsignedIntEncoding" time="0.000" classname="org.jsimpledb.util.UnsignedIntEncoderTest"/>
  <testcase name="testRandomUnsignedIntEncoding" time="0.000" classname="org.jsimpledb.util.UnsignedIntEncoderTest"/>
  <testcase name="testRandomUnsignedIntEncoding" time="0.000" classname="org.jsimpledb.util.UnsignedIntEncoderTest"/>
  <testcase name="testRandomUnsignedIntEncoding" time="0.000" classname="org.jsimpledb.util.UnsignedIntEncoderTest"/>
  <testcase name="testRandomUnsignedIntEncoding" time="0.000" classname="org.jsimpledb.util.UnsignedIntEncoderTest"/>
  <testcase name="testRandomUnsignedIntEncoding" time="0.000" classname="org.jsimpledb.util.UnsignedIntEncoderTest"/>
  <testcase name="testRandomUnsignedIntEncoding" time="0.000" classname="org.jsimpledb.util.UnsignedIntEncoderTest"/>
  <testcase name="testRandomUnsignedIntEncoding" time="0.000" classname="org.jsimpledb.util.UnsignedIntEncoderTest"/>
  <testcase name="testRandomUnsignedIntEncoding" time="0.000" classname="org.jsimpledb.util.UnsignedIntEncoderTest"/>
  <testcase name="testRandomUnsignedIntEncoding" time="0.000" classname="org.jsimpledb.util.UnsignedIntEncoderTest"/>
  <testcase name="testRandomUnsignedIntEncoding" time="0.000" classname="org.jsimpledb.util.UnsignedIntEncoderTest"/>
  <testcase name="testRandomUnsignedIntEncoding" time="0.000" classname="org.jsimpledb.util.UnsignedIntEncoderTest"/>
  <testcase name="testRandomUnsignedIntEncoding" time="0.000" classname="org.jsimpledb.util.UnsignedIntEncoderTest"/>
  <testcase name="testRandomUnsignedIntEncoding" time="0.000" classname="org.jsimpledb.util.UnsignedIntEncoderTest"/>
  <testcase name="testRandomUnsignedIntEncoding" time="0.000" classname="org.jsimpledb.util.UnsignedIntEncoderTest"/>
  <testcase name="testRandomUnsignedIntEncoding" time="0.000" classname="org.jsimpledb.util.UnsignedIntEncoderTest"/>
  <testcase name="testRandomUnsignedIntEncoding" time="0.000" classname="org.jsimpledb.util.UnsignedIntEncoderTest"/>
  <testcase name="testRandomUnsignedIntEncoding" time="0.000" classname="org.jsimpledb.util.UnsignedIntEncoderTest"/>
  <testcase name="testRandomUnsignedIntEncoding" time="0.000" classname="org.jsimpledb.util.UnsignedIntEncoderTest"/>
  <testcase name="testRandomUnsignedIntEncoding" time="0.000" classname="org.jsimpledb.util.UnsignedIntEncoderTest"/>
  <testcase name="testRandomUnsignedIntEncoding" time="0.000" classname="org.jsimpledb.util.UnsignedIntEncoderTest"/>
  <testcase name="testRandomUnsignedIntEncoding" time="0.000" classname="org.jsimpledb.util.UnsignedIntEncoderTest"/>
  <testcase name="testRandomUnsignedIntEncoding" time="0.000" classname="org.jsimpledb.util.UnsignedIntEncoderTest"/>
  <testcase name="testRandomUnsignedIntEncoding" time="0.000" classname="org.jsimpledb.util.UnsignedIntEncoderTest"/>
  <testcase name="testRandomUnsignedIntEncoding" time="0.000" classname="org.jsimpledb.util.UnsignedIntEncoderTest"/>
  <testcase name="testRandomUnsignedIntEncoding" time="0.000" classname="org.jsimpledb.util.UnsignedIntEncoderTest"/>
  <testcase name="testRandomUnsignedIntEncoding" time="0.000" classname="org.jsimpledb.util.UnsignedIntEncoderTest"/>
  <testcase name="testRandomUnsignedIntEncoding" time="0.000" classname="org.jsimpledb.util.UnsignedIntEncoderTest"/>
  <testcase name="testRandomUnsignedIntEncoding" time="0.000" classname="org.jsimpledb.util.UnsignedIntEncoderTest"/>
  <testcase name="testRandomUnsignedIntEncoding" time="0.000" classname="org.jsimpledb.util.UnsignedIntEncoderTest"/>
  <testcase name="testRandomUnsignedIntEncoding" time="0.000" classname="org.jsimpledb.util.UnsignedIntEncoderTest"/>
  <testcase name="testRandomUnsignedIntEncoding" time="0.000" classname="org.jsimpledb.util.UnsignedIntEncoderTest"/>
  <testcase name="testRandomUnsignedIntEncoding" time="0.000" classname="org.jsimpledb.util.UnsignedIntEncoderTest"/>
  <testcase name="testRandomUnsignedIntEncoding" time="0.000" classname="org.jsimpledb.util.UnsignedIntEncoderTest"/>
  <testcase name="testRandomUnsignedIntEncoding" time="0.000" classname="org.jsimpledb.util.UnsignedIntEncoderTest"/>
  <testcase name="testRandomUnsignedIntEncoding" time="0.000" classname="org.jsimpledb.util.UnsignedIntEncoderTest"/>
  <testcase name="testRandomUnsignedIntEncoding" time="0.000" classname="org.jsimpledb.util.UnsignedIntEncoderTest"/>
  <testcase name="testRandomUnsignedIntEncoding" time="0.000" classname="org.jsimpledb.util.UnsignedIntEncoderTest"/>
  <testcase name="testRandomUnsignedIntEncoding" time="0.000" classname="org.jsimpledb.util.UnsignedIntEncoderTest"/>
  <testcase name="testRandomUnsignedIntEncoding" time="0.000" classname="org.jsimpledb.util.UnsignedIntEncoderTest"/>
  <testcase name="testRandomUnsignedIntEncoding" time="0.000" classname="org.jsimpledb.util.UnsignedIntEncoderTest"/>
  <testcase name="testRandomUnsignedIntEncoding" time="0.000" classname="org.jsimpledb.util.UnsignedIntEncoderTest"/>
  <testcase name="testRandomUnsignedIntEncoding" time="0.001" classname="org.jsimpledb.util.UnsignedIntEncoderTest"/>
  <testcase name="testRandomUnsignedIntEncoding" time="0.000" classname="org.jsimpledb.util.UnsignedIntEncoderTest"/>
  <testcase name="testRandomUnsignedIntEncoding" time="0.000" classname="org.jsimpledb.util.UnsignedIntEncoderTest"/>
  <testcase name="testRandomUnsignedIntEncoding" time="0.000" classname="org.jsimpledb.util.UnsignedIntEncoderTest"/>
  <testcase name="testRandomUnsignedIntEncoding" time="0.000" classname="org.jsimpledb.util.UnsignedIntEncoderTest"/>
  <testcase name="testRandomUnsignedIntEncoding" time="0.000" classname="org.jsimpledb.util.UnsignedIntEncoderTest"/>
  <testcase name="testRandomUnsignedIntEncoding" time="0.000" classname="org.jsimpledb.util.UnsignedIntEncoderTest"/>
  <testcase name="testRandomUnsignedIntEncoding" time="0.000" classname="org.jsimpledb.util.UnsignedIntEncoderTest"/>
  <testcase name="testRandomUnsignedIntEncoding" time="0.000" classname="org.jsimpledb.util.UnsignedIntEncoderTest"/>
  <testcase name="testRandomUnsignedIntEncoding" time="0.000" classname="org.jsimpledb.util.UnsignedIntEncoderTest"/>
  <testcase name="testRandomUnsignedIntEncoding" time="0.000" classname="org.jsimpledb.util.UnsignedIntEncoderTest"/>
  <testcase name="testRandomUnsignedIntEncoding" time="0.000" classname="org.jsimpledb.util.UnsignedIntEncoderTest"/>
  <testcase name="testRandomUnsignedIntEncoding" time="0.000" classname="org.jsimpledb.util.UnsignedIntEncoderTest"/>
  <testcase name="testRandomUnsignedIntEncoding" time="0.000" classname="org.jsimpledb.util.UnsignedIntEncoderTest"/>
  <testcase name="testRandomUnsignedIntEncoding" time="0.000" classname="org.jsimpledb.util.UnsignedIntEncoderTest"/>
  <testcase name="testRandomUnsignedIntEncoding" time="0.000" classname="org.jsimpledb.util.UnsignedIntEncoderTest"/>
  <testcase name="testRandomUnsignedIntEncoding" time="0.000" classname="org.jsimpledb.util.UnsignedIntEncoderTest"/>
  <testcase name="testRandomUnsignedIntEncoding" time="0.000" classname="org.jsimpledb.util.UnsignedIntEncoderTest"/>
  <testcase name="testRandomUnsignedIntEncoding" time="0.000" classname="org.jsimpledb.util.UnsignedIntEncoderTest"/>
  <testcase name="testRandomUnsignedIntEncoding" time="0.000" classname="org.jsimpledb.util.UnsignedIntEncoderTest"/>
  <testcase name="testRandomUnsignedIntEncoding" time="0.000" classname="org.jsimpledb.util.UnsignedIntEncoderTest"/>
  <testcase name="testRandomUnsignedIntEncoding" time="0.000" classname="org.jsimpledb.util.UnsignedIntEncoderTest"/>
  <testcase name="testRandomUnsignedIntEncoding" time="0.001" classname="org.jsimpledb.util.UnsignedIntEncoderTest"/>
  <testcase name="testRandomUnsignedIntEncoding" time="0.000" classname="org.jsimpledb.util.UnsignedIntEncoderTest"/>
  <testcase name="testRandomUnsignedIntEncoding" time="0.000" classname="org.jsimpledb.util.UnsignedIntEncoderTest"/>
  <testcase name="testRandomUnsignedIntEncoding" time="0.000" classname="org.jsimpledb.util.UnsignedIntEncoderTest"/>
  <testcase name="testRandomUnsignedIntEncoding" time="0.000" classname="org.jsimpledb.util.UnsignedIntEncoderTest"/>
  <testcase name="testRandomUnsignedIntEncoding" time="0.000" classname="org.jsimpledb.util.UnsignedIntEncoderTest"/>
  <testcase name="testRandomUnsignedIntEncoding" time="0.000" classname="org.jsimpledb.util.UnsignedIntEncoderTest"/>
  <testcase name="testRandomUnsignedIntEncoding" time="0.000" classname="org.jsimpledb.util.UnsignedIntEncoderTest"/>
  <testcase name="testRandomUnsignedIntEncoding" time="0.000" classname="org.jsimpledb.util.UnsignedIntEncoderTest"/>
[...]
  <testcase name="testRandomUnsignedIntEncoding" time="0.000" classname="org.jsimpledb.util.UnsignedIntEncoderTest"/>
  <testcase name="testRandomUnsignedIntEncoding" time="0.000" classname="org.jsimpledb.util.UnsignedIntEncoderTest"/>
  <testcase name="testRandomUnsignedIntEncoding" time="0.000" classname="org.jsimpledb.util.UnsignedIntEncoderTest"/>
  <testcase name="testRandomUnsignedIntEncoding" time="0.001" classname="org.jsimpledb.util.UnsignedIntEncoderTest"/>
  <testcase name="testRandomUnsignedIntEncoding" time="0.000" classname="org.jsimpledb.util.UnsignedIntEncoderTest"/>
  <testcase name="testRandomUnsignedIntEncoding" time="0.000" classname="org.jsimpledb.util.UnsignedIntEncoderTest"/>
  <testcase name="testRandomUnsignedIntEncoding" time="0.000" classname="org.jsimpledb.util.UnsignedIntEncoderTest"/>
  <testcase name="testRandomUnsignedIntEncoding" time="0.000" classname="org.jsimpledb.util.UnsignedIntEncoderTest"/>
  <testcase name="testRandomUnsignedIntEncoding" time="0.000" classname="org.jsimpledb.util.UnsignedIntEncoderTest"/>
  <testcase name="testRandomUnsignedIntEncoding" time="0.000" classname="org.jsimpledb.util.UnsignedIntEncoderTest"/>
  <testcase name="testRandomUnsignedIntEncoding" time="0.000" classname="org.jsimpledb.util.UnsignedIntEncoderTest"/>
  <testcase name="testRandomUnsignedIntEncoding" time="0.000" classname="org.jsimpledb.util.UnsignedIntEncoderTest"/>
  <testcase name="testRandomUnsignedIntEncoding" time="0.000" classname="org.jsimpledb.util.UnsignedIntEncoderTest"/>
  <testcase name="testRandomUnsignedIntEncoding" time="0.000" classname="org.jsimpledb.util.UnsignedIntEncoderTest"/>
  <testcase name="testRandomUnsignedIntEncoding" time="0.000" classname="org.jsimpledb.util.UnsignedIntEncoderTest"/>
  <testcase name="testRandomUnsignedIntEncoding" time="0.000" classname="org.jsimpledb.util.UnsignedIntEncoderTest"/>
  <testcase name="testRandomUnsignedIntEncoding" time="0.001" classname="org.jsimpledb.util.UnsignedIntEncoderTest"/>
  <testcase name="testRandomUnsignedIntEncoding" time="0.000" classname="org.jsimpledb.util.UnsignedIntEncoderTest"/>
  <testcase name="testRandomUnsignedIntEncoding" time="0.000" classname="org.jsimpledb.util.UnsignedIntEncoderTest"/>
  <testcase name="testRandomUnsignedIntEncoding" time="0.000" classname="org.jsimpledb.util.UnsignedIntEncoderTest"/>
  <testcase name="testRandomUnsignedIntEncoding" time="0.000" classname="org.jsimpledb.util.UnsignedIntEncoderTest"/>
  <testcase name="testRandomUnsignedIntEncoding" time="0.000" classname="org.jsimpledb.util.UnsignedIntEncoderTest"/>
  <testcase name="testRandomUnsignedIntEncoding" time="0.000" classname="org.jsimpledb.util.UnsignedIntEncoderTest"/>
  <testcase name="testRandomUnsignedIntEncoding" time="0.000" classname="org.jsimpledb.util.UnsignedIntEncoderTest"/>
  <testcase name="testRandomUnsignedIntEncoding" time="0.000" classname="org.jsimpledb.util.UnsignedIntEncoderTest"/>
  <testcase name="testRandomUnsignedIntEncoding" time="0.000" classname="org.jsimpledb.util.UnsignedIntEncoderTest"/>
  <testcase name="testRandomUnsignedIntEncoding" time="0.000" classname="org.jsimpledb.util.UnsignedIntEncoderTest"/>
  <testcase name="testRandomUnsignedIntEncoding" time="0.000" classname="org.jsimpledb.util.UnsignedIntEncoderTest"/>
  <testcase name="testRandomUnsignedIntEncoding" time="0.000" classname="org.jsimpledb.util.UnsignedIntEncoderTest"/>
  <testcase name="testRandomUnsignedIntEncoding" time="0.000" classname="org.jsimpledb.util.UnsignedIntEncoderTest"/>
  <testcase name="testRandomUnsignedIntEncoding" time="0.000" classname="org.jsimpledb.util.UnsignedIntEncoderTest"/>
  <testcase name="testRandomUnsignedIntEncoding" time="0.001" classname="org.jsimpledb.util.UnsignedIntEncoderTest"/>
  <testcase name="testRandomUnsignedIntEncoding" time="0.000" classname="org.jsimpledb.util.UnsignedIntEncoderTest"/>
  <testcase name="testRandomUnsignedIntEncoding" time="0.000" classname="org.jsimpledb.util.UnsignedIntEncoderTest"/>
  <testcase name="testRandomUnsignedIntEncoding" time="0.001" classname="org.jsimpledb.util.UnsignedIntEncoderTest"/>
  <testcase name="testRandomUnsignedIntEncoding" time="0.000" classname="org.jsimpledb.util.UnsignedIntEncoderTest"/>
  <testcase name="testRandomUnsignedIntEncoding" time="0.000" classname="org.jsimpledb.util.UnsignedIntEncoderTest"/>
  <testcase name="testRandomUnsignedIntEncoding" time="0.000" classname="org.jsimpledb.util.UnsignedIntEncoderTest"/>
  <testcase name="testRandomUnsignedIntEncoding" time="0.000" classname="org.jsimpledb.util.UnsignedIntEncoderTest"/>
  <testcase name="testRandomUnsignedIntEncoding" time="0.000" classname="org.jsimpledb.util.UnsignedIntEncoderTest"/>
  <testcase name="testRandomUnsignedIntEncoding" time="0.000" classname="org.jsimpledb.util.UnsignedIntEncoderTest"/>
  <testcase name="testRandomUnsignedIntEncoding" time="0.000" classname="org.jsimpledb.util.UnsignedIntEncoderTest"/>
  <testcase name="testRandomUnsignedIntEncoding" time="0.000" classname="org.jsimpledb.util.UnsignedIntEncoderTest"/>
  <testcase name="testRandomUnsignedIntEncoding" time="0.000" classname="org.jsimpledb.util.UnsignedIntEncoderTest"/>
  <testcase name="testRandomUnsignedIntEncoding" time="0.000" classname="org.jsimpledb.util.UnsignedIntEncoderTest"/>
  <testcase name="testRandomUnsignedIntEncoding" time="0.000" classname="org.jsimpledb.util.UnsignedIntEncoderTest"/>
  <testcase name="testRandomUnsignedIntEncoding" time="0.000" classname="org.jsimpledb.util.UnsignedIntEncoderTest"/>
  <testcase name="testRandomUnsignedIntEncoding" time="0.000" classname="org.jsimpledb.util.UnsignedIntEncoderTest"/>
  <testcase name="testRandomUnsignedIntEncoding" time="0.000" classname="org.jsimpledb.util.UnsignedIntEncoderTest"/>
  <testcase name="testRandomUnsignedIntEncoding" time="0.000" classname="org.jsimpledb.util.UnsignedIntEncoderTest"/>
  <testcase name="testRandomUnsignedIntEncoding" time="0.000" classname="org.jsimpledb.util.UnsignedIntEncoderTest"/>
  <testcase name="testRandomUnsignedIntEncoding" time="0.000" classname="org.jsimpledb.util.UnsignedIntEncoderTest"/>
  <testcase name="testRandomUnsignedIntEncoding" time="0.000" classname="org.jsimpledb.util.UnsignedIntEncoderTest"/>
  <testcase name="testRandomUnsignedIntEncoding" time="0.000" classname="org.jsimpledb.util.UnsignedIntEncoderTest"/>
  <testcase name="testRandomUnsignedIntEncoding" time="0.000" classname="org.jsimpledb.util.UnsignedIntEncoderTest"/>
  <testcase name="testRandomUnsignedIntEncoding" time="0.000" classname="org.jsimpledb.util.UnsignedIntEncoderTest"/>
  <testcase name="testRandomUnsignedIntEncoding" time="0.000" classname="org.jsimpledb.util.UnsignedIntEncoderTest"/>
  <testcase name="testRandomUnsignedIntEncoding" time="0.000" classname="org.jsimpledb.util.UnsignedIntEncoderTest"/>
  <testcase name="testRandomUnsignedIntEncoding" time="0.000" classname="org.jsimpledb.util.UnsignedIntEncoderTest"/>
  <testcase name="testRandomUnsignedIntEncoding" time="0.000" classname="org.jsimpledb.util.UnsignedIntEncoderTest"/>
  <testcase name="testRandomUnsignedIntEncoding" time="0.001" classname="org.jsimpledb.util.UnsignedIntEncoderTest"/>
  <testcase name="testRandomUnsignedIntEncoding" time="0.000" classname="org.jsimpledb.util.UnsignedIntEncoderTest"/>
  <testcase name="testRandomUnsignedIntEncoding" time="0.000" classname="org.jsimpledb.util.UnsignedIntEncoderTest"/>
  <testcase name="testRandomUnsignedIntEncoding" time="0.000" classname="org.jsimpledb.util.UnsignedIntEncoderTest"/>
  <testcase name="testRandomUnsignedIntEncoding" time="0.001" classname="org.jsimpledb.util.UnsignedIntEncoderTest"/>
  <testcase name="testRandomUnsignedIntEncoding" time="0.000" classname="org.jsimpledb.util.UnsignedIntEncoderTest"/>
  <testcase name="testRandomUnsignedIntEncoding" time="0.001" classname="org.jsimpledb.util.UnsignedIntEncoderTest"/>
  <testcase name="testRandomUnsignedIntEncoding" time="0.000" classname="org.jsimpledb.util.UnsignedIntEncoderTest"/>
  <testcase name="testRandomUnsignedIntEncoding" time="0.000" classname="org.jsimpledb.util.UnsignedIntEncoderTest"/>
  <testcase name="testRandomUnsignedIntEncoding" time="0.000" classname="org.jsimpledb.util.UnsignedIntEncoderTest"/>
  <testcase name="testRandomUnsignedIntEncoding" time="0.000" classname="org.jsimpledb.util.UnsignedIntEncoderTest"/>
  <testcase name="testRandomUnsignedIntEncoding" time="0.000" classname="org.jsimpledb.util.UnsignedIntEncoderTest"/>
  <testcase name="testRandomUnsignedIntEncoding" time="0.000" classname="org.jsimpledb.util.UnsignedIntEncoderTest"/>
  <testcase name="testRandomUnsignedIntEncoding" time="0.000" classname="org.jsimpledb.util.UnsignedIntEncoderTest"/>
  <testcase name="testRandomUnsignedIntEncoding" time="0.000" classname="org.jsimpledb.util.UnsignedIntEncoderTest"/>
  <testcase name="testRandomUnsignedIntEncoding" time="0.000" classname="org.jsimpledb.util.UnsignedIntEncoderTest"/>
  <testcase name="testRandomUnsignedIntEncoding" time="0.000" classname="org.jsimpledb.util.UnsignedIntEncoderTest"/>
  <testcase name="testRandomUnsignedIntEncoding" time="0.000" classname="org.jsimpledb.util.UnsignedIntEncoderTest"/>
  <testcase name="testRandomUnsignedIntEncoding" time="0.000" classname="org.jsimpledb.util.UnsignedIntEncoderTest"/>
  <testcase name="testRandomUnsignedIntEncoding" time="0.000" classname="org.jsimpledb.util.UnsignedIntEncoderTest"/>
  <testcase name="testRandomUnsignedIntEncoding" time="0.000" classname="org.jsimpledb.util.UnsignedIntEncoderTest"/>
  <testcase name="testRandomUnsignedIntEncoding" time="0.000" classname="org.jsimpledb.util.UnsignedIntEncoderTest"/>
  <testcase name="testRandomUnsignedIntEncoding" time="0.000" classname="org.jsimpledb.util.UnsignedIntEncoderTest"/>
  <testcase name="testRandomUnsignedIntEncoding" time="0.000" classname="org.jsimpledb.util.UnsignedIntEncoderTest"/>
  <testcase name="testRandomUnsignedIntEncoding" time="0.000" classname="org.jsimpledb.util.UnsignedIntEncoderTest"/>
  <testcase name="testRandomUnsignedIntEncoding" time="0.000" classname="org.jsimpledb.util.UnsignedIntEncoderTest"/>
  <testcase name="testRandomUnsignedIntEncoding" time="0.000" classname="org.jsimpledb.util.UnsignedIntEncoderTest"/>
  <testcase name="testRandomUnsignedIntEncoding" time="0.000" classname="org.jsimpledb.util.UnsignedIntEncoderTest"/>
  <testcase name="testRandomUnsignedIntEncoding" time="0.000" classname="org.jsimpledb.util.UnsignedIntEncoderTest"/>
  <testcase name="testRandomUnsignedIntEncoding" time="0.000" classname="org.jsimpledb.util.UnsignedIntEncoderTest"/>
  <testcase name="testRandomUnsignedIntEncoding" time="0.000" classname="org.jsimpledb.util.UnsignedIntEncoderTest"/>
  <testcase name="testRandomUnsignedIntEncoding" time="0.000" classname="org.jsimpledb.util.UnsignedIntEncoderTest"/>
  <testcase name="testRandomUnsignedIntEncoding" time="0.000" classname="org.jsimpledb.util.UnsignedIntEncoderTest"/>
  <testcase name="testRandomUnsignedIntEncoding" time="0.000" classname="org.jsimpledb.util.UnsignedIntEncoderTest"/>
  <testcase name="testRandomUnsignedIntEncoding" time="0.000" classname="org.jsimpledb.util.UnsignedIntEncoderTest"/>
  <testcase name="testRandomUnsignedIntEncoding" time="0.000" classname="org.jsimpledb.util.UnsignedIntEncoderTest"/>
  <testcase name="testRandomUnsignedIntEncoding" time="0.000" classname="org.jsimpledb.util.UnsignedIntEncoderTest"/>
  <testcase name="testRandomUnsignedIntEncoding" time="0.000" classname="org.jsimpledb.util.UnsignedIntEncoderTest"/>
  <testcase name="testRandomUnsignedIntEncoding" time="0.000" classname="org.jsimpledb.util.UnsignedIntEncoderTest"/>
  <testcase name="testRandomUnsignedIntEncoding" time="0.000" classname="org.jsimpledb.util.UnsignedIntEncoderTest"/>
  <testcase name="testRandomUnsignedIntEncoding" time="0.000" classname="org.jsimpledb.util.UnsignedIntEncoderTest"/>
  <testcase name="testRandomUnsignedIntEncoding" time="0.000" classname="org.jsimpledb.util.UnsignedIntEncoderTest"/>
  <testcase name="testRandomUnsignedIntEncoding" time="0.000" classname="org.jsimpledb.util.UnsignedIntEncoderTest"/>
  <testcase name="testRandomUnsignedIntEncoding" time="0.000" classname="org.jsimpledb.util.UnsignedIntEncoderTest"/>
  <testcase name="testRandomUnsignedIntEncoding" time="0.000" classname="org.jsimpledb.util.UnsignedIntEncoderTest"/>
  <testcase name="testRandomUnsignedIntEncoding" time="0.000" classname="org.jsimpledb.util.UnsignedIntEncoderTest"/>
  <testcase name="testRandomUnsignedIntEncoding" time="0.000" classname="org.jsimpledb.util.UnsignedIntEncoderTest"/>
  <testcase name="testRandomUnsignedIntEncoding" time="0.000" classname="org.jsimpledb.util.UnsignedIntEncoderTest"/>
  <testcase name="testRandomUnsignedIntEncoding" time="0.000" classname="org.jsimpledb.util.UnsignedIntEncoderTest"/>
  <testcase name="testRandomUnsignedIntEncoding" time="0.000" classname="org.jsimpledb.util.UnsignedIntEncoderTest"/>
  <testcase name="testRandomUnsignedIntEncoding" time="0.000" classname="org.jsimpledb.util.UnsignedIntEncoderTest"/>
  <testcase name="testRandomUnsignedIntEncoding" time="0.000" classname="org.jsimpledb.util.UnsignedIntEncoderTest"/>
  <testcase name="testRandomUnsignedIntEncoding" time="0.000" classname="org.jsimpledb.util.UnsignedIntEncoderTest"/>
  <testcase name="testRandomUnsignedIntEncoding" time="0.000" classname="org.jsimpledb.util.UnsignedIntEncoderTest"/>
  <testcase name="testRandomUnsignedIntEncoding" time="0.000" classname="org.jsimpledb.util.UnsignedIntEncoderTest"/>
  <testcase name="testRandomUnsignedIntEncoding" time="0.000" classname="org.jsimpledb.util.UnsignedIntEncoderTest"/>
  <testcase name="testRandomUnsignedIntEncoding" time="0.000" classname="org.jsimpledb.util.UnsignedIntEncoderTest"/>
  <testcase name="testRandomUnsignedIntEncoding" time="0.000" classname="org.jsimpledb.util.UnsignedIntEncoderTest"/>
  <testcase name="testRandomUnsignedIntEncoding" time="0.000" classname="org.jsimpledb.util.UnsignedIntEncoderTest"/>
  <testcase name="testRandomUnsignedIntEncoding" time="0.000" classname="org.jsimpledb.util.UnsignedIntEncoderTest"/>
  <testcase name="testRandomUnsignedIntEncoding" time="0.001" classname="org.jsimpledb.util.UnsignedIntEncoderTest"/>
  <testcase name="testRandomUnsignedIntEncoding" time="0.000" classname="org.jsimpledb.util.UnsignedIntEncoderTest"/>
  <testcase name="testRandomUnsignedIntEncoding" time="0.000" classname="org.jsimpledb.util.UnsignedIntEncoderTest"/>
  <testcase name="testRandomUnsignedIntEncoding" time="0.000" classname="org.jsimpledb.util.UnsignedIntEncoderTest"/>
  <testcase name="testRandomUnsignedIntEncoding" time="0.000" classname="org.jsimpledb.util.UnsignedIntEncoderTest"/>
  <testcase name="testRandomUnsignedIntEncoding" time="0.000" classname="org.jsimpledb.util.UnsignedIntEncoderTest"/>
  <testcase name="testRandomUnsignedIntEncoding" time="0.000" classname="org.jsimpledb.util.UnsignedIntEncoderTest"/>
  <testcase name="testRandomUnsignedIntEncoding" time="0.000" classname="org.jsimpledb.util.UnsignedIntEncoderTest"/>
  <testcase name="testRandomUnsignedIntEncoding" time="0.000" classname="org.jsimpledb.util.UnsignedIntEncoderTest"/>
  <testcase name="testRandomUnsignedIntEncoding" time="0.000" classname="org.jsimpledb.util.UnsignedIntEncoderTest"/>
  <testcase name="testRandomUnsignedIntEncoding" time="0.000" classname="org.jsimpledb.util.UnsignedIntEncoderTest"/>
  <testcase name="testRandomUnsignedIntEncoding" time="0.000" classname="org.jsimpledb.util.UnsignedIntEncoderTest"/>
  <testcase name="testRandomUnsignedIntEncoding" time="0.000" classname="org.jsimpledb.util.UnsignedIntEncoderTest"/>
  <testcase name="testRandomUnsignedIntEncoding" time="0.000" classname="org.jsimpledb.util.UnsignedIntEncoderTest"/>
  <testcase name="testRandomUnsignedIntEncoding" time="0.000" classname="org.jsimpledb.util.UnsignedIntEncoderTest"/>
  <testcase name="testRandomUnsignedIntEncoding" time="0.000" classname="org.jsimpledb.util.UnsignedIntEncoderTest"/>
  <testcase name="testRandomUnsignedIntEncoding" time="0.000" classname="org.jsimpledb.util.UnsignedIntEncoderTest"/>
  <testcase name="testRandomUnsignedIntEncoding" time="0.000" classname="org.jsimpledb.util.UnsignedIntEncoderTest"/>
  <testcase name="testRandomUnsignedIntEncoding" time="0.000" classname="org.jsimpledb.util.UnsignedIntEncoderTest"/>
  <testcase name="testRandomUnsignedIntEncoding" time="0.000" classname="org.jsimpledb.util.UnsignedIntEncoderTest"/>
  <testcase name="testRandomUnsignedIntEncoding" time="0.000" classname="org.jsimpledb.util.UnsignedIntEncoderTest"/>
  <testcase name="testRandomUnsignedIntEncoding" time="0.000" classname="org.jsimpledb.util.UnsignedIntEncoderTest"/>
  <testcase name="testRandomUnsignedIntEncoding" time="0.000" classname="org.jsimpledb.util.UnsignedIntEncoderTest"/>
  <testcase name="testRandomUnsignedIntEncoding" time="0.000" classname="org.jsimpledb.util.UnsignedIntEncoderTest"/>
  <testcase name="testRandomUnsignedIntEncoding" time="0.000" classname="org.jsimpledb.util.UnsignedIntEncoderTest"/>
  <testcase name="testRandomUnsignedIntEncoding" time="0.000" classname="org.jsimpledb.util.UnsignedIntEncoderTest"/>
  <testcase name="testRandomUnsignedIntEncoding" time="0.000" classname="org.jsimpledb.util.UnsignedIntEncoderTest"/>
  <testcase name="testRandomUnsignedIntEncoding" time="0.000" classname="org.jsimpledb.util.UnsignedIntEncoderTest"/>
  <testcase name="testRandomUnsignedIntEncoding" time="0.000" classname="org.jsimpledb.util.UnsignedIntEncoderTest"/>
  <testcase name="testRandomUnsignedIntEncoding" time="0.000" classname="org.jsimpledb.util.UnsignedIntEncoderTest"/>
  <testcase name="testRandomUnsignedIntEncoding" time="0.000" classname="org.jsimpledb.util.UnsignedIntEncoderTest"/>
  <testcase name="testRandomUnsignedIntEncoding" time="0.000" classname="org.jsimpledb.util.UnsignedIntEncoderTest"/>
  <testcase name="testRandomUnsignedIntEncoding" time="0.000" classname="org.jsimpledb.util.UnsignedIntEncoderTest"/>
  <testcase name="testRandomUnsignedIntEncoding" time="0.000" classname="org.jsimpledb.util.UnsignedIntEncoderTest"/>
  <testcase name="testRandomUnsignedIntEncoding" time="0.000" classname="org.jsimpledb.util.UnsignedIntEncoderTest"/>
  <testcase name="testRandomUnsignedIntEncoding" time="0.000" classname="org.jsimpledb.util.UnsignedIntEncoderTest"/>
  <testcase name="testRandomUnsignedIntEncoding" time="0.000" classname="org.jsimpledb.util.UnsignedIntEncoderTest"/>
  <testcase name="testRandomUnsignedIntEncoding" time="0.000" classname="org.jsimpledb.util.UnsignedIntEncoderTest"/>
  <testcase name="testRandomUnsignedIntEncoding" time="0.001" classname="org.jsimpledb.util.UnsignedIntEncoderTest"/>
  <testcase name="testRandomUnsignedIntEncoding" time="0.000" classname="org.jsimpledb.util.UnsignedIntEncoderTest"/>
  <testcase name="testRandomUnsignedIntEncoding" time="0.000" classname="org.jsimpledb.util.UnsignedIntEncoderTest"/>
  <testcase name="testRandomUnsignedIntEncoding" time="0.000" classname="org.jsimpledb.util.UnsignedIntEncoderTest"/>
  <testcase name="testRandomUnsignedIntEncoding" time="0.000" classname="org.jsimpledb.util.UnsignedIntEncoderTest"/>
  <testcase name="testRandomUnsignedIntEncoding" time="0.000" classname="org.jsimpledb.util.UnsignedIntEncoderTest"/>
  <testcase name="testRandomUnsignedIntEncoding" time="0.000" classname="org.jsimpledb.util.UnsignedIntEncoderTest"/>
  <testcase name="testRandomUnsignedIntEncoding" time="0.000" classname="org.jsimpledb.util.UnsignedIntEncoderTest"/>
  <testcase name="testRandomUnsignedIntEncoding" time="0.000" classname="org.jsimpledb.util.UnsignedIntEncoderTest"/>
  <testcase name="testRandomUnsignedIntEncoding" time="0.000" classname="org.jsimpledb.util.UnsignedIntEncoderTest"/>
</testsuite> <!-- org.jsimpledb.util.UnsignedIntEncoderTest -->
