<?xml version="1.0" encoding="UTF-8"?>
<!-- Generated by org.testng.reporters.JUnitReportReporter -->
<testsuite hostname="retina.dellroad.org" name="org.dellroad.stuff.java.GraphClonableTest" tests="5" failures="0" timestamp="3 Nov 2013 17:49:01 GMT" time="0.000" errors="0">
  <testcase name="test3" time="0.000" classname="org.dellroad.stuff.java.GraphClonableTest"/>
  <testcase name="test4" time="0.000" classname="org.dellroad.stuff.java.GraphClonableTest"/>
  <testcase name="test1" time="0.000" classname="org.dellroad.stuff.java.GraphClonableTest"/>
  <testcase name="test5" time="0.000" classname="org.dellroad.stuff.java.GraphClonableTest"/>
  <testcase name="test2" time="0.000" classname="org.dellroad.stuff.java.GraphClonableTest"/>
</testsuite> <!-- org.dellroad.stuff.java.GraphClonableTest -->
