<?xml version="1.0" encoding="UTF-8"?>
<!-- Generated by org.testng.reporters.JUnitReportReporter -->
<testsuite hostname="retina.dellroad.org" name="org.jsimpledb.JObjectCopyTest" tests="2" failures="0" timestamp="19 Nov 2015 23:06:58 GMT" time="0.022" errors="0">
  <testcase name="testCopyMultiplePath" time="0.011" classname="org.jsimpledb.JObjectCopyTest"/>
  <testcase name="testCopyWithPath" time="0.011" classname="org.jsimpledb.JObjectCopyTest"/>
</testsuite> <!-- org.jsimpledb.JObjectCopyTest -->
