<?xml version="1.0" encoding="UTF-8"?>
<testng-results skipped="0" failed="0" total="223" passed="223">
  <reporter-output>
  </reporter-output>
  <suite name="Unit Test Suite" duration-ms="1438" started-at="2013-11-03T17:48:59Z" finished-at="2013-11-03T17:49:00Z">
    <groups>
    </groups>
    <test name="Unit Tests" duration-ms="1438" started-at="2013-11-03T17:48:59Z" finished-at="2013-11-03T17:49:00Z">
      <class name="org.dellroad.stuff.io.NullModemTest">
        <test-method status="PASS" signature="seedRandom(java.lang.String)[pri:0, instance:org.dellroad.stuff.io.NullModemTest@7bb21521]" name="seedRandom" is-config="true" duration-ms="0" started-at="2013-11-03T11:49:00Z" finished-at="2013-11-03T11:49:00Z">
          <params>
            <param index="0">
              <value>
                <![CDATA[]]>
              </value>
            </param>
          </params>
          <reporter-output>
          </reporter-output>
        </test-method> <!-- seedRandom -->
        <test-method status="PASS" signature="setUpValidator()[pri:0, instance:org.dellroad.stuff.io.NullModemTest@7bb21521]" name="setUpValidator" is-config="true" duration-ms="2" started-at="2013-11-03T11:49:00Z" finished-at="2013-11-03T11:49:00Z">
          <reporter-output>
          </reporter-output>
        </test-method> <!-- setUpValidator -->
        <test-method status="PASS" signature="testInput()[pri:0, instance:org.dellroad.stuff.io.NullModemTest@7bb21521]" name="testInput" duration-ms="1" started-at="2013-11-03T11:49:00Z" finished-at="2013-11-03T11:49:00Z">
          <reporter-output>
          </reporter-output>
        </test-method> <!-- testInput -->
        <test-method status="PASS" signature="testOutput()[pri:0, instance:org.dellroad.stuff.io.NullModemTest@7bb21521]" name="testOutput" duration-ms="1" started-at="2013-11-03T11:49:00Z" finished-at="2013-11-03T11:49:00Z">
          <reporter-output>
          </reporter-output>
        </test-method> <!-- testOutput -->
      </class> <!-- org.dellroad.stuff.io.NullModemTest -->
      <class name="org.dellroad.stuff.string.ByteArrayEncoderTest">
        <test-method status="PASS" signature="setUpValidator()[pri:0, instance:org.dellroad.stuff.string.ByteArrayEncoderTest@5577d330]" name="setUpValidator" is-config="true" duration-ms="2" started-at="2013-11-03T11:48:59Z" finished-at="2013-11-03T11:48:59Z">
          <reporter-output>
          </reporter-output>
        </test-method> <!-- setUpValidator -->
        <test-method status="PASS" signature="seedRandom(java.lang.String)[pri:0, instance:org.dellroad.stuff.string.ByteArrayEncoderTest@5577d330]" name="seedRandom" is-config="true" duration-ms="0" started-at="2013-11-03T11:48:59Z" finished-at="2013-11-03T11:48:59Z">
          <params>
            <param index="0">
              <value>
                <![CDATA[]]>
              </value>
            </param>
          </params>
          <reporter-output>
          </reporter-output>
        </test-method> <!-- seedRandom -->
        <test-method status="PASS" signature="testByteArrayEncoding(java.lang.String, [B, java.lang.String)[pri:0, instance:org.dellroad.stuff.string.ByteArrayEncoderTest@5577d330]" name="testByteArrayEncoding" duration-ms="1" started-at="2013-11-03T11:48:59Z" data-provider="data" finished-at="2013-11-03T11:48:59Z">
          <params>
            <param index="0">
              <value>
                <![CDATA[  ]]>
              </value>
            </param>
            <param index="1">
              <value>
                <![CDATA[[B@6d2efbbd]]>
              </value>
            </param>
            <param index="2">
              <value>
                <![CDATA[]]>
              </value>
            </param>
          </params>
          <reporter-output>
          </reporter-output>
        </test-method> <!-- testByteArrayEncoding -->
        <test-method status="PASS" signature="testByteArrayEncoding(java.lang.String, [B, java.lang.String)[pri:0, instance:org.dellroad.stuff.string.ByteArrayEncoderTest@5577d330]" name="testByteArrayEncoding" duration-ms="0" started-at="2013-11-03T11:48:59Z" data-provider="data" finished-at="2013-11-03T11:48:59Z">
          <params>
            <param index="0">
              <value>
                <![CDATA[]]>
              </value>
            </param>
            <param index="1">
              <value>
                <![CDATA[[B@576ddaaa]]>
              </value>
            </param>
            <param index="2">
              <value>
                <![CDATA[]]>
              </value>
            </param>
          </params>
          <reporter-output>
          </reporter-output>
        </test-method> <!-- testByteArrayEncoding -->
        <test-method status="PASS" signature="testByteArrayEncoding(java.lang.String, [B, java.lang.String)[pri:0, instance:org.dellroad.stuff.string.ByteArrayEncoderTest@5577d330]" name="testByteArrayEncoding" duration-ms="0" started-at="2013-11-03T11:48:59Z" data-provider="data" finished-at="2013-11-03T11:48:59Z">
          <params>
            <param index="0">
              <value>
                <![CDATA[ 	
]]>
              </value>
            </param>
            <param index="1">
              <value>
                <![CDATA[[B@27916d4b]]>
              </value>
            </param>
            <param index="2">
              <value>
                <![CDATA[]]>
              </value>
            </param>
          </params>
          <reporter-output>
          </reporter-output>
        </test-method> <!-- testByteArrayEncoding -->
        <test-method status="PASS" signature="testByteArrayEncoding(java.lang.String, [B, java.lang.String)[pri:0, instance:org.dellroad.stuff.string.ByteArrayEncoderTest@5577d330]" name="testByteArrayEncoding" duration-ms="1" started-at="2013-11-03T11:48:59Z" data-provider="data" finished-at="2013-11-03T11:48:59Z">
          <params>
            <param index="0">
              <value>
                <![CDATA[AB]]>
              </value>
            </param>
            <param index="1">
              <value>
                <![CDATA[[B@1e36e1e4]]>
              </value>
            </param>
            <param index="2">
              <value>
                <![CDATA[ab]]>
              </value>
            </param>
          </params>
          <reporter-output>
          </reporter-output>
        </test-method> <!-- testByteArrayEncoding -->
        <test-method status="PASS" signature="testByteArrayEncoding(java.lang.String, [B, java.lang.String)[pri:0, instance:org.dellroad.stuff.string.ByteArrayEncoderTest@5577d330]" name="testByteArrayEncoding" duration-ms="0" started-at="2013-11-03T11:48:59Z" data-provider="data" finished-at="2013-11-03T11:48:59Z">
          <params>
            <param index="0">
              <value>
                <![CDATA[12]]>
              </value>
            </param>
            <param index="1">
              <value>
                <![CDATA[[B@3c9e6b38]]>
              </value>
            </param>
            <param index="2">
              <value>
                <![CDATA[12]]>
              </value>
            </param>
          </params>
          <reporter-output>
          </reporter-output>
        </test-method> <!-- testByteArrayEncoding -->
        <test-method status="PASS" signature="testByteArrayEncoding(java.lang.String, [B, java.lang.String)[pri:0, instance:org.dellroad.stuff.string.ByteArrayEncoderTest@5577d330]" name="testByteArrayEncoding" duration-ms="0" started-at="2013-11-03T11:48:59Z" data-provider="data" finished-at="2013-11-03T11:48:59Z">
          <params>
            <param index="0">
              <value>
                <![CDATA[AB]]>
              </value>
            </param>
            <param index="1">
              <value>
                <![CDATA[[B@4491489f]]>
              </value>
            </param>
            <param index="2">
              <value>
                <![CDATA[ab]]>
              </value>
            </param>
          </params>
          <reporter-output>
          </reporter-output>
        </test-method> <!-- testByteArrayEncoding -->
        <test-method status="PASS" signature="testByteArrayEncoding(java.lang.String, [B, java.lang.String)[pri:0, instance:org.dellroad.stuff.string.ByteArrayEncoderTest@5577d330]" name="testByteArrayEncoding" duration-ms="0" started-at="2013-11-03T11:48:59Z" data-provider="data" finished-at="2013-11-03T11:48:59Z">
          <params>
            <param index="0">
              <value>
                <![CDATA[ac
dc

]]>
              </value>
            </param>
            <param index="1">
              <value>
                <![CDATA[[B@7969bd8b]]>
              </value>
            </param>
            <param index="2">
              <value>
                <![CDATA[acdc]]>
              </value>
            </param>
          </params>
          <reporter-output>
          </reporter-output>
        </test-method> <!-- testByteArrayEncoding -->
        <test-method status="PASS" signature="testByteArrayEncoding(java.lang.String, [B, java.lang.String)[pri:0, instance:org.dellroad.stuff.string.ByteArrayEncoderTest@5577d330]" name="testByteArrayEncoding" duration-ms="1" started-at="2013-11-03T11:48:59Z" data-provider="data" finished-at="2013-11-03T11:48:59Z">
          <params>
            <param index="0">
              <value>
                <![CDATA[0]]>
              </value>
            </param>
            <param index="1">
              <value is-null="true"/>
            </param>
            <param index="2">
              <value is-null="true"/>
            </param>
          </params>
          <reporter-output>
          </reporter-output>
        </test-method> <!-- testByteArrayEncoding -->
        <test-method status="PASS" signature="testByteArrayEncoding(java.lang.String, [B, java.lang.String)[pri:0, instance:org.dellroad.stuff.string.ByteArrayEncoderTest@5577d330]" name="testByteArrayEncoding" duration-ms="0" started-at="2013-11-03T11:48:59Z" data-provider="data" finished-at="2013-11-03T11:48:59Z">
          <params>
            <param index="0">
              <value>
                <![CDATA[ 1 2 3 4 ]]>
              </value>
            </param>
            <param index="1">
              <value>
                <![CDATA[[B@25284f3b]]>
              </value>
            </param>
            <param index="2">
              <value>
                <![CDATA[1234]]>
              </value>
            </param>
          </params>
          <reporter-output>
          </reporter-output>
        </test-method> <!-- testByteArrayEncoding -->
        <test-method status="PASS" signature="testByteArrayEncoding(java.lang.String, [B, java.lang.String)[pri:0, instance:org.dellroad.stuff.string.ByteArrayEncoderTest@5577d330]" name="testByteArrayEncoding" duration-ms="0" started-at="2013-11-03T11:48:59Z" data-provider="data" finished-at="2013-11-03T11:48:59Z">
          <params>
            <param index="0">
              <value>
                <![CDATA[987654321]]>
              </value>
            </param>
            <param index="1">
              <value is-null="true"/>
            </param>
            <param index="2">
              <value is-null="true"/>
            </param>
          </params>
          <reporter-output>
          </reporter-output>
        </test-method> <!-- testByteArrayEncoding -->
        <test-method status="PASS" signature="testByteArrayEncoding(java.lang.String, [B, java.lang.String)[pri:0, instance:org.dellroad.stuff.string.ByteArrayEncoderTest@5577d330]" name="testByteArrayEncoding" duration-ms="1" started-at="2013-11-03T11:48:59Z" data-provider="data" finished-at="2013-11-03T11:48:59Z">
          <params>
            <param index="0">
              <value>
                <![CDATA[-00]]>
              </value>
            </param>
            <param index="1">
              <value is-null="true"/>
            </param>
            <param index="2">
              <value is-null="true"/>
            </param>
          </params>
          <reporter-output>
          </reporter-output>
        </test-method> <!-- testByteArrayEncoding -->
        <test-method status="PASS" signature="testByteArrayEncoding(java.lang.String, [B, java.lang.String)[pri:0, instance:org.dellroad.stuff.string.ByteArrayEncoderTest@5577d330]" name="testByteArrayEncoding" duration-ms="0" started-at="2013-11-03T11:48:59Z" data-provider="data" finished-at="2013-11-03T11:48:59Z">
          <params>
            <param index="0">
              <value>
                <![CDATA[3+]]>
              </value>
            </param>
            <param index="1">
              <value is-null="true"/>
            </param>
            <param index="2">
              <value is-null="true"/>
            </param>
          </params>
          <reporter-output>
          </reporter-output>
        </test-method> <!-- testByteArrayEncoding -->
        <test-method status="PASS" signature="testByteArrayEncoding(java.lang.String, [B, java.lang.String)[pri:0, instance:org.dellroad.stuff.string.ByteArrayEncoderTest@5577d330]" name="testByteArrayEncoding" duration-ms="0" started-at="2013-11-03T11:48:59Z" data-provider="data" finished-at="2013-11-03T11:48:59Z">
          <params>
            <param index="0">
              <value>
                <![CDATA[+00]]>
              </value>
            </param>
            <param index="1">
              <value is-null="true"/>
            </param>
            <param index="2">
              <value is-null="true"/>
            </param>
          </params>
          <reporter-output>
          </reporter-output>
        </test-method> <!-- testByteArrayEncoding -->
        <test-method status="PASS" signature="testByteArrayEncoding(java.lang.String, [B, java.lang.String)[pri:0, instance:org.dellroad.stuff.string.ByteArrayEncoderTest@5577d330]" name="testByteArrayEncoding" duration-ms="0" started-at="2013-11-03T11:48:59Z" data-provider="data" finished-at="2013-11-03T11:48:59Z">
          <params>
            <param index="0">
              <value>
                <![CDATA[1g]]>
              </value>
            </param>
            <param index="1">
              <value is-null="true"/>
            </param>
            <param index="2">
              <value is-null="true"/>
            </param>
          </params>
          <reporter-output>
          </reporter-output>
        </test-method> <!-- testByteArrayEncoding -->
      </class> <!-- org.dellroad.stuff.string.ByteArrayEncoderTest -->
      <class name="org.dellroad.stuff.schema.SchemaUpdateTest">
        <test-method status="PASS" signature="seedRandom(java.lang.String)[pri:0, instance:org.dellroad.stuff.schema.SchemaUpdateTest@7efa302c]" name="seedRandom" is-config="true" duration-ms="1" started-at="2013-11-03T11:48:59Z" finished-at="2013-11-03T11:48:59Z">
          <params>
            <param index="0">
              <value>
                <![CDATA[]]>
              </value>
            </param>
          </params>
          <reporter-output>
          </reporter-output>
        </test-method> <!-- seedRandom -->
        <test-method status="PASS" signature="setUpValidator()[pri:0, instance:org.dellroad.stuff.schema.SchemaUpdateTest@7efa302c]" name="setUpValidator" is-config="true" duration-ms="1" started-at="2013-11-03T11:48:59Z" finished-at="2013-11-03T11:48:59Z">
          <reporter-output>
          </reporter-output>
        </test-method> <!-- setUpValidator -->
        <test-method status="PASS" signature="openContext(java.lang.reflect.Method)[pri:0, instance:org.dellroad.stuff.schema.SchemaUpdateTest@7efa302c]" name="openContext" is-config="true" duration-ms="385" started-at="2013-11-03T11:48:59Z" finished-at="2013-11-03T11:49:00Z">
          <params>
            <param index="0">
              <value>
                <![CDATA[public void org.dellroad.stuff.schema.SchemaUpdateTest.testBasicSchemaUpdate() throws java.lang.Exception]]>
              </value>
            </param>
          </params>
          <reporter-output>
          </reporter-output>
        </test-method> <!-- openContext -->
        <test-method status="PASS" signature="testBasicSchemaUpdate()[pri:0, instance:org.dellroad.stuff.schema.SchemaUpdateTest@7efa302c]" name="testBasicSchemaUpdate" duration-ms="43" started-at="2013-11-03T11:49:00Z" finished-at="2013-11-03T11:49:00Z">
          <reporter-output>
          </reporter-output>
        </test-method> <!-- testBasicSchemaUpdate -->
        <test-method status="PASS" signature="closeContext(java.lang.reflect.Method)[pri:0, instance:org.dellroad.stuff.schema.SchemaUpdateTest@7efa302c]" name="closeContext" is-config="true" duration-ms="1" started-at="2013-11-03T11:49:00Z" finished-at="2013-11-03T11:49:00Z">
          <params>
            <param index="0">
              <value>
                <![CDATA[public void org.dellroad.stuff.schema.SchemaUpdateTest.testBasicSchemaUpdate() throws java.lang.Exception]]>
              </value>
            </param>
          </params>
          <reporter-output>
          </reporter-output>
        </test-method> <!-- closeContext -->
        <test-method status="PASS" signature="openContext(java.lang.reflect.Method)[pri:0, instance:org.dellroad.stuff.schema.SchemaUpdateTest@7efa302c]" name="openContext" is-config="true" duration-ms="53" started-at="2013-11-03T11:49:00Z" finished-at="2013-11-03T11:49:00Z">
          <params>
            <param index="0">
              <value>
                <![CDATA[public void org.dellroad.stuff.schema.SchemaUpdateTest.testEmptySchemaUpdate() throws java.lang.Exception]]>
              </value>
            </param>
          </params>
          <reporter-output>
          </reporter-output>
        </test-method> <!-- openContext -->
        <test-method status="PASS" signature="testEmptySchemaUpdate()[pri:0, instance:org.dellroad.stuff.schema.SchemaUpdateTest@7efa302c]" name="testEmptySchemaUpdate" duration-ms="1" started-at="2013-11-03T11:49:00Z" finished-at="2013-11-03T11:49:00Z">
          <reporter-output>
          </reporter-output>
        </test-method> <!-- testEmptySchemaUpdate -->
        <test-method status="PASS" signature="closeContext(java.lang.reflect.Method)[pri:0, instance:org.dellroad.stuff.schema.SchemaUpdateTest@7efa302c]" name="closeContext" is-config="true" duration-ms="0" started-at="2013-11-03T11:49:00Z" finished-at="2013-11-03T11:49:00Z">
          <params>
            <param index="0">
              <value>
                <![CDATA[public void org.dellroad.stuff.schema.SchemaUpdateTest.testEmptySchemaUpdate() throws java.lang.Exception]]>
              </value>
            </param>
          </params>
          <reporter-output>
          </reporter-output>
        </test-method> <!-- closeContext -->
        <test-method status="PASS" signature="openContext(java.lang.reflect.Method)[pri:0, instance:org.dellroad.stuff.schema.SchemaUpdateTest@7efa302c]" name="openContext" is-config="true" duration-ms="36" started-at="2013-11-03T11:49:00Z" finished-at="2013-11-03T11:49:00Z">
          <params>
            <param index="0">
              <value>
                <![CDATA[public void org.dellroad.stuff.schema.SchemaUpdateTest.testInitializeSchemaUpdate() throws java.lang.Exception]]>
              </value>
            </param>
          </params>
          <reporter-output>
          </reporter-output>
        </test-method> <!-- openContext -->
        <test-method status="PASS" signature="testInitializeSchemaUpdate()[pri:0, instance:org.dellroad.stuff.schema.SchemaUpdateTest@7efa302c]" name="testInitializeSchemaUpdate" duration-ms="1" started-at="2013-11-03T11:49:00Z" finished-at="2013-11-03T11:49:00Z">
          <reporter-output>
          </reporter-output>
        </test-method> <!-- testInitializeSchemaUpdate -->
        <test-method status="PASS" signature="closeContext(java.lang.reflect.Method)[pri:0, instance:org.dellroad.stuff.schema.SchemaUpdateTest@7efa302c]" name="closeContext" is-config="true" duration-ms="1" started-at="2013-11-03T11:49:00Z" finished-at="2013-11-03T11:49:00Z">
          <params>
            <param index="0">
              <value>
                <![CDATA[public void org.dellroad.stuff.schema.SchemaUpdateTest.testInitializeSchemaUpdate() throws java.lang.Exception]]>
              </value>
            </param>
          </params>
          <reporter-output>
          </reporter-output>
        </test-method> <!-- closeContext -->
        <test-method status="PASS" signature="openContext(java.lang.reflect.Method)[pri:0, instance:org.dellroad.stuff.schema.SchemaUpdateTest@7efa302c]" name="openContext" is-config="true" duration-ms="41" started-at="2013-11-03T11:49:00Z" finished-at="2013-11-03T11:49:00Z">
          <params>
            <param index="0">
              <value>
                <![CDATA[public void org.dellroad.stuff.schema.SchemaUpdateTest.testMultiActionSchemaUpdate() throws java.lang.Exception]]>
              </value>
            </param>
          </params>
          <reporter-output>
          </reporter-output>
        </test-method> <!-- openContext -->
        <test-method status="PASS" signature="testMultiActionSchemaUpdate()[pri:0, instance:org.dellroad.stuff.schema.SchemaUpdateTest@7efa302c]" name="testMultiActionSchemaUpdate" duration-ms="5" started-at="2013-11-03T11:49:00Z" finished-at="2013-11-03T11:49:00Z">
          <reporter-output>
          </reporter-output>
        </test-method> <!-- testMultiActionSchemaUpdate -->
        <test-method status="PASS" signature="closeContext(java.lang.reflect.Method)[pri:0, instance:org.dellroad.stuff.schema.SchemaUpdateTest@7efa302c]" name="closeContext" is-config="true" duration-ms="0" started-at="2013-11-03T11:49:00Z" finished-at="2013-11-03T11:49:00Z">
          <params>
            <param index="0">
              <value>
                <![CDATA[public void org.dellroad.stuff.schema.SchemaUpdateTest.testMultiActionSchemaUpdate() throws java.lang.Exception]]>
              </value>
            </param>
          </params>
          <reporter-output>
          </reporter-output>
        </test-method> <!-- closeContext -->
        <test-method status="PASS" signature="openContext(java.lang.reflect.Method)[pri:0, instance:org.dellroad.stuff.schema.SchemaUpdateTest@7efa302c]" name="openContext" is-config="true" duration-ms="33" started-at="2013-11-03T11:49:00Z" finished-at="2013-11-03T11:49:00Z">
          <params>
            <param index="0">
              <value>
                <![CDATA[public void org.dellroad.stuff.schema.SchemaUpdateTest.testUnexpectedSchemaUpdate() throws java.lang.Exception]]>
              </value>
            </param>
          </params>
          <reporter-output>
          </reporter-output>
        </test-method> <!-- openContext -->
        <test-method status="PASS" signature="testUnexpectedSchemaUpdate()[pri:0, instance:org.dellroad.stuff.schema.SchemaUpdateTest@7efa302c]" name="testUnexpectedSchemaUpdate" duration-ms="2" started-at="2013-11-03T11:49:00Z" finished-at="2013-11-03T11:49:00Z">
          <reporter-output>
          </reporter-output>
        </test-method> <!-- testUnexpectedSchemaUpdate -->
        <test-method status="PASS" signature="closeContext(java.lang.reflect.Method)[pri:0, instance:org.dellroad.stuff.schema.SchemaUpdateTest@7efa302c]" name="closeContext" is-config="true" duration-ms="0" started-at="2013-11-03T11:49:00Z" finished-at="2013-11-03T11:49:00Z">
          <params>
            <param index="0">
              <value>
                <![CDATA[public void org.dellroad.stuff.schema.SchemaUpdateTest.testUnexpectedSchemaUpdate() throws java.lang.Exception]]>
              </value>
            </param>
          </params>
          <reporter-output>
          </reporter-output>
        </test-method> <!-- closeContext -->
      </class> <!-- org.dellroad.stuff.schema.SchemaUpdateTest -->
      <class name="org.dellroad.stuff.io.StreamsTest">
        <test-method status="PASS" signature="seedRandom(java.lang.String)[pri:0, instance:org.dellroad.stuff.io.StreamsTest@154aa766]" name="seedRandom" is-config="true" duration-ms="0" started-at="2013-11-03T11:49:00Z" finished-at="2013-11-03T11:49:00Z">
          <params>
            <param index="0">
              <value>
                <![CDATA[]]>
              </value>
            </param>
          </params>
          <reporter-output>
          </reporter-output>
        </test-method> <!-- seedRandom -->
        <test-method status="PASS" signature="setUpValidator()[pri:0, instance:org.dellroad.stuff.io.StreamsTest@154aa766]" name="setUpValidator" is-config="true" duration-ms="2" started-at="2013-11-03T11:49:00Z" finished-at="2013-11-03T11:49:00Z">
          <reporter-output>
          </reporter-output>
        </test-method> <!-- setUpValidator -->
        <test-method status="PASS" signature="testStreams()[pri:0, instance:org.dellroad.stuff.io.StreamsTest@154aa766]" name="testStreams" duration-ms="46" started-at="2013-11-03T11:49:00Z" finished-at="2013-11-03T11:49:00Z">
          <reporter-output>
          </reporter-output>
        </test-method> <!-- testStreams -->
      </class> <!-- org.dellroad.stuff.io.StreamsTest -->
      <class name="org.dellroad.stuff.pobj.PersistentObjectTest">
        <test-method status="PASS" signature="seedRandom(java.lang.String)[pri:0, instance:org.dellroad.stuff.pobj.PersistentObjectTest@4d50a1ac]" name="seedRandom" is-config="true" duration-ms="0" started-at="2013-11-03T11:49:00Z" finished-at="2013-11-03T11:49:00Z">
          <params>
            <param index="0">
              <value>
                <![CDATA[]]>
              </value>
            </param>
          </params>
          <reporter-output>
          </reporter-output>
        </test-method> <!-- seedRandom -->
        <test-method status="PASS" signature="setUpValidator()[pri:0, instance:org.dellroad.stuff.pobj.PersistentObjectTest@4d50a1ac]" name="setUpValidator" is-config="true" duration-ms="1" started-at="2013-11-03T11:49:00Z" finished-at="2013-11-03T11:49:00Z">
          <reporter-output>
          </reporter-output>
        </test-method> <!-- setUpValidator -->
        <test-method status="PASS" signature="openContext(java.lang.reflect.Method)[pri:0, instance:org.dellroad.stuff.pobj.PersistentObjectTest@4d50a1ac]" name="openContext" is-config="true" duration-ms="251" started-at="2013-11-03T11:49:00Z" finished-at="2013-11-03T11:49:00Z">
          <params>
            <param index="0">
              <value>
                <![CDATA[public void org.dellroad.stuff.pobj.PersistentObjectTest.testBasic() throws java.lang.Exception]]>
              </value>
            </param>
          </params>
          <reporter-output>
          </reporter-output>
        </test-method> <!-- openContext -->
        <test-method status="PASS" signature="testBasic()[pri:0, instance:org.dellroad.stuff.pobj.PersistentObjectTest@4d50a1ac]" name="testBasic" duration-ms="20" started-at="2013-11-03T11:49:00Z" finished-at="2013-11-03T11:49:00Z">
          <reporter-output>
          </reporter-output>
        </test-method> <!-- testBasic -->
        <test-method status="PASS" signature="closeContext(java.lang.reflect.Method)[pri:0, instance:org.dellroad.stuff.pobj.PersistentObjectTest@4d50a1ac]" name="closeContext" is-config="true" duration-ms="0" started-at="2013-11-03T11:49:00Z" finished-at="2013-11-03T11:49:00Z">
          <params>
            <param index="0">
              <value>
                <![CDATA[public void org.dellroad.stuff.pobj.PersistentObjectTest.testBasic() throws java.lang.Exception]]>
              </value>
            </param>
          </params>
          <reporter-output>
          </reporter-output>
        </test-method> <!-- closeContext -->
        <test-method status="PASS" signature="openContext(java.lang.reflect.Method)[pri:0, instance:org.dellroad.stuff.pobj.PersistentObjectTest@4d50a1ac]" name="openContext" is-config="true" duration-ms="36" started-at="2013-11-03T11:49:00Z" finished-at="2013-11-03T11:49:00Z">
          <params>
            <param index="0">
              <value>
                <![CDATA[public void org.dellroad.stuff.pobj.PersistentObjectTest.testErrorUpdate() throws java.lang.Exception]]>
              </value>
            </param>
          </params>
          <reporter-output>
          </reporter-output>
        </test-method> <!-- openContext -->
        <test-method status="PASS" signature="closeContext(java.lang.reflect.Method)[pri:0, instance:org.dellroad.stuff.pobj.PersistentObjectTest@4d50a1ac]" name="closeContext" is-config="true" duration-ms="0" started-at="2013-11-03T11:49:00Z" finished-at="2013-11-03T11:49:00Z">
          <params>
            <param index="0">
              <value>
                <![CDATA[public void org.dellroad.stuff.pobj.PersistentObjectTest.testErrorUpdate() throws java.lang.Exception]]>
              </value>
            </param>
          </params>
          <reporter-output>
          </reporter-output>
        </test-method> <!-- closeContext -->
        <test-method status="PASS" signature="testErrorUpdate()[pri:0, instance:org.dellroad.stuff.pobj.PersistentObjectTest@4d50a1ac]" name="testErrorUpdate" duration-ms="0" started-at="2013-11-03T11:49:00Z" finished-at="2013-11-03T11:49:00Z">
          <reporter-output>
          </reporter-output>
        </test-method> <!-- testErrorUpdate -->
      </class> <!-- org.dellroad.stuff.pobj.PersistentObjectTest -->
      <class name="org.dellroad.stuff.graph.TopologicalSorterTest">
        <test-method status="PASS" signature="seedRandom(java.lang.String)[pri:0, instance:org.dellroad.stuff.graph.TopologicalSorterTest@2ec0f87e]" name="seedRandom" is-config="true" duration-ms="11" started-at="2013-11-03T11:48:59Z" finished-at="2013-11-03T11:48:59Z">
          <params>
            <param index="0">
              <value>
                <![CDATA[]]>
              </value>
            </param>
          </params>
          <reporter-output>
          </reporter-output>
        </test-method> <!-- seedRandom -->
        <test-method status="PASS" signature="setUpValidator()[pri:0, instance:org.dellroad.stuff.graph.TopologicalSorterTest@2ec0f87e]" name="setUpValidator" is-config="true" duration-ms="104" started-at="2013-11-03T11:48:59Z" finished-at="2013-11-03T11:48:59Z">
          <reporter-output>
          </reporter-output>
        </test-method> <!-- setUpValidator -->
        <test-method status="PASS" signature="testSort(java.lang.String, java.lang.Boolean, java.lang.String, java.lang.String)[pri:0, instance:org.dellroad.stuff.graph.TopologicalSorterTest@2ec0f87e]" name="testSort" duration-ms="3" started-at="2013-11-03T11:48:59Z" data-provider="data" finished-at="2013-11-03T11:48:59Z">
          <params>
            <param index="0">
              <value>
                <![CDATA[a>b,a>c]]>
              </value>
            </param>
            <param index="1">
              <value>
                <![CDATA[true]]>
              </value>
            </param>
            <param index="2">
              <value>
                <![CDATA[abc]]>
              </value>
            </param>
            <param index="3">
              <value>
                <![CDATA[bca]]>
              </value>
            </param>
          </params>
          <reporter-output>
          </reporter-output>
        </test-method> <!-- testSort -->
        <test-method status="PASS" signature="testSort(java.lang.String, java.lang.Boolean, java.lang.String, java.lang.String)[pri:0, instance:org.dellroad.stuff.graph.TopologicalSorterTest@2ec0f87e]" name="testSort" duration-ms="0" started-at="2013-11-03T11:48:59Z" data-provider="data" finished-at="2013-11-03T11:48:59Z">
          <params>
            <param index="0">
              <value>
                <![CDATA[a>b,a>c]]>
              </value>
            </param>
            <param index="1">
              <value>
                <![CDATA[false]]>
              </value>
            </param>
            <param index="2">
              <value>
                <![CDATA[acb]]>
              </value>
            </param>
            <param index="3">
              <value>
                <![CDATA[cba]]>
              </value>
            </param>
          </params>
          <reporter-output>
          </reporter-output>
        </test-method> <!-- testSort -->
        <test-method status="PASS" signature="testSort(java.lang.String, java.lang.Boolean, java.lang.String, java.lang.String)[pri:0, instance:org.dellroad.stuff.graph.TopologicalSorterTest@2ec0f87e]" name="testSort" duration-ms="1" started-at="2013-11-03T11:48:59Z" data-provider="data" finished-at="2013-11-03T11:48:59Z">
          <params>
            <param index="0">
              <value>
                <![CDATA[w>q,w>z]]>
              </value>
            </param>
            <param index="1">
              <value is-null="true"/>
            </param>
            <param index="2">
              <value>
                <![CDATA[wqz]]>
              </value>
            </param>
            <param index="3">
              <value>
                <![CDATA[qzw]]>
              </value>
            </param>
          </params>
          <reporter-output>
          </reporter-output>
        </test-method> <!-- testSort -->
        <test-method status="PASS" signature="testSort(java.lang.String, java.lang.Boolean, java.lang.String, java.lang.String)[pri:0, instance:org.dellroad.stuff.graph.TopologicalSorterTest@2ec0f87e]" name="testSort" duration-ms="0" started-at="2013-11-03T11:48:59Z" data-provider="data" finished-at="2013-11-03T11:48:59Z">
          <params>
            <param index="0">
              <value>
                <![CDATA[a>b,a>c]]>
              </value>
            </param>
            <param index="1">
              <value is-null="true"/>
            </param>
            <param index="2">
              <value>
                <![CDATA[abc]]>
              </value>
            </param>
            <param index="3">
              <value>
                <![CDATA[bca]]>
              </value>
            </param>
          </params>
          <reporter-output>
          </reporter-output>
        </test-method> <!-- testSort -->
        <test-method status="PASS" signature="testSort(java.lang.String, java.lang.Boolean, java.lang.String, java.lang.String)[pri:0, instance:org.dellroad.stuff.graph.TopologicalSorterTest@2ec0f87e]" name="testSort" duration-ms="1" started-at="2013-11-03T11:48:59Z" data-provider="data" finished-at="2013-11-03T11:48:59Z">
          <params>
            <param index="0">
              <value>
                <![CDATA[f,q,z,a>b,a>c]]>
              </value>
            </param>
            <param index="1">
              <value>
                <![CDATA[true]]>
              </value>
            </param>
            <param index="2">
              <value>
                <![CDATA[abcfqz]]>
              </value>
            </param>
            <param index="3">
              <value>
                <![CDATA[bcafqz]]>
              </value>
            </param>
          </params>
          <reporter-output>
          </reporter-output>
        </test-method> <!-- testSort -->
        <test-method status="PASS" signature="testSort(java.lang.String, java.lang.Boolean, java.lang.String, java.lang.String)[pri:0, instance:org.dellroad.stuff.graph.TopologicalSorterTest@2ec0f87e]" name="testSort" duration-ms="1" started-at="2013-11-03T11:48:59Z" data-provider="data" finished-at="2013-11-03T11:48:59Z">
          <params>
            <param index="0">
              <value>
                <![CDATA[f,q,z,a>b,a>c]]>
              </value>
            </param>
            <param index="1">
              <value>
                <![CDATA[false]]>
              </value>
            </param>
            <param index="2">
              <value>
                <![CDATA[zqfacb]]>
              </value>
            </param>
            <param index="3">
              <value>
                <![CDATA[zqfcba]]>
              </value>
            </param>
          </params>
          <reporter-output>
          </reporter-output>
        </test-method> <!-- testSort -->
        <test-method status="PASS" signature="testSort(java.lang.String, java.lang.Boolean, java.lang.String, java.lang.String)[pri:0, instance:org.dellroad.stuff.graph.TopologicalSorterTest@2ec0f87e]" name="testSort" duration-ms="1" started-at="2013-11-03T11:48:59Z" data-provider="data" finished-at="2013-11-03T11:48:59Z">
          <params>
            <param index="0">
              <value>
                <![CDATA[f,q,z,a>b,a>c]]>
              </value>
            </param>
            <param index="1">
              <value is-null="true"/>
            </param>
            <param index="2">
              <value>
                <![CDATA[fqzabc]]>
              </value>
            </param>
            <param index="3">
              <value>
                <![CDATA[fqzbca]]>
              </value>
            </param>
          </params>
          <reporter-output>
          </reporter-output>
        </test-method> <!-- testSort -->
        <test-method status="PASS" signature="testSort(java.lang.String, java.lang.Boolean, java.lang.String, java.lang.String)[pri:0, instance:org.dellroad.stuff.graph.TopologicalSorterTest@2ec0f87e]" name="testSort" duration-ms="1" started-at="2013-11-03T11:48:59Z" data-provider="data" finished-at="2013-11-03T11:48:59Z">
          <params>
            <param index="0">
              <value>
                <![CDATA[f,q,z>a,a>b,a>c]]>
              </value>
            </param>
            <param index="1">
              <value>
                <![CDATA[true]]>
              </value>
            </param>
            <param index="2">
              <value>
                <![CDATA[fqzabc]]>
              </value>
            </param>
            <param index="3">
              <value>
                <![CDATA[bcafqz]]>
              </value>
            </param>
          </params>
          <reporter-output>
          </reporter-output>
        </test-method> <!-- testSort -->
        <test-method status="PASS" signature="testSort(java.lang.String, java.lang.Boolean, java.lang.String, java.lang.String)[pri:0, instance:org.dellroad.stuff.graph.TopologicalSorterTest@2ec0f87e]" name="testSort" duration-ms="1" started-at="2013-11-03T11:48:59Z" data-provider="data" finished-at="2013-11-03T11:48:59Z">
          <params>
            <param index="0">
              <value>
                <![CDATA[f,q,z>a,a>b,a>c]]>
              </value>
            </param>
            <param index="1">
              <value>
                <![CDATA[false]]>
              </value>
            </param>
            <param index="2">
              <value>
                <![CDATA[zqfacb]]>
              </value>
            </param>
            <param index="3">
              <value>
                <![CDATA[cbazqf]]>
              </value>
            </param>
          </params>
          <reporter-output>
          </reporter-output>
        </test-method> <!-- testSort -->
        <test-method status="PASS" signature="testSort(java.lang.String, java.lang.Boolean, java.lang.String, java.lang.String)[pri:0, instance:org.dellroad.stuff.graph.TopologicalSorterTest@2ec0f87e]" name="testSort" duration-ms="1" started-at="2013-11-03T11:48:59Z" data-provider="data" finished-at="2013-11-03T11:48:59Z">
          <params>
            <param index="0">
              <value>
                <![CDATA[f,q,z>a,a>b,a>c]]>
              </value>
            </param>
            <param index="1">
              <value is-null="true"/>
            </param>
            <param index="2">
              <value>
                <![CDATA[fqzabc]]>
              </value>
            </param>
            <param index="3">
              <value>
                <![CDATA[fqbcaz]]>
              </value>
            </param>
          </params>
          <reporter-output>
          </reporter-output>
        </test-method> <!-- testSort -->
        <test-method status="PASS" signature="testSort(java.lang.String, java.lang.Boolean, java.lang.String, java.lang.String)[pri:0, instance:org.dellroad.stuff.graph.TopologicalSorterTest@2ec0f87e]" name="testSort" duration-ms="1" started-at="2013-11-03T11:48:59Z" data-provider="data" finished-at="2013-11-03T11:48:59Z">
          <params>
            <param index="0">
              <value>
                <![CDATA[z,y,x>a,a>b,a>c]]>
              </value>
            </param>
            <param index="1">
              <value is-null="true"/>
            </param>
            <param index="2">
              <value>
                <![CDATA[zyxabc]]>
              </value>
            </param>
            <param index="3">
              <value>
                <![CDATA[zybcax]]>
              </value>
            </param>
          </params>
          <reporter-output>
          </reporter-output>
        </test-method> <!-- testSort -->
        <test-method status="PASS" signature="testSort(java.lang.String, java.lang.Boolean, java.lang.String, java.lang.String)[pri:0, instance:org.dellroad.stuff.graph.TopologicalSorterTest@2ec0f87e]" name="testSort" duration-ms="1" started-at="2013-11-03T11:48:59Z" data-provider="data" finished-at="2013-11-03T11:48:59Z">
          <params>
            <param index="0">
              <value>
                <![CDATA[a,c>b]]>
              </value>
            </param>
            <param index="1">
              <value>
                <![CDATA[true]]>
              </value>
            </param>
            <param index="2">
              <value>
                <![CDATA[acb]]>
              </value>
            </param>
            <param index="3">
              <value>
                <![CDATA[abc]]>
              </value>
            </param>
          </params>
          <reporter-output>
          </reporter-output>
        </test-method> <!-- testSort -->
        <test-method status="PASS" signature="testSort(java.lang.String, java.lang.Boolean, java.lang.String, java.lang.String)[pri:0, instance:org.dellroad.stuff.graph.TopologicalSorterTest@2ec0f87e]" name="testSort" duration-ms="1" started-at="2013-11-03T11:48:59Z" data-provider="data" finished-at="2013-11-03T11:48:59Z">
          <params>
            <param index="0">
              <value>
                <![CDATA[e,d,c,b,a]]>
              </value>
            </param>
            <param index="1">
              <value>
                <![CDATA[true]]>
              </value>
            </param>
            <param index="2">
              <value>
                <![CDATA[abcde]]>
              </value>
            </param>
            <param index="3">
              <value>
                <![CDATA[abcde]]>
              </value>
            </param>
          </params>
          <reporter-output>
          </reporter-output>
        </test-method> <!-- testSort -->
        <test-method status="PASS" signature="testSort(java.lang.String, java.lang.Boolean, java.lang.String, java.lang.String)[pri:0, instance:org.dellroad.stuff.graph.TopologicalSorterTest@2ec0f87e]" name="testSort" duration-ms="0" started-at="2013-11-03T11:48:59Z" data-provider="data" finished-at="2013-11-03T11:48:59Z">
          <params>
            <param index="0">
              <value>
                <![CDATA[a,b,c,d,e]]>
              </value>
            </param>
            <param index="1">
              <value>
                <![CDATA[true]]>
              </value>
            </param>
            <param index="2">
              <value>
                <![CDATA[abcde]]>
              </value>
            </param>
            <param index="3">
              <value>
                <![CDATA[abcde]]>
              </value>
            </param>
          </params>
          <reporter-output>
          </reporter-output>
        </test-method> <!-- testSort -->
        <test-method status="PASS" signature="testSort(java.lang.String, java.lang.Boolean, java.lang.String, java.lang.String)[pri:0, instance:org.dellroad.stuff.graph.TopologicalSorterTest@2ec0f87e]" name="testSort" duration-ms="1" started-at="2013-11-03T11:48:59Z" data-provider="data" finished-at="2013-11-03T11:48:59Z">
          <params>
            <param index="0">
              <value>
                <![CDATA[a,b,c,d,e]]>
              </value>
            </param>
            <param index="1">
              <value>
                <![CDATA[false]]>
              </value>
            </param>
            <param index="2">
              <value>
                <![CDATA[edcba]]>
              </value>
            </param>
            <param index="3">
              <value>
                <![CDATA[edcba]]>
              </value>
            </param>
          </params>
          <reporter-output>
          </reporter-output>
        </test-method> <!-- testSort -->
        <test-method status="PASS" signature="testSort(java.lang.String, java.lang.Boolean, java.lang.String, java.lang.String)[pri:0, instance:org.dellroad.stuff.graph.TopologicalSorterTest@2ec0f87e]" name="testSort" duration-ms="1" started-at="2013-11-03T11:48:59Z" data-provider="data" finished-at="2013-11-03T11:48:59Z">
          <params>
            <param index="0">
              <value>
                <![CDATA[e,d,c,b,a]]>
              </value>
            </param>
            <param index="1">
              <value>
                <![CDATA[false]]>
              </value>
            </param>
            <param index="2">
              <value>
                <![CDATA[edcba]]>
              </value>
            </param>
            <param index="3">
              <value>
                <![CDATA[edcba]]>
              </value>
            </param>
          </params>
          <reporter-output>
          </reporter-output>
        </test-method> <!-- testSort -->
        <test-method status="PASS" signature="testSort(java.lang.String, java.lang.Boolean, java.lang.String, java.lang.String)[pri:0, instance:org.dellroad.stuff.graph.TopologicalSorterTest@2ec0f87e]" name="testSort" duration-ms="1" started-at="2013-11-03T11:48:59Z" data-provider="data" finished-at="2013-11-03T11:48:59Z">
          <params>
            <param index="0">
              <value>
                <![CDATA[a,b,c,d,e]]>
              </value>
            </param>
            <param index="1">
              <value is-null="true"/>
            </param>
            <param index="2">
              <value>
                <![CDATA[abcde]]>
              </value>
            </param>
            <param index="3">
              <value>
                <![CDATA[abcde]]>
              </value>
            </param>
          </params>
          <reporter-output>
          </reporter-output>
        </test-method> <!-- testSort -->
        <test-method status="PASS" signature="testSort(java.lang.String, java.lang.Boolean, java.lang.String, java.lang.String)[pri:0, instance:org.dellroad.stuff.graph.TopologicalSorterTest@2ec0f87e]" name="testSort" duration-ms="1" started-at="2013-11-03T11:48:59Z" data-provider="data" finished-at="2013-11-03T11:48:59Z">
          <params>
            <param index="0">
              <value>
                <![CDATA[e,d,c,b,a]]>
              </value>
            </param>
            <param index="1">
              <value is-null="true"/>
            </param>
            <param index="2">
              <value>
                <![CDATA[edcba]]>
              </value>
            </param>
            <param index="3">
              <value>
                <![CDATA[edcba]]>
              </value>
            </param>
          </params>
          <reporter-output>
          </reporter-output>
        </test-method> <!-- testSort -->
        <test-method status="PASS" signature="testSort(java.lang.String, java.lang.Boolean, java.lang.String, java.lang.String)[pri:0, instance:org.dellroad.stuff.graph.TopologicalSorterTest@2ec0f87e]" name="testSort" duration-ms="1" started-at="2013-11-03T11:48:59Z" data-provider="data" finished-at="2013-11-03T11:48:59Z">
          <params>
            <param index="0">
              <value>
                <![CDATA[a>a,b]]>
              </value>
            </param>
            <param index="1">
              <value is-null="true"/>
            </param>
            <param index="2">
              <value is-null="true"/>
            </param>
            <param index="3">
              <value is-null="true"/>
            </param>
          </params>
          <reporter-output>
          </reporter-output>
        </test-method> <!-- testSort -->
        <test-method status="PASS" signature="testSort(java.lang.String, java.lang.Boolean, java.lang.String, java.lang.String)[pri:0, instance:org.dellroad.stuff.graph.TopologicalSorterTest@2ec0f87e]" name="testSort" duration-ms="0" started-at="2013-11-03T11:48:59Z" data-provider="data" finished-at="2013-11-03T11:48:59Z">
          <params>
            <param index="0">
              <value>
                <![CDATA[a>b,b>c,c>a]]>
              </value>
            </param>
            <param index="1">
              <value is-null="true"/>
            </param>
            <param index="2">
              <value is-null="true"/>
            </param>
            <param index="3">
              <value is-null="true"/>
            </param>
          </params>
          <reporter-output>
          </reporter-output>
        </test-method> <!-- testSort -->
        <test-method status="PASS" signature="testSort(java.lang.String, java.lang.Boolean, java.lang.String, java.lang.String)[pri:0, instance:org.dellroad.stuff.graph.TopologicalSorterTest@2ec0f87e]" name="testSort" duration-ms="0" started-at="2013-11-03T11:48:59Z" data-provider="data" finished-at="2013-11-03T11:48:59Z">
          <params>
            <param index="0">
              <value>
                <![CDATA[a>a]]>
              </value>
            </param>
            <param index="1">
              <value is-null="true"/>
            </param>
            <param index="2">
              <value is-null="true"/>
            </param>
            <param index="3">
              <value is-null="true"/>
            </param>
          </params>
          <reporter-output>
          </reporter-output>
        </test-method> <!-- testSort -->
        <test-method status="PASS" signature="testSort(java.lang.String, java.lang.Boolean, java.lang.String, java.lang.String)[pri:0, instance:org.dellroad.stuff.graph.TopologicalSorterTest@2ec0f87e]" name="testSort" duration-ms="1" started-at="2013-11-03T11:48:59Z" data-provider="data" finished-at="2013-11-03T11:48:59Z">
          <params>
            <param index="0">
              <value>
                <![CDATA[a>d,a>e,a>f,b>d,b>e,b>f,c>d,c>e,c>f]]>
              </value>
            </param>
            <param index="1">
              <value>
                <![CDATA[true]]>
              </value>
            </param>
            <param index="2">
              <value>
                <![CDATA[abcdef]]>
              </value>
            </param>
            <param index="3">
              <value>
                <![CDATA[defabc]]>
              </value>
            </param>
          </params>
          <reporter-output>
          </reporter-output>
        </test-method> <!-- testSort -->
        <test-method status="PASS" signature="testSort(java.lang.String, java.lang.Boolean, java.lang.String, java.lang.String)[pri:0, instance:org.dellroad.stuff.graph.TopologicalSorterTest@2ec0f87e]" name="testSort" duration-ms="1" started-at="2013-11-03T11:48:59Z" data-provider="data" finished-at="2013-11-03T11:48:59Z">
          <params>
            <param index="0">
              <value>
                <![CDATA[a>d,a>e,a>f,b>d,b>e,b>f,c>d,c>e,c>f]]>
              </value>
            </param>
            <param index="1">
              <value>
                <![CDATA[false]]>
              </value>
            </param>
            <param index="2">
              <value>
                <![CDATA[cbafed]]>
              </value>
            </param>
            <param index="3">
              <value>
                <![CDATA[fedcba]]>
              </value>
            </param>
          </params>
          <reporter-output>
          </reporter-output>
        </test-method> <!-- testSort -->
        <test-method status="PASS" signature="testSort(java.lang.String, java.lang.Boolean, java.lang.String, java.lang.String)[pri:0, instance:org.dellroad.stuff.graph.TopologicalSorterTest@2ec0f87e]" name="testSort" duration-ms="1" started-at="2013-11-03T11:48:59Z" data-provider="data" finished-at="2013-11-03T11:48:59Z">
          <params>
            <param index="0">
              <value>
                <![CDATA[a>d,a>e,a>f,b>d,b>e,b>f,c>d,c>e,c>f]]>
              </value>
            </param>
            <param index="1">
              <value is-null="true"/>
            </param>
            <param index="2">
              <value>
                <![CDATA[abcdef]]>
              </value>
            </param>
            <param index="3">
              <value>
                <![CDATA[defabc]]>
              </value>
            </param>
          </params>
          <reporter-output>
          </reporter-output>
        </test-method> <!-- testSort -->
        <test-method status="PASS" signature="testSort(java.lang.String, java.lang.Boolean, java.lang.String, java.lang.String)[pri:0, instance:org.dellroad.stuff.graph.TopologicalSorterTest@2ec0f87e]" name="testSort" duration-ms="1" started-at="2013-11-03T11:48:59Z" data-provider="data" finished-at="2013-11-03T11:48:59Z">
          <params>
            <param index="0">
              <value>
                <![CDATA[a>b,b>c,c>d,d>e,e>f]]>
              </value>
            </param>
            <param index="1">
              <value>
                <![CDATA[true]]>
              </value>
            </param>
            <param index="2">
              <value>
                <![CDATA[abcdef]]>
              </value>
            </param>
            <param index="3">
              <value>
                <![CDATA[fedcba]]>
              </value>
            </param>
          </params>
          <reporter-output>
          </reporter-output>
        </test-method> <!-- testSort -->
        <test-method status="PASS" signature="testSort(java.lang.String, java.lang.Boolean, java.lang.String, java.lang.String)[pri:0, instance:org.dellroad.stuff.graph.TopologicalSorterTest@2ec0f87e]" name="testSort" duration-ms="1" started-at="2013-11-03T11:48:59Z" data-provider="data" finished-at="2013-11-03T11:48:59Z">
          <params>
            <param index="0">
              <value>
                <![CDATA[a>b,b>c,c>d,d>e,e>f]]>
              </value>
            </param>
            <param index="1">
              <value>
                <![CDATA[false]]>
              </value>
            </param>
            <param index="2">
              <value>
                <![CDATA[abcdef]]>
              </value>
            </param>
            <param index="3">
              <value>
                <![CDATA[fedcba]]>
              </value>
            </param>
          </params>
          <reporter-output>
          </reporter-output>
        </test-method> <!-- testSort -->
        <test-method status="PASS" signature="testSort(java.lang.String, java.lang.Boolean, java.lang.String, java.lang.String)[pri:0, instance:org.dellroad.stuff.graph.TopologicalSorterTest@2ec0f87e]" name="testSort" duration-ms="1" started-at="2013-11-03T11:48:59Z" data-provider="data" finished-at="2013-11-03T11:48:59Z">
          <params>
            <param index="0">
              <value>
                <![CDATA[a>b,b>c,c>d,d>e,e>f]]>
              </value>
            </param>
            <param index="1">
              <value is-null="true"/>
            </param>
            <param index="2">
              <value>
                <![CDATA[abcdef]]>
              </value>
            </param>
            <param index="3">
              <value>
                <![CDATA[fedcba]]>
              </value>
            </param>
          </params>
          <reporter-output>
          </reporter-output>
        </test-method> <!-- testSort -->
        <test-method status="PASS" signature="testSort(java.lang.String, java.lang.Boolean, java.lang.String, java.lang.String)[pri:0, instance:org.dellroad.stuff.graph.TopologicalSorterTest@2ec0f87e]" name="testSort" duration-ms="1" started-at="2013-11-03T11:48:59Z" data-provider="data" finished-at="2013-11-03T11:48:59Z">
          <params>
            <param index="0">
              <value>
                <![CDATA[a>e,e>c,c>f,f>b,b>d]]>
              </value>
            </param>
            <param index="1">
              <value>
                <![CDATA[true]]>
              </value>
            </param>
            <param index="2">
              <value>
                <![CDATA[aecfbd]]>
              </value>
            </param>
            <param index="3">
              <value>
                <![CDATA[dbfcea]]>
              </value>
            </param>
          </params>
          <reporter-output>
          </reporter-output>
        </test-method> <!-- testSort -->
        <test-method status="PASS" signature="testSort(java.lang.String, java.lang.Boolean, java.lang.String, java.lang.String)[pri:0, instance:org.dellroad.stuff.graph.TopologicalSorterTest@2ec0f87e]" name="testSort" duration-ms="1" started-at="2013-11-03T11:48:59Z" data-provider="data" finished-at="2013-11-03T11:48:59Z">
          <params>
            <param index="0">
              <value>
                <![CDATA[a>e,e>c,c>f,f>b,b>d]]>
              </value>
            </param>
            <param index="1">
              <value>
                <![CDATA[false]]>
              </value>
            </param>
            <param index="2">
              <value>
                <![CDATA[aecfbd]]>
              </value>
            </param>
            <param index="3">
              <value>
                <![CDATA[dbfcea]]>
              </value>
            </param>
          </params>
          <reporter-output>
          </reporter-output>
        </test-method> <!-- testSort -->
        <test-method status="PASS" signature="testSort(java.lang.String, java.lang.Boolean, java.lang.String, java.lang.String)[pri:0, instance:org.dellroad.stuff.graph.TopologicalSorterTest@2ec0f87e]" name="testSort" duration-ms="1" started-at="2013-11-03T11:48:59Z" data-provider="data" finished-at="2013-11-03T11:48:59Z">
          <params>
            <param index="0">
              <value>
                <![CDATA[a>e,e>c,c>f,f>b,b>d]]>
              </value>
            </param>
            <param index="1">
              <value is-null="true"/>
            </param>
            <param index="2">
              <value>
                <![CDATA[aecfbd]]>
              </value>
            </param>
            <param index="3">
              <value>
                <![CDATA[dbfcea]]>
              </value>
            </param>
          </params>
          <reporter-output>
          </reporter-output>
        </test-method> <!-- testSort -->
      </class> <!-- org.dellroad.stuff.graph.TopologicalSorterTest -->
      <class name="org.dellroad.stuff.string.SimpleObjectParserTest">
        <test-method status="PASS" signature="setUpValidator()[pri:0, instance:org.dellroad.stuff.string.SimpleObjectParserTest@5b094702]" name="setUpValidator" is-config="true" duration-ms="2" started-at="2013-11-03T11:48:59Z" finished-at="2013-11-03T11:48:59Z">
          <reporter-output>
          </reporter-output>
        </test-method> <!-- setUpValidator -->
        <test-method status="PASS" signature="seedRandom(java.lang.String)[pri:0, instance:org.dellroad.stuff.string.SimpleObjectParserTest@5b094702]" name="seedRandom" is-config="true" duration-ms="0" started-at="2013-11-03T11:48:59Z" finished-at="2013-11-03T11:48:59Z">
          <params>
            <param index="0">
              <value>
                <![CDATA[]]>
              </value>
            </param>
          </params>
          <reporter-output>
          </reporter-output>
        </test-method> <!-- seedRandom -->
        <test-method status="PASS" signature="testNamedGroupParse(java.lang.String, java.lang.String, org.dellroad.stuff.string.SimpleObjectParserTest$ParseObj, java.lang.Class)[pri:0, instance:org.dellroad.stuff.string.SimpleObjectParserTest@5b094702]" name="testNamedGroupParse" duration-ms="3" started-at="2013-11-03T11:48:59Z" data-provider="data2" finished-at="2013-11-03T11:48:59Z">
          <params>
            <param index="0">
              <value>
                <![CDATA[b=true i=132 s="hello"]]>
              </value>
            </param>
            <param index="1">
              <value>
                <![CDATA[b=({bval}true|false) i=({ival}[0-9]+) s="({sval}[^"]*)"]]>
              </value>
            </param>
            <param index="2">
              <value>
                <![CDATA[ParseObj[b=true,i=132,s=hello]]]>
              </value>
            </param>
            <param index="3">
              <value is-null="true"/>
            </param>
          </params>
          <reporter-output>
          </reporter-output>
        </test-method> <!-- testNamedGroupParse -->
        <test-method status="PASS" signature="testNamedGroupParse(java.lang.String, java.lang.String, org.dellroad.stuff.string.SimpleObjectParserTest$ParseObj, java.lang.Class)[pri:0, instance:org.dellroad.stuff.string.SimpleObjectParserTest@5b094702]" name="testNamedGroupParse" duration-ms="1" started-at="2013-11-03T11:48:59Z" data-provider="data2" finished-at="2013-11-03T11:48:59Z">
          <params>
            <param index="0">
              <value>
                <![CDATA[b=true (i=132) aaa s="hello" bbb]]>
              </value>
            </param>
            <param index="1">
              <value>
                <![CDATA[b=({bval}true|false) \(i=({ival}[0-9]+)\) (a+) s="({sval}[^"]*)" (b+)]]>
              </value>
            </param>
            <param index="2">
              <value>
                <![CDATA[ParseObj[b=true,i=132,s=hello]]]>
              </value>
            </param>
            <param index="3">
              <value is-null="true"/>
            </param>
          </params>
          <reporter-output>
          </reporter-output>
        </test-method> <!-- testNamedGroupParse -->
        <test-method status="PASS" signature="testNamedGroupParse(java.lang.String, java.lang.String, org.dellroad.stuff.string.SimpleObjectParserTest$ParseObj, java.lang.Class)[pri:0, instance:org.dellroad.stuff.string.SimpleObjectParserTest@5b094702]" name="testNamedGroupParse" duration-ms="1" started-at="2013-11-03T11:48:59Z" data-provider="data2" finished-at="2013-11-03T11:48:59Z">
          <params>
            <param index="0">
              <value>
                <![CDATA[b=true i=foo s="hello"]]>
              </value>
            </param>
            <param index="1">
              <value>
                <![CDATA[b=({bval}true|false) i=({ival}[0-9]+) s="({sval}[^"]*)"]]>
              </value>
            </param>
            <param index="2">
              <value is-null="true"/>
            </param>
            <param index="3">
              <value is-null="true"/>
            </param>
          </params>
          <reporter-output>
          </reporter-output>
        </test-method> <!-- testNamedGroupParse -->
        <test-method status="PASS" signature="testNamedGroupParse(java.lang.String, java.lang.String, org.dellroad.stuff.string.SimpleObjectParserTest$ParseObj, java.lang.Class)[pri:0, instance:org.dellroad.stuff.string.SimpleObjectParserTest@5b094702]" name="testNamedGroupParse" duration-ms="1" started-at="2013-11-03T11:48:59Z" data-provider="data2" finished-at="2013-11-03T11:48:59Z">
          <params>
            <param index="0">
              <value>
                <![CDATA[b=true]]>
              </value>
            </param>
            <param index="1">
              <value>
                <![CDATA[(?s)b=({bval}(true|false))]]>
              </value>
            </param>
            <param index="2">
              <value>
                <![CDATA[ParseObj[b=true,i=0,s=null]]]>
              </value>
            </param>
            <param index="3">
              <value is-null="true"/>
            </param>
          </params>
          <reporter-output>
          </reporter-output>
        </test-method> <!-- testNamedGroupParse -->
        <test-method status="PASS" signature="testNamedGroupParse(java.lang.String, java.lang.String, org.dellroad.stuff.string.SimpleObjectParserTest$ParseObj, java.lang.Class)[pri:0, instance:org.dellroad.stuff.string.SimpleObjectParserTest@5b094702]" name="testNamedGroupParse" duration-ms="1" started-at="2013-11-03T11:48:59Z" data-provider="data2" finished-at="2013-11-03T11:48:59Z">
          <params>
            <param index="0">
              <value>
                <![CDATA[]]>
              </value>
            </param>
            <param index="1">
              <value>
                <![CDATA[b=({bval]]>
              </value>
            </param>
            <param index="2">
              <value is-null="true"/>
            </param>
            <param index="3">
              <value>
                <![CDATA[class java.util.regex.PatternSyntaxException]]>
              </value>
            </param>
          </params>
          <reporter-output>
          </reporter-output>
        </test-method> <!-- testNamedGroupParse -->
        <test-method status="PASS" signature="testNamedGroupParse(java.lang.String, java.lang.String, org.dellroad.stuff.string.SimpleObjectParserTest$ParseObj, java.lang.Class)[pri:0, instance:org.dellroad.stuff.string.SimpleObjectParserTest@5b094702]" name="testNamedGroupParse" duration-ms="0" started-at="2013-11-03T11:48:59Z" data-provider="data2" finished-at="2013-11-03T11:48:59Z">
          <params>
            <param index="0">
              <value>
                <![CDATA[b=true]]>
              </value>
            </param>
            <param index="1">
              <value>
                <![CDATA[(?s)b=(({bval}(true|false)))]]>
              </value>
            </param>
            <param index="2">
              <value>
                <![CDATA[ParseObj[b=true,i=0,s=null]]]>
              </value>
            </param>
            <param index="3">
              <value is-null="true"/>
            </param>
          </params>
          <reporter-output>
          </reporter-output>
        </test-method> <!-- testNamedGroupParse -->
        <test-method status="PASS" signature="testNamedGroupParse(java.lang.String, java.lang.String, org.dellroad.stuff.string.SimpleObjectParserTest$ParseObj, java.lang.Class)[pri:0, instance:org.dellroad.stuff.string.SimpleObjectParserTest@5b094702]" name="testNamedGroupParse" duration-ms="1" started-at="2013-11-03T11:48:59Z" data-provider="data2" finished-at="2013-11-03T11:48:59Z">
          <params>
            <param index="0">
              <value>
                <![CDATA[b=true ( i=132 s="hello"]]>
              </value>
            </param>
            <param index="1">
              <value>
                <![CDATA[b=({bval}true|false) [()] i=({ival}[0-9]+) s="({sval}[^"]*)"]]>
              </value>
            </param>
            <param index="2">
              <value is-null="true"/>
            </param>
            <param index="3">
              <value>
                <![CDATA[class java.util.regex.PatternSyntaxException]]>
              </value>
            </param>
          </params>
          <reporter-output>
          </reporter-output>
        </test-method> <!-- testNamedGroupParse -->
        <test-method status="PASS" signature="testNamedGroupParse(java.lang.String, java.lang.String, org.dellroad.stuff.string.SimpleObjectParserTest$ParseObj, java.lang.Class)[pri:0, instance:org.dellroad.stuff.string.SimpleObjectParserTest@5b094702]" name="testNamedGroupParse" duration-ms="0" started-at="2013-11-03T11:48:59Z" data-provider="data2" finished-at="2013-11-03T11:48:59Z">
          <params>
            <param index="0">
              <value>
                <![CDATA[b=true i=132 s="hello"]]>
              </value>
            </param>
            <param index="1">
              <value>
                <![CDATA[b=({bval}true|false) i=({ival}[0-9]+) s="({foobar}[^"]*)"]]>
              </value>
            </param>
            <param index="2">
              <value is-null="true"/>
            </param>
            <param index="3">
              <value>
                <![CDATA[class java.lang.IllegalArgumentException]]>
              </value>
            </param>
          </params>
          <reporter-output>
          </reporter-output>
        </test-method> <!-- testNamedGroupParse -->
        <test-method status="PASS" signature="testParse(java.lang.String, java.lang.String, java.util.HashMap, org.dellroad.stuff.string.SimpleObjectParserTest$ParseObj, java.lang.Class)[pri:0, instance:org.dellroad.stuff.string.SimpleObjectParserTest@5b094702]" name="testParse" duration-ms="1" started-at="2013-11-03T11:48:59Z" data-provider="data1" finished-at="2013-11-03T11:48:59Z">
          <params>
            <param index="0">
              <value>
                <![CDATA[b=true i=132 s="hello"]]>
              </value>
            </param>
            <param index="1">
              <value>
                <![CDATA[b=(true|false) i=([0-9]+) s="([^"]*)"]]>
              </value>
            </param>
            <param index="2">
              <value>
                <![CDATA[{1=bval, 2=ival, 3=sval}]]>
              </value>
            </param>
            <param index="3">
              <value>
                <![CDATA[ParseObj[b=true,i=132,s=hello]]]>
              </value>
            </param>
            <param index="4">
              <value is-null="true"/>
            </param>
          </params>
          <reporter-output>
          </reporter-output>
        </test-method> <!-- testParse -->
        <test-method status="PASS" signature="testParse(java.lang.String, java.lang.String, java.util.HashMap, org.dellroad.stuff.string.SimpleObjectParserTest$ParseObj, java.lang.Class)[pri:0, instance:org.dellroad.stuff.string.SimpleObjectParserTest@5b094702]" name="testParse" duration-ms="1" started-at="2013-11-03T11:48:59Z" data-provider="data1" finished-at="2013-11-03T11:48:59Z">
          <params>
            <param index="0">
              <value>
                <![CDATA[b=true i=132 s="hello"]]>
              </value>
            </param>
            <param index="1">
              <value>
                <![CDATA[b=(true|false) i=([0-9]+) s="([^"]*)"]]>
              </value>
            </param>
            <param index="2">
              <value>
                <![CDATA[{1=bval, 2=ival, 3=foobar}]]>
              </value>
            </param>
            <param index="3">
              <value is-null="true"/>
            </param>
            <param index="4">
              <value>
                <![CDATA[class java.lang.IllegalArgumentException]]>
              </value>
            </param>
          </params>
          <reporter-output>
          </reporter-output>
        </test-method> <!-- testParse -->
        <test-method status="PASS" signature="testParse(java.lang.String, java.lang.String, java.util.HashMap, org.dellroad.stuff.string.SimpleObjectParserTest$ParseObj, java.lang.Class)[pri:0, instance:org.dellroad.stuff.string.SimpleObjectParserTest@5b094702]" name="testParse" duration-ms="0" started-at="2013-11-03T11:48:59Z" data-provider="data1" finished-at="2013-11-03T11:48:59Z">
          <params>
            <param index="0">
              <value>
                <![CDATA[b=true i=foo s="hello"]]>
              </value>
            </param>
            <param index="1">
              <value>
                <![CDATA[b=(true|false) i=([0-9]+) s="([^"]*)"]]>
              </value>
            </param>
            <param index="2">
              <value>
                <![CDATA[{1=bval, 2=ival, 3=sval}]]>
              </value>
            </param>
            <param index="3">
              <value is-null="true"/>
            </param>
            <param index="4">
              <value is-null="true"/>
            </param>
          </params>
          <reporter-output>
          </reporter-output>
        </test-method> <!-- testParse -->
        <test-method status="PASS" signature="testParse(java.lang.String, java.lang.String, java.util.HashMap, org.dellroad.stuff.string.SimpleObjectParserTest$ParseObj, java.lang.Class)[pri:0, instance:org.dellroad.stuff.string.SimpleObjectParserTest@5b094702]" name="testParse" duration-ms="0" started-at="2013-11-03T11:48:59Z" data-provider="data1" finished-at="2013-11-03T11:48:59Z">
          <params>
            <param index="0">
              <value>
                <![CDATA[b=true i=132 s="hello"]]>
              </value>
            </param>
            <param index="1">
              <value>
                <![CDATA[b=(true|false) i=([0-9]+) s="[^"]*"]]>
              </value>
            </param>
            <param index="2">
              <value>
                <![CDATA[{1=bval, 2=ival, 3=sval}]]>
              </value>
            </param>
            <param index="3">
              <value is-null="true"/>
            </param>
            <param index="4">
              <value>
                <![CDATA[class java.lang.IllegalArgumentException]]>
              </value>
            </param>
          </params>
          <reporter-output>
          </reporter-output>
        </test-method> <!-- testParse -->
      </class> <!-- org.dellroad.stuff.string.SimpleObjectParserTest -->
      <class name="org.dellroad.stuff.io.AsyncInputStreamTest">
        <test-method status="PASS" signature="seedRandom(java.lang.String)[pri:0, instance:org.dellroad.stuff.io.AsyncInputStreamTest@688968f8]" name="seedRandom" is-config="true" duration-ms="0" started-at="2013-11-03T11:49:00Z" finished-at="2013-11-03T11:49:00Z">
          <params>
            <param index="0">
              <value>
                <![CDATA[]]>
              </value>
            </param>
          </params>
          <reporter-output>
          </reporter-output>
        </test-method> <!-- seedRandom -->
        <test-method status="PASS" signature="setUpValidator()[pri:0, instance:org.dellroad.stuff.io.AsyncInputStreamTest@688968f8]" name="setUpValidator" is-config="true" duration-ms="2" started-at="2013-11-03T11:49:00Z" finished-at="2013-11-03T11:49:00Z">
          <reporter-output>
          </reporter-output>
        </test-method> <!-- setUpValidator -->
        <test-method status="PASS" signature="testAsyncInputStream()[pri:0, instance:org.dellroad.stuff.io.AsyncInputStreamTest@688968f8]" name="testAsyncInputStream" duration-ms="3" started-at="2013-11-03T11:49:00Z" finished-at="2013-11-03T11:49:00Z">
          <reporter-output>
          </reporter-output>
        </test-method> <!-- testAsyncInputStream -->
      </class> <!-- org.dellroad.stuff.io.AsyncInputStreamTest -->
      <class name="org.dellroad.stuff.pobj.UpdatesXMLEventTest">
        <test-method status="PASS" signature="setUpValidator()[pri:0, instance:org.dellroad.stuff.pobj.UpdatesXMLEventTest@5baf41f4]" name="setUpValidator" is-config="true" duration-ms="2" started-at="2013-11-03T11:49:00Z" finished-at="2013-11-03T11:49:00Z">
          <reporter-output>
          </reporter-output>
        </test-method> <!-- setUpValidator -->
        <test-method status="PASS" signature="seedRandom(java.lang.String)[pri:0, instance:org.dellroad.stuff.pobj.UpdatesXMLEventTest@5baf41f4]" name="seedRandom" is-config="true" duration-ms="0" started-at="2013-11-03T11:49:00Z" finished-at="2013-11-03T11:49:00Z">
          <params>
            <param index="0">
              <value>
                <![CDATA[]]>
              </value>
            </param>
          </params>
          <reporter-output>
          </reporter-output>
        </test-method> <!-- seedRandom -->
        <test-method status="PASS" signature="test(java.lang.String)[pri:0, instance:org.dellroad.stuff.pobj.UpdatesXMLEventTest@5baf41f4]" name="test" duration-ms="12" started-at="2013-11-03T11:49:00Z" data-provider="files" finished-at="2013-11-03T11:49:00Z">
          <params>
            <param index="0">
              <value>
                <![CDATA[file1.xml]]>
              </value>
            </param>
          </params>
          <reporter-output>
          </reporter-output>
        </test-method> <!-- test -->
        <test-method status="PASS" signature="test(java.lang.String)[pri:0, instance:org.dellroad.stuff.pobj.UpdatesXMLEventTest@5baf41f4]" name="test" duration-ms="4" started-at="2013-11-03T11:49:00Z" data-provider="files" finished-at="2013-11-03T11:49:00Z">
          <params>
            <param index="0">
              <value>
                <![CDATA[file2.xml]]>
              </value>
            </param>
          </params>
          <reporter-output>
          </reporter-output>
        </test-method> <!-- test -->
        <test-method status="PASS" signature="test(java.lang.String)[pri:0, instance:org.dellroad.stuff.pobj.UpdatesXMLEventTest@5baf41f4]" name="test" duration-ms="4" started-at="2013-11-03T11:49:00Z" data-provider="files" finished-at="2013-11-03T11:49:00Z">
          <params>
            <param index="0">
              <value>
                <![CDATA[file3.xml]]>
              </value>
            </param>
          </params>
          <reporter-output>
          </reporter-output>
        </test-method> <!-- test -->
      </class> <!-- org.dellroad.stuff.pobj.UpdatesXMLEventTest -->
      <class name="org.dellroad.stuff.jibx.ParseUtilTest">
        <test-method status="PASS" signature="setUpValidator()[pri:0, instance:org.dellroad.stuff.jibx.ParseUtilTest@23edbbb9]" name="setUpValidator" is-config="true" duration-ms="2" started-at="2013-11-03T11:48:59Z" finished-at="2013-11-03T11:48:59Z">
          <reporter-output>
          </reporter-output>
        </test-method> <!-- setUpValidator -->
        <test-method status="PASS" signature="seedRandom(java.lang.String)[pri:0, instance:org.dellroad.stuff.jibx.ParseUtilTest@23edbbb9]" name="seedRandom" is-config="true" duration-ms="0" started-at="2013-11-03T11:48:59Z" finished-at="2013-11-03T11:48:59Z">
          <params>
            <param index="0">
              <value>
                <![CDATA[]]>
              </value>
            </param>
          </params>
          <reporter-output>
          </reporter-output>
        </test-method> <!-- seedRandom -->
        <test-method status="PASS" signature="testParse(java.lang.String, long)[pri:0, instance:org.dellroad.stuff.jibx.ParseUtilTest@23edbbb9]" name="testParse" duration-ms="0" started-at="2013-11-03T11:48:59Z" data-provider="timeIntervals" finished-at="2013-11-03T11:48:59Z">
          <params>
            <param index="0">
              <value>
                <![CDATA[2h]]>
              </value>
            </param>
            <param index="1">
              <value>
                <![CDATA[7200000]]>
              </value>
            </param>
          </params>
          <reporter-output>
          </reporter-output>
        </test-method> <!-- testParse -->
[...]
          </params>
          <reporter-output>
          </reporter-output>
        </test-method> <!-- testStringEncode -->
        <test-method status="PASS" signature="testStringEncode(boolean, java.lang.String, java.lang.String)[pri:0, instance:org.dellroad.stuff.string.StringEncoderTest@6ef14cde]" name="testStringEncode" duration-ms="0" started-at="2013-11-03T11:48:59Z" data-provider="encode" finished-at="2013-11-03T11:48:59Z">
          <params>
            <param index="0">
              <value>
                <![CDATA[true]]>
              </value>
            </param>
            <param index="1">
              <value>
                <![CDATA[ 	\ ]]>
              </value>
            </param>
            <param index="2">
              <value>
                <![CDATA[ \b\t\\ ]]>
              </value>
            </param>
          </params>
          <reporter-output>
          </reporter-output>
        </test-method> <!-- testStringEncode -->
        <test-method status="PASS" signature="testStringEncode(boolean, java.lang.String, java.lang.String)[pri:0, instance:org.dellroad.stuff.string.StringEncoderTest@6ef14cde]" name="testStringEncode" duration-ms="1" started-at="2013-11-03T11:48:59Z" data-provider="encode" finished-at="2013-11-03T11:48:59Z">
          <params>
            <param index="0">
              <value>
                <![CDATA[false]]>
              </value>
            </param>
            <param index="1">
              <value>
                <![CDATA[\foo\]]>
              </value>
            </param>
            <param index="2">
              <value>
                <![CDATA[\\foo\\]]>
              </value>
            </param>
          </params>
          <reporter-output>
          </reporter-output>
        </test-method> <!-- testStringEncode -->
        <test-method status="PASS" signature="testStringEncode(boolean, java.lang.String, java.lang.String)[pri:0, instance:org.dellroad.stuff.string.StringEncoderTest@6ef14cde]" name="testStringEncode" duration-ms="0" started-at="2013-11-03T11:48:59Z" data-provider="encode" finished-at="2013-11-03T11:48:59Z">
          <params>
            <param index="0">
              <value>
                <![CDATA[false]]>
              </value>
            </param>
            <param index="1">
              <value>
                <![CDATA[\]]>
              </value>
            </param>
            <param index="2">
              <value>
                <![CDATA[\\]]>
              </value>
            </param>
          </params>
          <reporter-output>
          </reporter-output>
        </test-method> <!-- testStringEncode -->
        <test-method status="PASS" signature="testStringEncode(boolean, java.lang.String, java.lang.String)[pri:0, instance:org.dellroad.stuff.string.StringEncoderTest@6ef14cde]" name="testStringEncode" duration-ms="0" started-at="2013-11-03T11:48:59Z" data-provider="encode" finished-at="2013-11-03T11:48:59Z">
          <params>
            <param index="0">
              <value>
                <![CDATA[false]]>
              </value>
            </param>
            <param index="1">
              <value>
                <![CDATA[foo\bar]]>
              </value>
            </param>
            <param index="2">
              <value>
                <![CDATA[foo\\bar]]>
              </value>
            </param>
          </params>
          <reporter-output>
          </reporter-output>
        </test-method> <!-- testStringEncode -->
        <test-method status="PASS" signature="testStringEncode(boolean, java.lang.String, java.lang.String)[pri:0, instance:org.dellroad.stuff.string.StringEncoderTest@6ef14cde]" name="testStringEncode" duration-ms="1" started-at="2013-11-03T11:48:59Z" data-provider="encode" finished-at="2013-11-03T11:48:59Z">
          <params>
            <param index="0">
              <value>
                <![CDATA[false]]>
              </value>
            </param>
            <param index="1">
              <value>
                <![CDATA[	

 !ሴ�򿏿�]]>
              </value>
            </param>
            <param index="2">
              <value>
                <![CDATA[\b	
\u000b\f
\u000e\u001f !ሴ�\ud800\udabc\udfff�\ufffe]]>
              </value>
            </param>
          </params>
          <reporter-output>
          </reporter-output>
        </test-method> <!-- testStringEncode -->
        <test-method status="PASS" signature="testStringEncode(boolean, java.lang.String, java.lang.String)[pri:0, instance:org.dellroad.stuff.string.StringEncoderTest@6ef14cde]" name="testStringEncode" duration-ms="0" started-at="2013-11-03T11:48:59Z" data-provider="encode" finished-at="2013-11-03T11:48:59Z">
          <params>
            <param index="0">
              <value>
                <![CDATA[false]]>
              </value>
            </param>
            <param index="1">
              <value is-null="true"/>
            </param>
            <param index="2">
              <value>
                <![CDATA[foobar \]]>
              </value>
            </param>
          </params>
          <reporter-output>
          </reporter-output>
        </test-method> <!-- testStringEncode -->
        <test-method status="PASS" signature="testStringEncode(boolean, java.lang.String, java.lang.String)[pri:0, instance:org.dellroad.stuff.string.StringEncoderTest@6ef14cde]" name="testStringEncode" duration-ms="1" started-at="2013-11-03T11:48:59Z" data-provider="encode" finished-at="2013-11-03T11:48:59Z">
          <params>
            <param index="0">
              <value>
                <![CDATA[false]]>
              </value>
            </param>
            <param index="1">
              <value is-null="true"/>
            </param>
            <param index="2">
              <value>
                <![CDATA[foobar \\\]]>
              </value>
            </param>
          </params>
          <reporter-output>
          </reporter-output>
        </test-method> <!-- testStringEncode -->
        <test-method status="PASS" signature="testStringEncode(boolean, java.lang.String, java.lang.String)[pri:0, instance:org.dellroad.stuff.string.StringEncoderTest@6ef14cde]" name="testStringEncode" duration-ms="0" started-at="2013-11-03T11:48:59Z" data-provider="encode" finished-at="2013-11-03T11:48:59Z">
          <params>
            <param index="0">
              <value>
                <![CDATA[false]]>
              </value>
            </param>
            <param index="1">
              <value is-null="true"/>
            </param>
            <param index="2">
              <value>
                <![CDATA[foobar \u]]>
              </value>
            </param>
          </params>
          <reporter-output>
          </reporter-output>
        </test-method> <!-- testStringEncode -->
        <test-method status="PASS" signature="testStringEncode(boolean, java.lang.String, java.lang.String)[pri:0, instance:org.dellroad.stuff.string.StringEncoderTest@6ef14cde]" name="testStringEncode" duration-ms="0" started-at="2013-11-03T11:48:59Z" data-provider="encode" finished-at="2013-11-03T11:48:59Z">
          <params>
            <param index="0">
              <value>
                <![CDATA[false]]>
              </value>
            </param>
            <param index="1">
              <value is-null="true"/>
            </param>
            <param index="2">
              <value>
                <![CDATA[foobar \1234]]>
              </value>
            </param>
          </params>
          <reporter-output>
          </reporter-output>
        </test-method> <!-- testStringEncode -->
        <test-method status="PASS" signature="testStringEncode(boolean, java.lang.String, java.lang.String)[pri:0, instance:org.dellroad.stuff.string.StringEncoderTest@6ef14cde]" name="testStringEncode" duration-ms="0" started-at="2013-11-03T11:48:59Z" data-provider="encode" finished-at="2013-11-03T11:48:59Z">
          <params>
            <param index="0">
              <value>
                <![CDATA[false]]>
              </value>
            </param>
            <param index="1">
              <value is-null="true"/>
            </param>
            <param index="2">
              <value>
                <![CDATA[foobar \ ]]>
              </value>
            </param>
          </params>
          <reporter-output>
          </reporter-output>
        </test-method> <!-- testStringEncode -->
        <test-method status="PASS" signature="testStringEncode(boolean, java.lang.String, java.lang.String)[pri:0, instance:org.dellroad.stuff.string.StringEncoderTest@6ef14cde]" name="testStringEncode" duration-ms="0" started-at="2013-11-03T11:48:59Z" data-provider="encode" finished-at="2013-11-03T11:48:59Z">
          <params>
            <param index="0">
              <value>
                <![CDATA[false]]>
              </value>
            </param>
            <param index="1">
              <value is-null="true"/>
            </param>
            <param index="2">
              <value>
                <![CDATA[foobar \u12]]>
              </value>
            </param>
          </params>
          <reporter-output>
          </reporter-output>
        </test-method> <!-- testStringEncode -->
        <test-method status="PASS" signature="testStringEncode(boolean, java.lang.String, java.lang.String)[pri:0, instance:org.dellroad.stuff.string.StringEncoderTest@6ef14cde]" name="testStringEncode" duration-ms="0" started-at="2013-11-03T11:48:59Z" data-provider="encode" finished-at="2013-11-03T11:48:59Z">
          <params>
            <param index="0">
              <value>
                <![CDATA[false]]>
              </value>
            </param>
            <param index="1">
              <value is-null="true"/>
            </param>
            <param index="2">
              <value>
                <![CDATA[foobar \u1]]>
              </value>
            </param>
          </params>
          <reporter-output>
          </reporter-output>
        </test-method> <!-- testStringEncode -->
        <test-method status="PASS" signature="testStringEncode(boolean, java.lang.String, java.lang.String)[pri:0, instance:org.dellroad.stuff.string.StringEncoderTest@6ef14cde]" name="testStringEncode" duration-ms="0" started-at="2013-11-03T11:48:59Z" data-provider="encode" finished-at="2013-11-03T11:48:59Z">
          <params>
            <param index="0">
              <value>
                <![CDATA[false]]>
              </value>
            </param>
            <param index="1">
              <value is-null="true"/>
            </param>
            <param index="2">
              <value>
                <![CDATA[foobar \uz000]]>
              </value>
            </param>
          </params>
          <reporter-output>
          </reporter-output>
        </test-method> <!-- testStringEncode -->
        <test-method status="PASS" signature="testStringEncode(boolean, java.lang.String, java.lang.String)[pri:0, instance:org.dellroad.stuff.string.StringEncoderTest@6ef14cde]" name="testStringEncode" duration-ms="0" started-at="2013-11-03T11:48:59Z" data-provider="encode" finished-at="2013-11-03T11:48:59Z">
          <params>
            <param index="0">
              <value>
                <![CDATA[false]]>
              </value>
            </param>
            <param index="1">
              <value is-null="true"/>
            </param>
            <param index="2">
              <value>
                <![CDATA[foobar \u123]]>
              </value>
            </param>
          </params>
          <reporter-output>
          </reporter-output>
        </test-method> <!-- testStringEncode -->
        <test-method status="PASS" signature="testStringEncode(boolean, java.lang.String, java.lang.String)[pri:0, instance:org.dellroad.stuff.string.StringEncoderTest@6ef14cde]" name="testStringEncode" duration-ms="0" started-at="2013-11-03T11:48:59Z" data-provider="encode" finished-at="2013-11-03T11:48:59Z">
          <params>
            <param index="0">
              <value>
                <![CDATA[false]]>
              </value>
            </param>
            <param index="1">
              <value is-null="true"/>
            </param>
            <param index="2">
              <value>
                <![CDATA[foobar \u123g]]>
              </value>
            </param>
          </params>
          <reporter-output>
          </reporter-output>
        </test-method> <!-- testStringEncode -->
        <test-method status="PASS" signature="testStringEnquote(java.lang.String, java.lang.String)[pri:0, instance:org.dellroad.stuff.string.StringEncoderTest@6ef14cde]" name="testStringEnquote" duration-ms="1" started-at="2013-11-03T11:48:59Z" data-provider="quote" finished-at="2013-11-03T11:48:59Z">
          <params>
            <param index="0">
              <value>
                <![CDATA[fred]]>
              </value>
            </param>
            <param index="1">
              <value>
                <![CDATA["fred"]]>
              </value>
            </param>
          </params>
          <reporter-output>
          </reporter-output>
        </test-method> <!-- testStringEnquote -->
        <test-method status="PASS" signature="testStringEnquote(java.lang.String, java.lang.String)[pri:0, instance:org.dellroad.stuff.string.StringEncoderTest@6ef14cde]" name="testStringEnquote" duration-ms="0" started-at="2013-11-03T11:48:59Z" data-provider="quote" finished-at="2013-11-03T11:48:59Z">
          <params>
            <param index="0">
              <value>
                <![CDATA[field1	field2]]>
              </value>
            </param>
            <param index="1">
              <value>
                <![CDATA["field1\tfield2"]]>
              </value>
            </param>
          </params>
          <reporter-output>
          </reporter-output>
        </test-method> <!-- testStringEnquote -->
        <test-method status="PASS" signature="testStringEnquote(java.lang.String, java.lang.String)[pri:0, instance:org.dellroad.stuff.string.StringEncoderTest@6ef14cde]" name="testStringEnquote" duration-ms="1" started-at="2013-11-03T11:48:59Z" data-provider="quote" finished-at="2013-11-03T11:48:59Z">
          <params>
            <param index="0">
              <value>
                <![CDATA[a "quote"]]>
              </value>
            </param>
            <param index="1">
              <value>
                <![CDATA["a \"quote\""]]>
              </value>
            </param>
          </params>
          <reporter-output>
          </reporter-output>
        </test-method> <!-- testStringEnquote -->
        <test-method status="PASS" signature="testStringEnquote(java.lang.String, java.lang.String)[pri:0, instance:org.dellroad.stuff.string.StringEncoderTest@6ef14cde]" name="testStringEnquote" duration-ms="1" started-at="2013-11-03T11:48:59Z" data-provider="quote" finished-at="2013-11-03T11:48:59Z">
          <params>
            <param index="0">
              <value is-null="true"/>
            </param>
            <param index="1">
              <value>
                <![CDATA[fred]]>
              </value>
            </param>
          </params>
          <reporter-output>
          </reporter-output>
        </test-method> <!-- testStringEnquote -->
        <test-method status="PASS" signature="testStringEnquote(java.lang.String, java.lang.String)[pri:0, instance:org.dellroad.stuff.string.StringEncoderTest@6ef14cde]" name="testStringEnquote" duration-ms="0" started-at="2013-11-03T11:48:59Z" data-provider="quote" finished-at="2013-11-03T11:48:59Z">
          <params>
            <param index="0">
              <value>
                <![CDATA["No" Lard]]>
              </value>
            </param>
            <param index="1">
              <value>
                <![CDATA["\"No\" Lard"]]>
              </value>
            </param>
          </params>
          <reporter-output>
          </reporter-output>
        </test-method> <!-- testStringEnquote -->
        <test-method status="PASS" signature="testStringEnquote(java.lang.String, java.lang.String)[pri:0, instance:org.dellroad.stuff.string.StringEncoderTest@6ef14cde]" name="testStringEnquote" duration-ms="0" started-at="2013-11-03T11:48:59Z" data-provider="quote" finished-at="2013-11-03T11:48:59Z">
          <params>
            <param index="0">
              <value is-null="true"/>
            </param>
            <param index="1">
              <value>
                <![CDATA[\"missing quote]]>
              </value>
            </param>
          </params>
          <reporter-output>
          </reporter-output>
        </test-method> <!-- testStringEnquote -->
        <test-method status="PASS" signature="testStringEnquote(java.lang.String, java.lang.String)[pri:0, instance:org.dellroad.stuff.string.StringEncoderTest@6ef14cde]" name="testStringEnquote" duration-ms="0" started-at="2013-11-03T11:48:59Z" data-provider="quote" finished-at="2013-11-03T11:48:59Z">
          <params>
            <param index="0">
              <value is-null="true"/>
            </param>
            <param index="1">
              <value>
                <![CDATA[missing quote\"]]>
              </value>
            </param>
          </params>
          <reporter-output>
          </reporter-output>
        </test-method> <!-- testStringEnquote -->
        <test-method status="PASS" signature="testStringEnquote(java.lang.String, java.lang.String)[pri:0, instance:org.dellroad.stuff.string.StringEncoderTest@6ef14cde]" name="testStringEnquote" duration-ms="0" started-at="2013-11-03T11:48:59Z" data-provider="quote" finished-at="2013-11-03T11:48:59Z">
          <params>
            <param index="0">
              <value is-null="true"/>
            </param>
            <param index="1">
              <value>
                <![CDATA[\"impossible "embeded but not escaped" quotes\"]]>
              </value>
            </param>
          </params>
          <reporter-output>
          </reporter-output>
        </test-method> <!-- testStringEnquote -->
      </class> <!-- org.dellroad.stuff.string.StringEncoderTest -->
      <class name="org.dellroad.stuff.jibx.IdMapperTest">
        <test-method status="PASS" signature="seedRandom(java.lang.String)[pri:0, instance:org.dellroad.stuff.jibx.IdMapperTest@3e1502ff]" name="seedRandom" is-config="true" duration-ms="0" started-at="2013-11-03T11:48:59Z" finished-at="2013-11-03T11:48:59Z">
          <params>
            <param index="0">
              <value>
                <![CDATA[]]>
              </value>
            </param>
          </params>
          <reporter-output>
          </reporter-output>
        </test-method> <!-- seedRandom -->
        <test-method status="PASS" signature="setUpValidator()[pri:0, instance:org.dellroad.stuff.jibx.IdMapperTest@3e1502ff]" name="setUpValidator" is-config="true" duration-ms="1" started-at="2013-11-03T11:48:59Z" finished-at="2013-11-03T11:48:59Z">
          <reporter-output>
          </reporter-output>
        </test-method> <!-- setUpValidator -->
        <test-method status="PASS" signature="testIdMapper1()[pri:0, instance:org.dellroad.stuff.jibx.IdMapperTest@3e1502ff]" name="testIdMapper1" duration-ms="27" started-at="2013-11-03T11:48:59Z" finished-at="2013-11-03T11:48:59Z">
          <reporter-output>
          </reporter-output>
        </test-method> <!-- testIdMapper1 -->
        <test-method status="PASS" signature="testIdMapper2()[pri:0, instance:org.dellroad.stuff.jibx.IdMapperTest@3e1502ff]" name="testIdMapper2" duration-ms="1" started-at="2013-11-03T11:48:59Z" finished-at="2013-11-03T11:48:59Z">
          <reporter-output>
          </reporter-output>
        </test-method> <!-- testIdMapper2 -->
      </class> <!-- org.dellroad.stuff.jibx.IdMapperTest -->
    </test> <!-- Unit Tests -->
  </suite> <!-- Unit Test Suite -->
</testng-results>
